<?xml version="1.0" encoding="utf-8"?>
<test-run id="2" testcasecount="3" result="Passed" total="3" passed="3" failed="0" inconclusive="0" skipped="0" asserts="0" engine-version="3.5.0.0" clr-version="4.0.30319.42000" start-time="2026-07-17 05:55:43Z" end-time="2026-07-17 05:55:45Z" duration="1,8610661">
  <test-suite type="TestSuite" id="1065" name="KitchenDesigner2" fullname="KitchenDesigner2" runstate="Runnable" testcasecount="52" result="Passed" start-time="2026-07-17 05:55:43Z" end-time="2026-07-17 05:55:45Z" duration="1.861066" total="3" passed="3" failed="0" inconclusive="0" skipped="0" asserts="0">
    <properties>
      <property name="platform" value="PlayMode" />
    </properties>
    <test-suite type="Assembly" id="1062" name="KitchenDesigner.Tests.PlayMode.dll" fullname="F:/repos/KitchenDesigner2/kd-repose/Library/ScriptAssemblies/KitchenDesigner.Tests.PlayMode.dll" runstate="Runnable" testcasecount="52" result="Passed" start-time="2026-07-17 05:55:43Z" end-time="2026-07-17 05:55:45Z" duration="1.849601" total="3" passed="3" failed="0" inconclusive="0" skipped="0" asserts="0">
      <properties>
        <property name="_PID" value="6308" />
        <property name="_APPDOMAIN" value="Unity Child Domain" />
        <property name="platform" value="PlayMode" />
        <property name="EditorOnly" value="False" />
      </properties>
      <test-suite type="TestFixture" id="1023" name="IsoScreenshotTests" fullname="IsoScreenshotTests" classname="IsoScreenshotTests" runstate="Runnable" testcasecount="13" result="Passed" start-time="2026-07-17 05:55:43Z" end-time="2026-07-17 05:55:45Z" duration="1.846858" total="3" passed="3" failed="0" inconclusive="0" skipped="0" asserts="0">
        <properties />
        <test-case id="1031" name="IsoWindow_Default" fullname="IsoScreenshotTests.IsoWindow_Default" methodname="IsoWindow_Default" classname="IsoScreenshotTests" runstate="Runnable" seed="1920513305" result="Passed" start-time="2026-07-17 05:55:43Z" end-time="2026-07-17 05:55:44Z" duration="1.204166" asserts="0">
          <properties>
            <property name="_JOINTYPE" value="UnityCombinatorial" />
            <property name="retryIteration" value="0" />
            <property name="repeatIteration" value="0" />
          </properties>
          <output><![CDATA[[Textures] Загружено внешних декоров: 0 (из F:\repos\KitchenDesigner2\kd-repose\Resources\Textures)
Serialization depth limit 10 exceeded at 'KitchenDesigner.Core::CommandRecord.posBefore'. There may be an object composition cycle in one or more of your serialized classes. Consider rearranging data or use `[SerializeReference]`. 

Serialization hierarchy:
11: KitchenDesigner.Core::CommandRecord.posBefore
10: KitchenDesigner.Core::CommandRecord.children
9: KitchenDesigner.Core::CommandRecord.children
8: KitchenDesigner.Core::CommandRecord.children
7: KitchenDesigner.Core::CommandRecord.children
6: KitchenDesigner.Core::CommandRecord.children
5: KitchenDesigner.Core::CommandRecord.children
4: KitchenDesigner.Core::CommandRecord.children
3: KitchenDesigner.Core::CommandRecord.children
2: KitchenDesigner.Core::CommandRecord.children
1: KitchenDesigner.Core::CommandRecord.children
0: KitchenDesigner.Core::ProjectData.undoHistory

Serialization depth limit 10 exceeded at 'KitchenDesigner.Core::CommandRecord.posBefore'. There may be an object composition cycle in one or more of your serialized classes. Consider rearranging data or use `[SerializeReference]`. 

Serialization hierarchy:
11: KitchenDesigner.Core::CommandRecord.posBefore
10: KitchenDesigner.Core::CommandRecord.children
9: KitchenDesigner.Core::CommandRecord.children
8: KitchenDesigner.Core::CommandRecord.children
7: KitchenDesigner.Core::CommandRecord.children
6: KitchenDesigner.Core::CommandRecord.children
5: KitchenDesigner.Core::CommandRecord.children
4: KitchenDesigner.Core::CommandRecord.children
3: KitchenDesigner.Core::CommandRecord.children
2: KitchenDesigner.Core::CommandRecord.children
1: KitchenDesigner.Core::CommandRecord.children
0: KitchenDesigner.Core::CommandRecord.children

[MCP] Bridge started on port 19337
[ISO] Saved: F:/repos/KitchenDesigner2/kd-repose/Assets\..\test-results\iso_window_default.png
[UISNAPSHOT] Saved: F:/repos/KitchenDesigner2/kd-repose/Assets\..\test-results\iso_window_default.json
[MCP] Bridge stopped
]]></output>
        </test-case>
        <test-case id="1032" name="IsoWindow_Open" fullname="IsoScreenshotTests.IsoWindow_Open" methodname="IsoWindow_Open" classname="IsoScreenshotTests" runstate="Runnable" seed="273381610" result="Passed" start-time="2026-07-17 05:55:44Z" end-time="2026-07-17 05:55:45Z" duration="0.520725" asserts="0">
          <properties>
            <property name="_JOINTYPE" value="UnityCombinatorial" />
            <property name="retryIteration" value="0" />
            <property name="repeatIteration" value="0" />
          </properties>
          <output><![CDATA[[Textures] Загружено внешних декоров: 0 (из F:\repos\KitchenDesigner2\kd-repose\Resources\Textures)
[MCP] Bridge started on port 19337
[ISO] Saved: F:/repos/KitchenDesigner2/kd-repose/Assets\..\test-results\iso_window_open.png
[UISNAPSHOT] Saved: F:/repos/KitchenDesigner2/kd-repose/Assets\..\test-results\iso_window_open.json
[MCP] Bridge stopped
]]></output>
        </test-case>
        <test-case id="1033" name="IsoWindow_Tinted" fullname="IsoScreenshotTests.IsoWindow_Tinted" methodname="IsoWindow_Tinted" classname="IsoScreenshotTests" runstate="Runnable" seed="1991831514" result="Passed" start-time="2026-07-17 05:55:45Z" end-time="2026-07-17 05:55:45Z" duration="0.102318" asserts="0">
          <properties>
            <property name="_JOINTYPE" value="UnityCombinatorial" />
            <property name="retryIteration" value="0" />
            <property name="repeatIteration" value="0" />
          </properties>
          <output><![CDATA[[Textures] Загружено внешних декоров: 0 (из F:\repos\KitchenDesigner2\kd-repose\Resources\Textures)
[MCP] Bridge started on port 19337
[ISO] Saved: F:/repos/KitchenDesigner2/kd-repose/Assets\..\test-results\iso_window_tinted.png
[UISNAPSHOT] Saved: F:/repos/KitchenDesigner2/kd-repose/Assets\..\test-results\iso_window_tinted.json
[MCP] Bridge stopped
Saving results to: C:/Users/gtx54/AppData/LocalLow/DefaultCompany/KitchenDesigner2\TestResults.xml
]]></output>
        </test-case>
      </test-suite>
    </test-suite>
  </test-suite>
</test-run>