<?xml version="1.0" encoding="utf-8"?>
<CoverageSession xmlns:xsd="http://www.w3.org/2001/XMLSchema" xmlns:xsi="http://www.w3.org/2001/XMLSchema-instance" Version="0.0.0.0">
  <Summary numSequencePoints="2192" visitedSequencePoints="1808" numBranchPoints="0" visitedBranchPoints="0" sequenceCoverage="82.48" branchCoverage="0.0" maxCyclomaticComplexity="27" minCyclomaticComplexity="1" maxCrapScore="257.44" minCrapScore="1" visitedClasses="47" numClasses="48" visitedMethods="240" numMethods="243" />
  <Modules>
    <Module>
      <Summary numSequencePoints="2192" visitedSequencePoints="1808" numBranchPoints="0" visitedBranchPoints="0" sequenceCoverage="82.48" branchCoverage="0.0" maxCyclomaticComplexity="27" minCyclomaticComplexity="1" maxCrapScore="257.44" minCrapScore="1" visitedClasses="47" numClasses="48" visitedMethods="240" numMethods="243" />
      <ModuleTime>0001-01-01T00:00:00</ModuleTime>
      <ModuleName>KitchenDesigner.Runtime</ModuleName>
      <Files>
        <File uid="1" fullPath="F:/repos/KitchenDesigner2/opencode-game-studio/Assets/Scripts/Core/GridManager.cs" />
        <File uid="2" fullPath="F:/repos/KitchenDesigner2/opencode-game-studio/Assets/Scripts/Core/AlignDistributeTool.cs" />
        <File uid="3" fullPath="F:/repos/KitchenDesigner2/opencode-game-studio/Assets/Scripts/Core/AppConstants.cs" />
        <File uid="4" fullPath="F:/repos/KitchenDesigner2/opencode-game-studio/Assets/Scripts/Core/AutoSaveManager.cs" />
        <File uid="5" fullPath="F:/repos/KitchenDesigner2/opencode-game-studio/Assets/Scripts/Core/BasePlate.cs" />
        <File uid="6" fullPath="F:/repos/KitchenDesigner2/opencode-game-studio/Assets/Scripts/Core/BoardRegistry.cs" />
        <File uid="7" fullPath="F:/repos/KitchenDesigner2/opencode-game-studio/Assets/Scripts/Core/Bootstrap.cs" />
        <File uid="8" fullPath="F:/repos/KitchenDesigner2/opencode-game-studio/Assets/Scripts/Core/CameraController.cs" />
        <File uid="9" fullPath="F:/repos/KitchenDesigner2/opencode-game-studio/Assets/Scripts/Core/CommandStack.cs" />
        <File uid="10" fullPath="F:/repos/KitchenDesigner2/opencode-game-studio/Assets/Scripts/Core/ConstraintValidator.cs" />
        <File uid="11" fullPath="F:/repos/KitchenDesigner2/opencode-game-studio/Assets/Scripts/Core/DisplaySettings.cs" />
        <File uid="12" fullPath="F:/repos/KitchenDesigner2/opencode-game-studio/Assets/Scripts/Core/EdgeOutlineRenderer.cs" />
        <File uid="13" fullPath="F:/repos/KitchenDesigner2/opencode-game-studio/Assets/Scripts/Core/ElementData.cs" />
        <File uid="14" fullPath="F:/repos/KitchenDesigner2/opencode-game-studio/Assets/Scripts/Core/ElementFactory.cs" />
        <File uid="15" fullPath="F:/repos/KitchenDesigner2/opencode-game-studio/Assets/Scripts/Core/ElementHighlighter.cs" />
        <File uid="16" fullPath="F:/repos/KitchenDesigner2/opencode-game-studio/Assets/Scripts/Core/ElementMover.cs" />
        <File uid="17" fullPath="F:/repos/KitchenDesigner2/opencode-game-studio/Assets/Scripts/Core/EventBus.cs" />
        <File uid="18" fullPath="F:/repos/KitchenDesigner2/opencode-game-studio/Assets/Scripts/Core/FaceContact.cs" />
        <File uid="19" fullPath="F:/repos/KitchenDesigner2/opencode-game-studio/Assets/Scripts/Core/GroupManager.cs" />
        <File uid="20" fullPath="F:/repos/KitchenDesigner2/opencode-game-studio/Assets/Scripts/Core/InputCapture.cs" />
        <File uid="21" fullPath="F:/repos/KitchenDesigner2/opencode-game-studio/Assets/Scripts/Core/KitchenElement.cs" />
        <File uid="22" fullPath="F:/repos/KitchenDesigner2/opencode-game-studio/Assets/Scripts/Core/KitchenSettings.cs" />
        <File uid="23" fullPath="F:/repos/KitchenDesigner2/opencode-game-studio/Assets/Scripts/Core/NativeFileDialog.cs" />
        <File uid="24" fullPath="F:/repos/KitchenDesigner2/opencode-game-studio/Assets/Scripts/Core/ProjectData.cs" />
        <File uid="25" fullPath="F:/repos/KitchenDesigner2/opencode-game-studio/Assets/Scripts/Core/SaveLoadManager.cs" />
        <File uid="26" fullPath="F:/repos/KitchenDesigner2/opencode-game-studio/Assets/Scripts/Core/SelectionManager.cs" />
        <File uid="27" fullPath="F:/repos/KitchenDesigner2/opencode-game-studio/Assets/Scripts/Core/SnapSystem.cs" />
        <File uid="28" fullPath="F:/repos/KitchenDesigner2/opencode-game-studio/Assets/Scripts/Core/SpatialGridRenderer.cs" />
        <File uid="29" fullPath="F:/repos/KitchenDesigner2/opencode-game-studio/Assets/Scripts/Core/SpecificationManager.cs" />
        <File uid="30" fullPath="F:/repos/KitchenDesigner2/opencode-game-studio/Assets/Scripts/Core/UndoHandler.cs" />
        <File uid="31" fullPath="F:/repos/KitchenDesigner2/opencode-game-studio/Assets/Scripts/Core/Wall.cs" />
        <File uid="32" fullPath="F:/repos/KitchenDesigner2/opencode-game-studio/Assets/Scripts/Core/WallCutaway.cs" />
        <File uid="33" fullPath="F:/repos/KitchenDesigner2/opencode-game-studio/Assets/Scripts/Core/WallManager.cs" />
        <File uid="34" fullPath="F:/repos/KitchenDesigner2/opencode-game-studio/Assets/Scripts/Core/UI/ConsoleOverlay.cs" />
        <File uid="35" fullPath="F:/repos/KitchenDesigner2/opencode-game-studio/Assets/Scripts/Core/UI/ContextMenuUI.cs" />
        <File uid="36" fullPath="F:/repos/KitchenDesigner2/opencode-game-studio/Assets/Scripts/Core/UI/GroupMenuUI.cs" />
        <File uid="37" fullPath="F:/repos/KitchenDesigner2/opencode-game-studio/Assets/Scripts/Core/UI/IconFactory.cs" />
        <File uid="38" fullPath="F:/repos/KitchenDesigner2/opencode-game-studio/Assets/Scripts/Core/UI/SettingsPanelUI.cs" />
        <File uid="39" fullPath="F:/repos/KitchenDesigner2/opencode-game-studio/Assets/Scripts/Core/UI/SidebarCatalog.cs" />
        <File uid="40" fullPath="F:/repos/KitchenDesigner2/opencode-game-studio/Assets/Scripts/Core/UI/SidebarUI.cs" />
        <File uid="41" fullPath="F:/repos/KitchenDesigner2/opencode-game-studio/Assets/Scripts/Core/UI/SpecificationPanelUI.cs" />
        <File uid="42" fullPath="F:/repos/KitchenDesigner2/opencode-game-studio/Assets/Scripts/Core/UI/ToastNotification.cs" />
        <File uid="43" fullPath="F:/repos/KitchenDesigner2/opencode-game-studio/Assets/Scripts/Core/UI/UIFactory.cs" />
        <File uid="44" fullPath="F:/repos/KitchenDesigner2/opencode-game-studio/Assets/Scripts/Core/UI/UIManager.cs" />
        <File uid="45" fullPath="F:/repos/KitchenDesigner2/opencode-game-studio/Assets/Scripts/Core/MCP/ConsoleLogCapture.cs" />
        <File uid="46" fullPath="F:/repos/KitchenDesigner2/opencode-game-studio/Assets/Scripts/Core/MCP/McpCommandHandler.cs" />
        <File uid="47" fullPath="F:/repos/KitchenDesigner2/opencode-game-studio/Assets/Scripts/Core/MCP/McpModels.cs" />
        <File uid="48" fullPath="F:/repos/KitchenDesigner2/opencode-game-studio/Assets/Scripts/Core/MCP/UnityTcpBridge.cs" />
      </Files>
      <Classes>
        <Class>
          <Summary numSequencePoints="7" visitedSequencePoints="6" numBranchPoints="0" visitedBranchPoints="0" sequenceCoverage="85.71" branchCoverage="0.0" maxCyclomaticComplexity="2" minCyclomaticComplexity="2" maxCrapScore="2.01" minCrapScore="2.01" visitedClasses="1" numClasses="1" visitedMethods="1" numMethods="1" />
          <FullName>GridManager</FullName>
          <Methods>
            <Method visited="true" cyclomaticComplexity="2" nPathComplexity="0" sequenceCoverage="85.71" branchCoverage="0" crapScore="2.01" isConstructor="false" isStatic="true" isGetter="false" isSetter="false">
              <Summary numSequencePoints="7" visitedSequencePoints="6" numBranchPoints="0" visitedBranchPoints="0" sequenceCoverage="85.71" branchCoverage="0" maxCyclomaticComplexity="2" minCyclomaticComplexity="2" maxCrapScore="2.01" minCrapScore="2.01" visitedClasses="0" numClasses="0" visitedMethods="1" numMethods="1" />
              <MetadataToken>100663431</MetadataToken>
              <Name>static UnityEngine.Vector3 GridManager::SnapToGrid(UnityEngine.Vector3)</Name>
              <FileRef uid="1" />
              <SequencePoints>
                <SequencePoint vc="6" uspid="4134" ordinal="0" offset="0" sl="7" sc="5" el="7" ec="5" bec="0" bev="0" fileid="1" />
                <SequencePoint vc="6" uspid="4135" ordinal="0" offset="1" sl="8" sc="9" el="8" ec="9" bec="0" bev="0" fileid="1" />
                <SequencePoint vc="0" uspid="4136" ordinal="0" offset="18" sl="9" sc="13" el="9" ec="13" bec="0" bev="0" fileid="1" />
                <SequencePoint vc="6" uspid="4137" ordinal="0" offset="22" sl="11" sc="9" el="11" ec="9" bec="0" bev="0" fileid="1" />
                <SequencePoint vc="6" uspid="4138" ordinal="0" offset="33" sl="12" sc="9" el="12" ec="9" bec="0" bev="0" fileid="1" />
                <SequencePoint vc="6" uspid="4139" ordinal="0" offset="42" sl="13" sc="9" el="13" ec="9" bec="0" bev="0" fileid="1" />
                <SequencePoint vc="6" uspid="4140" ordinal="0" offset="95" sl="18" sc="5" el="18" ec="5" bec="0" bev="0" fileid="1" />
              </SequencePoints>
              <BranchPoints />
            </Method>
          </Methods>
        </Class>
        <Class>
          <Summary numSequencePoints="1" visitedSequencePoints="1" numBranchPoints="0" visitedBranchPoints="0" sequenceCoverage="100.0" branchCoverage="0.0" maxCyclomaticComplexity="1" minCyclomaticComplexity="1" maxCrapScore="1" minCrapScore="1" visitedClasses="1" numClasses="1" visitedMethods="1" numMethods="1" />
          <FullName>KitchenDesigner.Core.AppConstants</FullName>
          <Methods>
            <Method visited="true" cyclomaticComplexity="1" nPathComplexity="0" sequenceCoverage="100.0" branchCoverage="0" crapScore="1" isConstructor="true" isStatic="true" isGetter="false" isSetter="false">
              <Summary numSequencePoints="1" visitedSequencePoints="1" numBranchPoints="0" visitedBranchPoints="0" sequenceCoverage="100.0" branchCoverage="0" maxCyclomaticComplexity="1" minCyclomaticComplexity="1" maxCrapScore="1" minCrapScore="1" visitedClasses="0" numClasses="0" visitedMethods="1" numMethods="1" />
              <MetadataToken>100663439</MetadataToken>
              <Name>static KitchenDesigner.Core.AppConstants::AppConstants()</Name>
              <FileRef uid="3" />
              <SequencePoints>
                <SequencePoint vc="1" uspid="4214" ordinal="0" offset="0" sl="14" sc="9" el="14" ec="9" bec="0" bev="0" fileid="3" />
              </SequencePoints>
              <BranchPoints />
            </Method>
          </Methods>
        </Class>
        <Class>
          <Summary numSequencePoints="4" visitedSequencePoints="4" numBranchPoints="0" visitedBranchPoints="0" sequenceCoverage="100.0" branchCoverage="0.0" maxCyclomaticComplexity="1" minCyclomaticComplexity="1" maxCrapScore="1" minCrapScore="1" visitedClasses="1" numClasses="1" visitedMethods="1" numMethods="1" />
          <FullName>KitchenDesigner.Core.AutoSaveManager</FullName>
          <Methods>
            <Method visited="true" cyclomaticComplexity="1" nPathComplexity="0" sequenceCoverage="100.0" branchCoverage="0" crapScore="1" isConstructor="false" isStatic="false" isGetter="false" isSetter="false">
              <Summary numSequencePoints="4" visitedSequencePoints="4" numBranchPoints="0" visitedBranchPoints="0" sequenceCoverage="100.0" branchCoverage="0" maxCyclomaticComplexity="1" minCyclomaticComplexity="1" maxCrapScore="1" minCrapScore="1" visitedClasses="0" numClasses="0" visitedMethods="1" numMethods="1" />
              <MetadataToken>100663440</MetadataToken>
              <Name>System.Void KitchenDesigner.Core.AutoSaveManager::OnEnable()</Name>
              <FileRef uid="4" />
              <SequencePoints>
                <SequencePoint vc="13" uspid="4215" ordinal="0" offset="0" sl="18" sc="9" el="18" ec="9" bec="0" bev="0" fileid="4" />
                <SequencePoint vc="13" uspid="4216" ordinal="0" offset="1" sl="19" sc="13" el="19" ec="13" bec="0" bev="0" fileid="4" />
                <SequencePoint vc="13" uspid="4217" ordinal="0" offset="12" sl="20" sc="13" el="20" ec="13" bec="0" bev="0" fileid="4" />
                <SequencePoint vc="13" uspid="4218" ordinal="0" offset="25" sl="21" sc="9" el="21" ec="9" bec="0" bev="0" fileid="4" />
              </SequencePoints>
              <BranchPoints />
            </Method>
          </Methods>
        </Class>
        <Class>
          <Summary numSequencePoints="30" visitedSequencePoints="30" numBranchPoints="0" visitedBranchPoints="0" sequenceCoverage="100.0" branchCoverage="0.0" maxCyclomaticComplexity="3" minCyclomaticComplexity="2" maxCrapScore="3" minCrapScore="2" visitedClasses="1" numClasses="1" visitedMethods="2" numMethods="2" />
          <FullName>KitchenDesigner.Core.BasePlate</FullName>
          <Methods>
            <Method visited="true" cyclomaticComplexity="3" nPathComplexity="0" sequenceCoverage="100.0" branchCoverage="0" crapScore="3" isConstructor="false" isStatic="true" isGetter="false" isSetter="false">
              <Summary numSequencePoints="26" visitedSequencePoints="26" numBranchPoints="0" visitedBranchPoints="0" sequenceCoverage="100.0" branchCoverage="0" maxCyclomaticComplexity="3" minCyclomaticComplexity="3" maxCrapScore="3" minCrapScore="3" visitedClasses="0" numClasses="0" visitedMethods="1" numMethods="1" />
              <MetadataToken>100663444</MetadataToken>
              <Name>static KitchenDesigner.Core.BasePlate KitchenDesigner.Core.BasePlate::Create()</Name>
              <FileRef uid="5" />
              <SequencePoints>
                <SequencePoint vc="13" uspid="4220" ordinal="0" offset="0" sl="14" sc="9" el="14" ec="9" bec="0" bev="0" fileid="5" />
                <SequencePoint vc="13" uspid="4221" ordinal="0" offset="1" sl="15" sc="13" el="15" ec="13" bec="0" bev="0" fileid="5" />
                <SequencePoint vc="13" uspid="4222" ordinal="0" offset="8" sl="16" sc="13" el="16" ec="13" bec="0" bev="0" fileid="5" />
                <SequencePoint vc="13" uspid="4223" ordinal="0" offset="20" sl="18" sc="13" el="18" ec="13" bec="0" bev="0" fileid="5" />
                <SequencePoint vc="13" uspid="4224" ordinal="0" offset="27" sl="19" sc="13" el="19" ec="13" bec="0" bev="0" fileid="5" />
                <SequencePoint vc="13" uspid="4225" ordinal="0" offset="39" sl="20" sc="13" el="20" ec="13" bec="0" bev="0" fileid="5" />
                <SequencePoint vc="13" uspid="4226" ordinal="0" offset="63" sl="21" sc="13" el="21" ec="13" bec="0" bev="0" fileid="5" />
                <SequencePoint vc="13" uspid="4227" ordinal="0" offset="95" sl="23" sc="13" el="23" ec="13" bec="0" bev="0" fileid="5" />
                <SequencePoint vc="13" uspid="4228" ordinal="0" offset="102" sl="24" sc="13" el="24" ec="13" bec="0" bev="0" fileid="5" />
                <SequencePoint vc="13" uspid="4229" ordinal="0" offset="113" sl="25" sc="13" el="25" ec="13" bec="0" bev="0" fileid="5" />
                <SequencePoint vc="13" uspid="4230" ordinal="0" offset="126" sl="26" sc="13" el="26" ec="13" bec="0" bev="0" fileid="5" />
                <SequencePoint vc="13" uspid="4231" ordinal="0" offset="127" sl="27" sc="17" el="27" ec="17" bec="0" bev="0" fileid="5" />
                <SequencePoint vc="13" uspid="4232" ordinal="0" offset="135" sl="28" sc="17" el="28" ec="17" bec="0" bev="0" fileid="5" />
                <SequencePoint vc="13" uspid="4233" ordinal="0" offset="163" sl="29" sc="17" el="29" ec="17" bec="0" bev="0" fileid="5" />
                <SequencePoint vc="13" uspid="4234" ordinal="0" offset="172" sl="30" sc="13" el="30" ec="13" bec="0" bev="0" fileid="5" />
                <SequencePoint vc="13" uspid="4235" ordinal="0" offset="173" sl="32" sc="13" el="32" ec="13" bec="0" bev="0" fileid="5" />
                <SequencePoint vc="13" uspid="4236" ordinal="0" offset="181" sl="33" sc="13" el="33" ec="13" bec="0" bev="0" fileid="5" />
                <SequencePoint vc="13" uspid="4237" ordinal="0" offset="195" sl="34" sc="17" el="34" ec="17" bec="0" bev="0" fileid="5" />
                <SequencePoint vc="13" uspid="4238" ordinal="0" offset="204" sl="36" sc="13" el="36" ec="13" bec="0" bev="0" fileid="5" />
                <SequencePoint vc="13" uspid="4239" ordinal="0" offset="212" sl="37" sc="13" el="37" ec="13" bec="0" bev="0" fileid="5" />
                <SequencePoint vc="13" uspid="4240" ordinal="0" offset="221" sl="38" sc="13" el="38" ec="13" bec="0" bev="0" fileid="5" />
                <SequencePoint vc="13" uspid="4241" ordinal="0" offset="230" sl="40" sc="13" el="40" ec="13" bec="0" bev="0" fileid="5" />
                <SequencePoint vc="13" uspid="4242" ordinal="0" offset="242" sl="42" sc="13" el="42" ec="13" bec="0" bev="0" fileid="5" />
                <SequencePoint vc="13" uspid="4243" ordinal="0" offset="250" sl="43" sc="13" el="43" ec="13" bec="0" bev="0" fileid="5" />
                <SequencePoint vc="13" uspid="4244" ordinal="0" offset="258" sl="45" sc="13" el="45" ec="13" bec="0" bev="0" fileid="5" />
                <SequencePoint vc="13" uspid="4245" ordinal="0" offset="264" sl="46" sc="9" el="46" ec="9" bec="0" bev="0" fileid="5" />
              </SequencePoints>
              <BranchPoints />
            </Method>
            <Method visited="true" cyclomaticComplexity="2" nPathComplexity="0" sequenceCoverage="100.0" branchCoverage="0" crapScore="2" isConstructor="false" isStatic="false" isGetter="false" isSetter="false">
              <Summary numSequencePoints="4" visitedSequencePoints="4" numBranchPoints="0" visitedBranchPoints="0" sequenceCoverage="100.0" branchCoverage="0" maxCyclomaticComplexity="2" minCyclomaticComplexity="2" maxCrapScore="2" minCrapScore="2" visitedClasses="0" numClasses="0" visitedMethods="1" numMethods="1" />
              <MetadataToken>100663445</MetadataToken>
              <Name>System.Void KitchenDesigner.Core.BasePlate::Awake()</Name>
              <FileRef uid="5" />
              <SequencePoints>
                <SequencePoint vc="13" uspid="4246" ordinal="0" offset="0" sl="49" sc="9" el="49" ec="9" bec="0" bev="0" fileid="5" />
                <SequencePoint vc="13" uspid="4247" ordinal="0" offset="1" sl="50" sc="13" el="50" ec="13" bec="0" bev="0" fileid="5" />
                <SequencePoint vc="13" uspid="4248" ordinal="0" offset="17" sl="51" sc="17" el="51" ec="17" bec="0" bev="0" fileid="5" />
                <SequencePoint vc="13" uspid="4249" ordinal="0" offset="29" sl="52" sc="9" el="52" ec="9" bec="0" bev="0" fileid="5" />
              </SequencePoints>
              <BranchPoints />
            </Method>
          </Methods>
        </Class>
        <Class>
          <Summary numSequencePoints="11" visitedSequencePoints="11" numBranchPoints="0" visitedBranchPoints="0" sequenceCoverage="100.0" branchCoverage="0.0" maxCyclomaticComplexity="3" minCyclomaticComplexity="1" maxCrapScore="3" minCrapScore="1" visitedClasses="1" numClasses="1" visitedMethods="4" numMethods="4" />
          <FullName>KitchenDesigner.Core.BoardRegistry</FullName>
          <Methods>
            <Method visited="true" cyclomaticComplexity="3" nPathComplexity="0" sequenceCoverage="100.0" branchCoverage="0" crapScore="3" isConstructor="false" isStatic="true" isGetter="false" isSetter="false">
              <Summary numSequencePoints="4" visitedSequencePoints="4" numBranchPoints="0" visitedBranchPoints="0" sequenceCoverage="100.0" branchCoverage="0" maxCyclomaticComplexity="3" minCyclomaticComplexity="3" maxCrapScore="3" minCrapScore="3" visitedClasses="0" numClasses="0" visitedMethods="1" numMethods="1" />
              <MetadataToken>100663448</MetadataToken>
              <Name>static System.Void KitchenDesigner.Core.BoardRegistry::Register(KitchenDesigner.Core.KitchenElement)</Name>
              <FileRef uid="6" />
              <SequencePoints>
                <SequencePoint vc="37" uspid="4251" ordinal="0" offset="0" sl="13" sc="9" el="13" ec="9" bec="0" bev="0" fileid="6" />
                <SequencePoint vc="37" uspid="4252" ordinal="0" offset="1" sl="14" sc="13" el="14" ec="13" bec="0" bev="0" fileid="6" />
                <SequencePoint vc="32" uspid="4253" ordinal="0" offset="31" sl="15" sc="17" el="15" ec="17" bec="0" bev="0" fileid="6" />
                <SequencePoint vc="37" uspid="4254" ordinal="0" offset="43" sl="16" sc="9" el="16" ec="9" bec="0" bev="0" fileid="6" />
              </SequencePoints>
              <BranchPoints />
            </Method>
            <Method visited="true" cyclomaticComplexity="1" nPathComplexity="0" sequenceCoverage="100.0" branchCoverage="0" crapScore="1" isConstructor="false" isStatic="true" isGetter="false" isSetter="false">
              <Summary numSequencePoints="3" visitedSequencePoints="3" numBranchPoints="0" visitedBranchPoints="0" sequenceCoverage="100.0" branchCoverage="0" maxCyclomaticComplexity="1" minCyclomaticComplexity="1" maxCrapScore="1" minCrapScore="1" visitedClasses="0" numClasses="0" visitedMethods="1" numMethods="1" />
              <MetadataToken>100663449</MetadataToken>
              <Name>static System.Void KitchenDesigner.Core.BoardRegistry::Unregister(KitchenDesigner.Core.KitchenElement)</Name>
              <FileRef uid="6" />
              <SequencePoints>
                <SequencePoint vc="32" uspid="4255" ordinal="0" offset="0" sl="19" sc="9" el="19" ec="9" bec="0" bev="0" fileid="6" />
                <SequencePoint vc="32" uspid="4256" ordinal="0" offset="1" sl="20" sc="13" el="20" ec="13" bec="0" bev="0" fileid="6" />
                <SequencePoint vc="32" uspid="4257" ordinal="0" offset="13" sl="21" sc="9" el="21" ec="9" bec="0" bev="0" fileid="6" />
              </SequencePoints>
              <BranchPoints />
            </Method>
            <Method visited="true" cyclomaticComplexity="1" nPathComplexity="0" sequenceCoverage="100.0" branchCoverage="0" crapScore="1" isConstructor="false" isStatic="true" isGetter="false" isSetter="false">
              <Summary numSequencePoints="3" visitedSequencePoints="3" numBranchPoints="0" visitedBranchPoints="0" sequenceCoverage="100.0" branchCoverage="0" maxCyclomaticComplexity="1" minCyclomaticComplexity="1" maxCrapScore="1" minCrapScore="1" visitedClasses="0" numClasses="0" visitedMethods="1" numMethods="1" />
              <MetadataToken>100663450</MetadataToken>
              <Name>static System.Collections.Generic.List[KitchenElement] KitchenDesigner.Core.BoardRegistry::GetAll()</Name>
              <FileRef uid="6" />
              <SequencePoints>
                <SequencePoint vc="105" uspid="4258" ordinal="0" offset="0" sl="24" sc="9" el="24" ec="9" bec="0" bev="0" fileid="6" />
                <SequencePoint vc="105" uspid="4259" ordinal="0" offset="1" sl="25" sc="13" el="25" ec="13" bec="0" bev="0" fileid="6" />
                <SequencePoint vc="105" uspid="4260" ordinal="0" offset="14" sl="26" sc="9" el="26" ec="9" bec="0" bev="0" fileid="6" />
              </SequencePoints>
              <BranchPoints />
            </Method>
            <Method visited="true" cyclomaticComplexity="1" nPathComplexity="0" sequenceCoverage="100.0" branchCoverage="0" crapScore="1" isConstructor="true" isStatic="true" isGetter="false" isSetter="false">
              <Summary numSequencePoints="1" visitedSequencePoints="1" numBranchPoints="0" visitedBranchPoints="0" sequenceCoverage="100.0" branchCoverage="0" maxCyclomaticComplexity="1" minCyclomaticComplexity="1" maxCrapScore="1" minCrapScore="1" visitedClasses="0" numClasses="0" visitedMethods="1" numMethods="1" />
              <MetadataToken>100663452</MetadataToken>
              <Name>static KitchenDesigner.Core.BoardRegistry::BoardRegistry()</Name>
              <FileRef uid="6" />
              <SequencePoints>
                <SequencePoint vc="1" uspid="4264" ordinal="0" offset="0" sl="8" sc="9" el="8" ec="9" bec="0" bev="0" fileid="6" />
              </SequencePoints>
              <BranchPoints />
            </Method>
          </Methods>
        </Class>
        <Class>
          <Summary numSequencePoints="35" visitedSequencePoints="35" numBranchPoints="0" visitedBranchPoints="0" sequenceCoverage="100.0" branchCoverage="0.0" maxCyclomaticComplexity="14" minCyclomaticComplexity="2" maxCrapScore="14" minCrapScore="2" visitedClasses="1" numClasses="1" visitedMethods="2" numMethods="2" />
          <FullName>KitchenDesigner.Core.Bootstrap</FullName>
          <Methods>
            <Method visited="true" cyclomaticComplexity="2" nPathComplexity="0" sequenceCoverage="100.0" branchCoverage="0" crapScore="2" isConstructor="false" isStatic="false" isGetter="false" isSetter="false">
              <Summary numSequencePoints="5" visitedSequencePoints="5" numBranchPoints="0" visitedBranchPoints="0" sequenceCoverage="100.0" branchCoverage="0" maxCyclomaticComplexity="2" minCyclomaticComplexity="2" maxCrapScore="2" minCrapScore="2" visitedClasses="0" numClasses="0" visitedMethods="1" numMethods="1" />
              <MetadataToken>100663453</MetadataToken>
              <Name>System.Void KitchenDesigner.Core.Bootstrap::Awake()</Name>
              <FileRef uid="7" />
              <SequencePoints>
                <SequencePoint vc="13" uspid="4265" ordinal="0" offset="0" sl="8" sc="9" el="8" ec="9" bec="0" bev="0" fileid="7" />
                <SequencePoint vc="13" uspid="4266" ordinal="0" offset="1" sl="9" sc="13" el="9" ec="13" bec="0" bev="0" fileid="7" />
                <SequencePoint vc="13" uspid="4267" ordinal="0" offset="16" sl="10" sc="17" el="10" ec="17" bec="0" bev="0" fileid="7" />
                <SequencePoint vc="13" uspid="4268" ordinal="0" offset="27" sl="11" sc="13" el="11" ec="13" bec="0" bev="0" fileid="7" />
                <SequencePoint vc="13" uspid="4269" ordinal="0" offset="33" sl="12" sc="9" el="12" ec="9" bec="0" bev="0" fileid="7" />
              </SequencePoints>
              <BranchPoints />
            </Method>
            <Method visited="true" cyclomaticComplexity="14" nPathComplexity="0" sequenceCoverage="100.0" branchCoverage="0" crapScore="14" isConstructor="false" isStatic="false" isGetter="false" isSetter="false">
              <Summary numSequencePoints="30" visitedSequencePoints="30" numBranchPoints="0" visitedBranchPoints="0" sequenceCoverage="100.0" branchCoverage="0" maxCyclomaticComplexity="14" minCyclomaticComplexity="14" maxCrapScore="14" minCrapScore="14" visitedClasses="0" numClasses="0" visitedMethods="1" numMethods="1" />
              <MetadataToken>100663454</MetadataToken>
              <Name>System.Void KitchenDesigner.Core.Bootstrap::Start()</Name>
              <FileRef uid="7" />
              <SequencePoints>
                <SequencePoint vc="13" uspid="4270" ordinal="0" offset="0" sl="15" sc="9" el="15" ec="9" bec="0" bev="0" fileid="7" />
                <SequencePoint vc="13" uspid="4271" ordinal="0" offset="1" sl="16" sc="13" el="16" ec="13" bec="0" bev="0" fileid="7" />
                <SequencePoint vc="13" uspid="4272" ordinal="0" offset="16" sl="17" sc="17" el="17" ec="17" bec="0" bev="0" fileid="7" />
                <SequencePoint vc="13" uspid="4273" ordinal="0" offset="22" sl="19" sc="13" el="19" ec="13" bec="0" bev="0" fileid="7" />
                <SequencePoint vc="13" uspid="4274" ordinal="0" offset="37" sl="20" sc="17" el="20" ec="17" bec="0" bev="0" fileid="7" />
                <SequencePoint vc="13" uspid="4275" ordinal="0" offset="49" sl="22" sc="13" el="22" ec="13" bec="0" bev="0" fileid="7" />
                <SequencePoint vc="13" uspid="4276" ordinal="0" offset="64" sl="23" sc="17" el="23" ec="17" bec="0" bev="0" fileid="7" />
                <SequencePoint vc="13" uspid="4277" ordinal="0" offset="76" sl="25" sc="13" el="25" ec="13" bec="0" bev="0" fileid="7" />
                <SequencePoint vc="13" uspid="4278" ordinal="0" offset="91" sl="26" sc="17" el="26" ec="17" bec="0" bev="0" fileid="7" />
                <SequencePoint vc="13" uspid="4279" ordinal="0" offset="103" sl="31" sc="13" el="31" ec="13" bec="0" bev="0" fileid="7" />
                <SequencePoint vc="13" uspid="4280" ordinal="0" offset="120" sl="32" sc="17" el="32" ec="17" bec="0" bev="0" fileid="7" />
                <SequencePoint vc="13" uspid="4281" ordinal="0" offset="132" sl="34" sc="13" el="34" ec="13" bec="0" bev="0" fileid="7" />
                <SequencePoint vc="13" uspid="4282" ordinal="0" offset="149" sl="35" sc="17" el="35" ec="17" bec="0" bev="0" fileid="7" />
                <SequencePoint vc="13" uspid="4283" ordinal="0" offset="161" sl="37" sc="13" el="37" ec="13" bec="0" bev="0" fileid="7" />
                <SequencePoint vc="13" uspid="4284" ordinal="0" offset="178" sl="38" sc="17" el="38" ec="17" bec="0" bev="0" fileid="7" />
                <SequencePoint vc="13" uspid="4285" ordinal="0" offset="190" sl="40" sc="13" el="40" ec="13" bec="0" bev="0" fileid="7" />
                <SequencePoint vc="13" uspid="4286" ordinal="0" offset="207" sl="41" sc="17" el="41" ec="17" bec="0" bev="0" fileid="7" />
                <SequencePoint vc="13" uspid="4287" ordinal="0" offset="219" sl="43" sc="13" el="43" ec="13" bec="0" bev="0" fileid="7" />
                <SequencePoint vc="13" uspid="4288" ordinal="0" offset="236" sl="44" sc="17" el="44" ec="17" bec="0" bev="0" fileid="7" />
                <SequencePoint vc="13" uspid="4289" ordinal="0" offset="248" sl="46" sc="13" el="46" ec="13" bec="0" bev="0" fileid="7" />
                <SequencePoint vc="13" uspid="4290" ordinal="0" offset="265" sl="47" sc="17" el="47" ec="17" bec="0" bev="0" fileid="7" />
                <SequencePoint vc="13" uspid="4291" ordinal="0" offset="277" sl="49" sc="13" el="49" ec="13" bec="0" bev="0" fileid="7" />
                <SequencePoint vc="13" uspid="4292" ordinal="0" offset="294" sl="50" sc="17" el="50" ec="17" bec="0" bev="0" fileid="7" />
                <SequencePoint vc="13" uspid="4293" ordinal="0" offset="306" sl="52" sc="13" el="52" ec="13" bec="0" bev="0" fileid="7" />
                <SequencePoint vc="13" uspid="4294" ordinal="0" offset="323" sl="53" sc="17" el="53" ec="17" bec="0" bev="0" fileid="7" />
                <SequencePoint vc="13" uspid="4295" ordinal="0" offset="335" sl="56" sc="13" el="56" ec="13" bec="0" bev="0" fileid="7" />
                <SequencePoint vc="13" uspid="4296" ordinal="0" offset="341" sl="58" sc="13" el="58" ec="13" bec="0" bev="0" fileid="7" />
                <SequencePoint vc="13" uspid="4297" ordinal="0" offset="358" sl="59" sc="17" el="59" ec="17" bec="0" bev="0" fileid="7" />
                <SequencePoint vc="13" uspid="4298" ordinal="0" offset="370" sl="61" sc="13" el="61" ec="13" bec="0" bev="0" fileid="7" />
                <SequencePoint vc="13" uspid="4299" ordinal="0" offset="376" sl="62" sc="9" el="62" ec="9" bec="0" bev="0" fileid="7" />
              </SequencePoints>
              <BranchPoints />
            </Method>
          </Methods>
        </Class>
        <Class>
          <Summary numSequencePoints="97" visitedSequencePoints="49" numBranchPoints="0" visitedBranchPoints="0" sequenceCoverage="50.52" branchCoverage="0.0" maxCyclomaticComplexity="27" minCyclomaticComplexity="1" maxCrapScore="257.44" minCrapScore="1" visitedClasses="1" numClasses="1" visitedMethods="5" numMethods="5" />
          <FullName>KitchenDesigner.Core.CameraController</FullName>
          <Methods>
            <Method visited="true" cyclomaticComplexity="1" nPathComplexity="0" sequenceCoverage="100.0" branchCoverage="0" crapScore="1" isConstructor="false" isStatic="false" isGetter="false" isSetter="false">
              <Summary numSequencePoints="3" visitedSequencePoints="3" numBranchPoints="0" visitedBranchPoints="0" sequenceCoverage="100.0" branchCoverage="0" maxCyclomaticComplexity="1" minCyclomaticComplexity="1" maxCrapScore="1" minCrapScore="1" visitedClasses="0" numClasses="0" visitedMethods="1" numMethods="1" />
              <MetadataToken>100663456</MetadataToken>
              <Name>System.Void KitchenDesigner.Core.CameraController::Start()</Name>
              <FileRef uid="8" />
              <SequencePoints>
                <SequencePoint vc="13" uspid="4300" ordinal="0" offset="0" sl="28" sc="9" el="28" ec="9" bec="0" bev="0" fileid="8" />
                <SequencePoint vc="13" uspid="4301" ordinal="0" offset="1" sl="29" sc="13" el="29" ec="13" bec="0" bev="0" fileid="8" />
                <SequencePoint vc="13" uspid="4302" ordinal="0" offset="8" sl="30" sc="9" el="30" ec="9" bec="0" bev="0" fileid="8" />
              </SequencePoints>
              <BranchPoints />
            </Method>
            <Method visited="true" cyclomaticComplexity="27" nPathComplexity="0" sequenceCoverage="31.88" branchCoverage="0" crapScore="257.44" isConstructor="false" isStatic="false" isGetter="false" isSetter="false">
              <Summary numSequencePoints="69" visitedSequencePoints="22" numBranchPoints="0" visitedBranchPoints="0" sequenceCoverage="31.88" branchCoverage="0" maxCyclomaticComplexity="27" minCyclomaticComplexity="27" maxCrapScore="257.44" minCrapScore="257.44" visitedClasses="0" numClasses="0" visitedMethods="1" numMethods="1" />
              <MetadataToken>100663457</MetadataToken>
              <Name>System.Void KitchenDesigner.Core.CameraController::Update()</Name>
              <FileRef uid="8" />
              <SequencePoints>
                <SequencePoint vc="66" uspid="4303" ordinal="0" offset="0" sl="33" sc="9" el="33" ec="9" bec="0" bev="0" fileid="8" />
                <SequencePoint vc="66" uspid="4304" ordinal="0" offset="1" sl="36" sc="13" el="36" ec="13" bec="0" bev="0" fileid="8" />
                <SequencePoint vc="66" uspid="4305" ordinal="0" offset="7" sl="37" sc="13" el="37" ec="13" bec="0" bev="0" fileid="8" />
                <SequencePoint vc="66" uspid="4306" ordinal="0" offset="14" sl="38" sc="13" el="38" ec="13" bec="0" bev="0" fileid="8" />
                <SequencePoint vc="66" uspid="4307" ordinal="0" offset="21" sl="39" sc="13" el="39" ec="13" bec="0" bev="0" fileid="8" />
                <SequencePoint vc="66" uspid="4308" ordinal="0" offset="28" sl="40" sc="13" el="40" ec="13" bec="0" bev="0" fileid="8" />
                <SequencePoint vc="66" uspid="4309" ordinal="0" offset="36" sl="41" sc="13" el="41" ec="13" bec="0" bev="0" fileid="8" />
                <SequencePoint vc="66" uspid="4310" ordinal="0" offset="48" sl="44" sc="13" el="44" ec="13" bec="0" bev="0" fileid="8" />
                <SequencePoint vc="0" uspid="4311" ordinal="0" offset="64" sl="45" sc="13" el="45" ec="13" bec="0" bev="0" fileid="8" />
                <SequencePoint vc="0" uspid="4312" ordinal="0" offset="65" sl="46" sc="17" el="46" ec="17" bec="0" bev="0" fileid="8" />
                <SequencePoint vc="0" uspid="4313" ordinal="0" offset="72" sl="47" sc="17" el="47" ec="17" bec="0" bev="0" fileid="8" />
                <SequencePoint vc="0" uspid="4314" ordinal="0" offset="79" sl="48" sc="17" el="48" ec="17" bec="0" bev="0" fileid="8" />
                <SequencePoint vc="0" uspid="4315" ordinal="0" offset="95" sl="49" sc="17" el="49" ec="17" bec="0" bev="0" fileid="8" />
                <SequencePoint vc="0" uspid="4316" ordinal="0" offset="106" sl="50" sc="13" el="50" ec="13" bec="0" bev="0" fileid="8" />
                <SequencePoint vc="66" uspid="4317" ordinal="0" offset="107" sl="52" sc="13" el="52" ec="13" bec="0" bev="0" fileid="8" />
                <SequencePoint vc="0" uspid="4318" ordinal="0" offset="177" sl="54" sc="13" el="54" ec="13" bec="0" bev="0" fileid="8" />
                <SequencePoint vc="0" uspid="4319" ordinal="0" offset="178" sl="55" sc="17" el="55" ec="17" bec="0" bev="0" fileid="8" />
                <SequencePoint vc="0" uspid="4320" ordinal="0" offset="185" sl="56" sc="17" el="56" ec="17" bec="0" bev="0" fileid="8" />
                <SequencePoint vc="0" uspid="4321" ordinal="0" offset="192" sl="57" sc="17" el="57" ec="17" bec="0" bev="0" fileid="8" />
                <SequencePoint vc="0" uspid="4322" ordinal="0" offset="203" sl="58" sc="13" el="58" ec="13" bec="0" bev="0" fileid="8" />
                <SequencePoint vc="66" uspid="4323" ordinal="0" offset="204" sl="60" sc="13" el="60" ec="13" bec="0" bev="0" fileid="8" />
                <SequencePoint vc="0" uspid="4324" ordinal="0" offset="211" sl="61" sc="13" el="61" ec="13" bec="0" bev="0" fileid="8" />
                <SequencePoint vc="0" uspid="4325" ordinal="0" offset="212" sl="62" sc="17" el="62" ec="17" bec="0" bev="0" fileid="8" />
                <SequencePoint vc="0" uspid="4326" ordinal="0" offset="238" sl="63" sc="21" el="63" ec="21" bec="0" bev="0" fileid="8" />
                <SequencePoint vc="0" uspid="4327" ordinal="0" offset="244" sl="64" sc="17" el="64" ec="17" bec="0" bev="0" fileid="8" />
                <SequencePoint vc="0" uspid="4328" ordinal="0" offset="251" sl="65" sc="17" el="65" ec="17" bec="0" bev="0" fileid="8" />
                <SequencePoint vc="0" uspid="4329" ordinal="0" offset="258" sl="66" sc="13" el="66" ec="13" bec="0" bev="0" fileid="8" />
                <SequencePoint vc="66" uspid="4330" ordinal="0" offset="259" sl="68" sc="13" el="68" ec="13" bec="0" bev="0" fileid="8" />
                <SequencePoint vc="0" uspid="4331" ordinal="0" offset="289" sl="69" sc="13" el="69" ec="13" bec="0" bev="0" fileid="8" />
                <SequencePoint vc="0" uspid="4332" ordinal="0" offset="290" sl="70" sc="17" el="70" ec="17" bec="0" bev="0" fileid="8" />
                <SequencePoint vc="0" uspid="4333" ordinal="0" offset="297" sl="71" sc="17" el="71" ec="17" bec="0" bev="0" fileid="8" />
                <SequencePoint vc="0" uspid="4334" ordinal="0" offset="308" sl="72" sc="13" el="72" ec="13" bec="0" bev="0" fileid="8" />
                <SequencePoint vc="66" uspid="4335" ordinal="0" offset="309" sl="74" sc="13" el="74" ec="13" bec="0" bev="0" fileid="8" />
                <SequencePoint vc="0" uspid="4336" ordinal="0" offset="335" sl="74" sc="58" el="74" ec="58" bec="0" bev="0" fileid="8" />
                <SequencePoint vc="66" uspid="4337" ordinal="0" offset="342" sl="75" sc="13" el="75" ec="13" bec="0" bev="0" fileid="8" />
                <SequencePoint vc="0" uspid="4338" ordinal="0" offset="376" sl="75" sc="85" el="75" ec="85" bec="0" bev="0" fileid="8" />
                <SequencePoint vc="66" uspid="4339" ordinal="0" offset="383" sl="77" sc="13" el="77" ec="13" bec="0" bev="0" fileid="8" />
                <SequencePoint vc="0" uspid="4340" ordinal="0" offset="395" sl="78" sc="13" el="78" ec="13" bec="0" bev="0" fileid="8" />
                <SequencePoint vc="0" uspid="4341" ordinal="0" offset="396" sl="79" sc="17" el="79" ec="17" bec="0" bev="0" fileid="8" />
                <SequencePoint vc="0" uspid="4342" ordinal="0" offset="414" sl="80" sc="17" el="80" ec="17" bec="0" bev="0" fileid="8" />
                <SequencePoint vc="0" uspid="4343" ordinal="0" offset="447" sl="81" sc="17" el="81" ec="17" bec="0" bev="0" fileid="8" />
                <SequencePoint vc="0" uspid="4344" ordinal="0" offset="480" sl="82" sc="17" el="82" ec="17" bec="0" bev="0" fileid="8" />
                <SequencePoint vc="0" uspid="4345" ordinal="0" offset="507" sl="83" sc="17" el="83" ec="17" bec="0" bev="0" fileid="8" />
                <SequencePoint vc="0" uspid="4346" ordinal="0" offset="518" sl="84" sc="13" el="84" ec="13" bec="0" bev="0" fileid="8" />
                <SequencePoint vc="66" uspid="4347" ordinal="0" offset="519" sl="86" sc="13" el="86" ec="13" bec="0" bev="0" fileid="8" />
                <SequencePoint vc="0" uspid="4348" ordinal="0" offset="534" sl="87" sc="13" el="87" ec="13" bec="0" bev="0" fileid="8" />
                <SequencePoint vc="0" uspid="4349" ordinal="0" offset="535" sl="88" sc="17" el="88" ec="17" bec="0" bev="0" fileid="8" />
                <SequencePoint vc="0" uspid="4350" ordinal="0" offset="553" sl="89" sc="17" el="89" ec="17" bec="0" bev="0" fileid="8" />
                <SequencePoint vc="0" uspid="4351" ordinal="0" offset="587" sl="90" sc="17" el="90" ec="17" bec="0" bev="0" fileid="8" />
                <SequencePoint vc="0" uspid="4352" ordinal="0" offset="620" sl="91" sc="17" el="91" ec="17" bec="0" bev="0" fileid="8" />
                <SequencePoint vc="0" uspid="4353" ordinal="0" offset="632" sl="91" sc="32" el="91" ec="32" bec="0" bev="0" fileid="8" />
                <SequencePoint vc="0" uspid="4354" ordinal="0" offset="640" sl="92" sc="17" el="92" ec="17" bec="0" bev="0" fileid="8" />
                <SequencePoint vc="0" uspid="4355" ordinal="0" offset="718" sl="93" sc="17" el="93" ec="17" bec="0" bev="0" fileid="8" />
                <SequencePoint vc="0" uspid="4356" ordinal="0" offset="729" sl="94" sc="13" el="94" ec="13" bec="0" bev="0" fileid="8" />
                <SequencePoint vc="66" uspid="4357" ordinal="0" offset="730" sl="96" sc="13" el="96" ec="13" bec="0" bev="0" fileid="8" />
                <SequencePoint vc="0" uspid="4358" ordinal="0" offset="750" sl="97" sc="13" el="97" ec="13" bec="0" bev="0" fileid="8" />
                <SequencePoint vc="0" uspid="4359" ordinal="0" offset="751" sl="98" sc="17" el="98" ec="17" bec="0" bev="0" fileid="8" />
                <SequencePoint vc="0" uspid="4360" ordinal="0" offset="773" sl="99" sc="17" el="99" ec="17" bec="0" bev="0" fileid="8" />
                <SequencePoint vc="0" uspid="4361" ordinal="0" offset="802" sl="100" sc="13" el="100" ec="13" bec="0" bev="0" fileid="8" />
                <SequencePoint vc="66" uspid="4362" ordinal="0" offset="803" sl="102" sc="13" el="102" ec="13" bec="0" bev="0" fileid="8" />
                <SequencePoint vc="0" uspid="4363" ordinal="0" offset="816" sl="102" sc="51" el="102" ec="51" bec="0" bev="0" fileid="8" />
                <SequencePoint vc="66" uspid="4364" ordinal="0" offset="835" sl="103" sc="18" el="103" ec="18" bec="0" bev="0" fileid="8" />
                <SequencePoint vc="0" uspid="4365" ordinal="0" offset="848" sl="103" sc="56" el="103" ec="56" bec="0" bev="0" fileid="8" />
                <SequencePoint vc="66" uspid="4366" ordinal="0" offset="867" sl="104" sc="18" el="104" ec="18" bec="0" bev="0" fileid="8" />
                <SequencePoint vc="0" uspid="4367" ordinal="0" offset="880" sl="104" sc="56" el="104" ec="56" bec="0" bev="0" fileid="8" />
                <SequencePoint vc="66" uspid="4368" ordinal="0" offset="897" sl="106" sc="13" el="106" ec="13" bec="0" bev="0" fileid="8" />
                <SequencePoint vc="0" uspid="4369" ordinal="0" offset="910" sl="107" sc="17" el="107" ec="17" bec="0" bev="0" fileid="8" />
                <SequencePoint vc="66" uspid="4370" ordinal="0" offset="917" sl="109" sc="13" el="109" ec="13" bec="0" bev="0" fileid="8" />
                <SequencePoint vc="66" uspid="4371" ordinal="0" offset="924" sl="110" sc="9" el="110" ec="9" bec="0" bev="0" fileid="8" />
              </SequencePoints>
              <BranchPoints />
            </Method>
            <Method visited="true" cyclomaticComplexity="3" nPathComplexity="0" sequenceCoverage="83.33" branchCoverage="0" crapScore="3.04" isConstructor="false" isStatic="true" isGetter="false" isSetter="false">
              <Summary numSequencePoints="6" visitedSequencePoints="5" numBranchPoints="0" visitedBranchPoints="0" sequenceCoverage="83.33" branchCoverage="0" maxCyclomaticComplexity="3" minCyclomaticComplexity="3" maxCrapScore="3.04" minCrapScore="3.04" visitedClasses="0" numClasses="0" visitedMethods="1" numMethods="1" />
              <MetadataToken>100663458</MetadataToken>
              <Name>static System.Boolean KitchenDesigner.Core.CameraController::PointerOverUI()</Name>
              <FileRef uid="8" />
              <SequencePoints>
                <SequencePoint vc="66" uspid="4372" ordinal="0" offset="0" sl="113" sc="9" el="113" ec="9" bec="0" bev="0" fileid="8" />
                <SequencePoint vc="66" uspid="4373" ordinal="0" offset="1" sl="114" sc="13" el="114" ec="13" bec="0" bev="0" fileid="8" />
                <SequencePoint vc="66" uspid="4374" ordinal="0" offset="7" sl="115" sc="13" el="115" ec="13" bec="0" bev="0" fileid="8" />
                <SequencePoint vc="0" uspid="4375" ordinal="0" offset="18" sl="115" sc="29" el="115" ec="29" bec="0" bev="0" fileid="8" />
                <SequencePoint vc="66" uspid="4376" ordinal="0" offset="22" sl="116" sc="13" el="116" ec="13" bec="0" bev="0" fileid="8" />
                <SequencePoint vc="66" uspid="4377" ordinal="0" offset="43" sl="117" sc="9" el="117" ec="9" bec="0" bev="0" fileid="8" />
              </SequencePoints>
              <BranchPoints />
            </Method>
            <Method visited="true" cyclomaticComplexity="2" nPathComplexity="0" sequenceCoverage="100.0" branchCoverage="0" crapScore="2" isConstructor="false" isStatic="false" isGetter="false" isSetter="false">
              <Summary numSequencePoints="10" visitedSequencePoints="10" numBranchPoints="0" visitedBranchPoints="0" sequenceCoverage="100.0" branchCoverage="0" maxCyclomaticComplexity="2" minCyclomaticComplexity="2" maxCrapScore="2" minCrapScore="2" visitedClasses="0" numClasses="0" visitedMethods="1" numMethods="1" />
              <MetadataToken>100663464</MetadataToken>
              <Name>System.Void KitchenDesigner.Core.CameraController::UpdateCameraPosition()</Name>
              <FileRef uid="8" />
              <SequencePoints>
                <SequencePoint vc="79" uspid="4411" ordinal="0" offset="0" sl="160" sc="9" el="160" ec="9" bec="0" bev="0" fileid="8" />
                <SequencePoint vc="79" uspid="4412" ordinal="0" offset="1" sl="161" sc="13" el="161" ec="13" bec="0" bev="0" fileid="8" />
                <SequencePoint vc="79" uspid="4413" ordinal="0" offset="24" sl="162" sc="13" el="162" ec="13" bec="0" bev="0" fileid="8" />
                <SequencePoint vc="79" uspid="4414" ordinal="0" offset="47" sl="163" sc="13" el="163" ec="13" bec="0" bev="0" fileid="8" />
                <SequencePoint vc="79" uspid="4415" ordinal="0" offset="53" sl="164" sc="13" el="164" ec="13" bec="0" bev="0" fileid="8" />
                <SequencePoint vc="79" uspid="4416" ordinal="0" offset="64" sl="165" sc="13" el="165" ec="13" bec="0" bev="0" fileid="8" />
                <SequencePoint vc="79" uspid="4417" ordinal="0" offset="65" sl="166" sc="17" el="166" ec="17" bec="0" bev="0" fileid="8" />
                <SequencePoint vc="79" uspid="4418" ordinal="0" offset="89" sl="167" sc="17" el="167" ec="17" bec="0" bev="0" fileid="8" />
                <SequencePoint vc="79" uspid="4419" ordinal="0" offset="107" sl="168" sc="13" el="168" ec="13" bec="0" bev="0" fileid="8" />
                <SequencePoint vc="79" uspid="4420" ordinal="0" offset="108" sl="169" sc="9" el="169" ec="9" bec="0" bev="0" fileid="8" />
              </SequencePoints>
              <BranchPoints />
            </Method>
            <Method visited="true" cyclomaticComplexity="1" nPathComplexity="0" sequenceCoverage="100.0" branchCoverage="0" crapScore="1" isConstructor="true" isStatic="false" isGetter="false" isSetter="false">
              <Summary numSequencePoints="9" visitedSequencePoints="9" numBranchPoints="0" visitedBranchPoints="0" sequenceCoverage="100.0" branchCoverage="0" maxCyclomaticComplexity="1" minCyclomaticComplexity="1" maxCrapScore="1" minCrapScore="1" visitedClasses="0" numClasses="0" visitedMethods="1" numMethods="1" />
              <MetadataToken>100663465</MetadataToken>
              <Name>KitchenDesigner.Core.CameraController::CameraController()</Name>
              <FileRef uid="8" />
              <SequencePoints>
                <SequencePoint vc="13" uspid="4421" ordinal="0" offset="0" sl="7" sc="26" el="7" ec="26" bec="0" bev="0" fileid="8" />
                <SequencePoint vc="13" uspid="4422" ordinal="0" offset="11" sl="8" sc="26" el="8" ec="26" bec="0" bev="0" fileid="8" />
                <SequencePoint vc="13" uspid="4423" ordinal="0" offset="22" sl="9" sc="26" el="9" ec="26" bec="0" bev="0" fileid="8" />
                <SequencePoint vc="13" uspid="4424" ordinal="0" offset="33" sl="10" sc="26" el="10" ec="26" bec="0" bev="0" fileid="8" />
                <SequencePoint vc="13" uspid="4425" ordinal="0" offset="44" sl="11" sc="26" el="11" ec="26" bec="0" bev="0" fileid="8" />
                <SequencePoint vc="13" uspid="4426" ordinal="0" offset="55" sl="12" sc="26" el="12" ec="26" bec="0" bev="0" fileid="8" />
                <SequencePoint vc="13" uspid="4427" ordinal="0" offset="66" sl="14" sc="9" el="14" ec="9" bec="0" bev="0" fileid="8" />
                <SequencePoint vc="13" uspid="4428" ordinal="0" offset="77" sl="15" sc="9" el="15" ec="9" bec="0" bev="0" fileid="8" />
                <SequencePoint vc="13" uspid="4429" ordinal="0" offset="88" sl="16" sc="9" el="16" ec="9" bec="0" bev="0" fileid="8" />
              </SequencePoints>
              <BranchPoints />
            </Method>
          </Methods>
        </Class>
        <Class>
          <Summary numSequencePoints="11" visitedSequencePoints="10" numBranchPoints="0" visitedBranchPoints="0" sequenceCoverage="90.91" branchCoverage="0.0" maxCyclomaticComplexity="2" minCyclomaticComplexity="1" maxCrapScore="2.01" minCrapScore="1" visitedClasses="1" numClasses="1" visitedMethods="4" numMethods="4" />
          <FullName>KitchenDesigner.Core.CommandStack</FullName>
          <Methods>
            <Method visited="true" cyclomaticComplexity="1" nPathComplexity="0" sequenceCoverage="100.0" branchCoverage="0" crapScore="1" isConstructor="false" isStatic="true" isGetter="true" isSetter="false">
              <Summary numSequencePoints="1" visitedSequencePoints="1" numBranchPoints="0" visitedBranchPoints="0" sequenceCoverage="100.0" branchCoverage="0" maxCyclomaticComplexity="1" minCyclomaticComplexity="1" maxCrapScore="1" minCrapScore="1" visitedClasses="0" numClasses="0" visitedMethods="1" numMethods="1" />
              <MetadataToken>100663469</MetadataToken>
              <Name>static System.Boolean KitchenDesigner.Core.CommandStack::get_CanUndo()</Name>
              <FileRef uid="9" />
              <SequencePoints>
                <SequencePoint vc="66" uspid="4430" ordinal="0" offset="0" sl="19" sc="39" el="19" ec="39" bec="0" bev="0" fileid="9" />
              </SequencePoints>
              <BranchPoints />
            </Method>
            <Method visited="true" cyclomaticComplexity="1" nPathComplexity="0" sequenceCoverage="100.0" branchCoverage="0" crapScore="1" isConstructor="false" isStatic="true" isGetter="true" isSetter="false">
              <Summary numSequencePoints="1" visitedSequencePoints="1" numBranchPoints="0" visitedBranchPoints="0" sequenceCoverage="100.0" branchCoverage="0" maxCyclomaticComplexity="1" minCyclomaticComplexity="1" maxCrapScore="1" minCrapScore="1" visitedClasses="0" numClasses="0" visitedMethods="1" numMethods="1" />
              <MetadataToken>100663470</MetadataToken>
              <Name>static System.Boolean KitchenDesigner.Core.CommandStack::get_CanRedo()</Name>
              <FileRef uid="9" />
              <SequencePoints>
                <SequencePoint vc="66" uspid="4431" ordinal="0" offset="0" sl="20" sc="39" el="20" ec="39" bec="0" bev="0" fileid="9" />
              </SequencePoints>
              <BranchPoints />
            </Method>
            <Method visited="true" cyclomaticComplexity="2" nPathComplexity="0" sequenceCoverage="85.71" branchCoverage="0" crapScore="2.01" isConstructor="false" isStatic="true" isGetter="false" isSetter="false">
              <Summary numSequencePoints="7" visitedSequencePoints="6" numBranchPoints="0" visitedBranchPoints="0" sequenceCoverage="85.71" branchCoverage="0" maxCyclomaticComplexity="2" minCyclomaticComplexity="2" maxCrapScore="2.01" minCrapScore="2.01" visitedClasses="0" numClasses="0" visitedMethods="1" numMethods="1" />
              <MetadataToken>100663471</MetadataToken>
              <Name>static System.Void KitchenDesigner.Core.CommandStack::Execute(KitchenDesigner.Core.IUndoCommand)</Name>
              <FileRef uid="9" />
              <SequencePoints>
                <SequencePoint vc="5" uspid="4432" ordinal="0" offset="0" sl="23" sc="9" el="23" ec="9" bec="0" bev="0" fileid="9" />
                <SequencePoint vc="5" uspid="4433" ordinal="0" offset="1" sl="24" sc="13" el="24" ec="13" bec="0" bev="0" fileid="9" />
                <SequencePoint vc="5" uspid="4434" ordinal="0" offset="8" sl="25" sc="13" el="25" ec="13" bec="0" bev="0" fileid="9" />
                <SequencePoint vc="5" uspid="4435" ordinal="0" offset="20" sl="26" sc="13" el="26" ec="13" bec="0" bev="0" fileid="9" />
                <SequencePoint vc="0" uspid="4436" ordinal="0" offset="38" sl="27" sc="17" el="27" ec="17" bec="0" bev="0" fileid="9" />
                <SequencePoint vc="5" uspid="4437" ordinal="0" offset="50" sl="28" sc="13" el="28" ec="13" bec="0" bev="0" fileid="9" />
                <SequencePoint vc="5" uspid="4438" ordinal="0" offset="61" sl="29" sc="9" el="29" ec="9" bec="0" bev="0" fileid="9" />
              </SequencePoints>
              <BranchPoints />
            </Method>
            <Method visited="true" cyclomaticComplexity="1" nPathComplexity="0" sequenceCoverage="100.0" branchCoverage="0" crapScore="1" isConstructor="true" isStatic="true" isGetter="false" isSetter="false">
              <Summary numSequencePoints="2" visitedSequencePoints="2" numBranchPoints="0" visitedBranchPoints="0" sequenceCoverage="100.0" branchCoverage="0" maxCyclomaticComplexity="1" minCyclomaticComplexity="1" maxCrapScore="1" minCrapScore="1" visitedClasses="0" numClasses="0" visitedMethods="1" numMethods="1" />
              <MetadataToken>100663476</MetadataToken>
              <Name>static KitchenDesigner.Core.CommandStack::CommandStack()</Name>
              <FileRef uid="9" />
              <SequencePoints>
                <SequencePoint vc="1" uspid="4464" ordinal="0" offset="0" sl="15" sc="9" el="15" ec="9" bec="0" bev="0" fileid="9" />
                <SequencePoint vc="1" uspid="4465" ordinal="0" offset="10" sl="16" sc="9" el="16" ec="9" bec="0" bev="0" fileid="9" />
              </SequencePoints>
              <BranchPoints />
            </Method>
          </Methods>
        </Class>
        <Class>
          <Summary numSequencePoints="12" visitedSequencePoints="11" numBranchPoints="0" visitedBranchPoints="0" sequenceCoverage="91.67" branchCoverage="0.0" maxCyclomaticComplexity="3" minCyclomaticComplexity="3" maxCrapScore="3.03" minCrapScore="3" visitedClasses="1" numClasses="1" visitedMethods="2" numMethods="2" />
          <FullName>KitchenDesigner.Core.CreateCommand</FullName>
          <Methods>
            <Method visited="true" cyclomaticComplexity="3" nPathComplexity="0" sequenceCoverage="85.71" branchCoverage="0" crapScore="3.03" isConstructor="false" isStatic="false" isGetter="false" isSetter="false">
              <Summary numSequencePoints="7" visitedSequencePoints="6" numBranchPoints="0" visitedBranchPoints="0" sequenceCoverage="85.71" branchCoverage="0" maxCyclomaticComplexity="3" minCyclomaticComplexity="3" maxCrapScore="3.03" minCrapScore="3.03" visitedClasses="0" numClasses="0" visitedMethods="1" numMethods="1" />
              <MetadataToken>100663483</MetadataToken>
              <Name>System.Void KitchenDesigner.Core.CreateCommand::Execute()</Name>
              <FileRef uid="9" />
              <SequencePoints>
                <SequencePoint vc="5" uspid="4488" ordinal="0" offset="0" sl="112" sc="9" el="112" ec="9" bec="0" bev="0" fileid="9" />
                <SequencePoint vc="5" uspid="4489" ordinal="0" offset="1" sl="113" sc="13" el="113" ec="13" bec="0" bev="0" fileid="9" />
                <SequencePoint vc="0" uspid="4490" ordinal="0" offset="17" sl="113" sc="35" el="113" ec="35" bec="0" bev="0" fileid="9" />
                <SequencePoint vc="5" uspid="4491" ordinal="0" offset="19" sl="114" sc="13" el="114" ec="13" bec="0" bev="0" fileid="9" />
                <SequencePoint vc="5" uspid="4492" ordinal="0" offset="32" sl="115" sc="13" el="115" ec="13" bec="0" bev="0" fileid="9" />
                <SequencePoint vc="5" uspid="4493" ordinal="0" offset="48" sl="116" sc="17" el="116" ec="17" bec="0" bev="0" fileid="9" />
                <SequencePoint vc="5" uspid="4494" ordinal="0" offset="60" sl="117" sc="9" el="117" ec="9" bec="0" bev="0" fileid="9" />
              </SequencePoints>
              <BranchPoints />
            </Method>
            <Method visited="true" cyclomaticComplexity="3" nPathComplexity="0" sequenceCoverage="100.0" branchCoverage="0" crapScore="3" isConstructor="true" isStatic="false" isGetter="false" isSetter="false">
              <Summary numSequencePoints="5" visitedSequencePoints="5" numBranchPoints="0" visitedBranchPoints="0" sequenceCoverage="100.0" branchCoverage="0" maxCyclomaticComplexity="3" minCyclomaticComplexity="3" maxCrapScore="3" minCrapScore="3" visitedClasses="0" numClasses="0" visitedMethods="1" numMethods="1" />
              <MetadataToken>100663482</MetadataToken>
              <Name>KitchenDesigner.Core.CreateCommand::CreateCommand(UnityEngine.GameObject)</Name>
              <FileRef uid="9" />
              <SequencePoints>
                <SequencePoint vc="5" uspid="4502" ordinal="0" offset="0" sl="105" sc="9" el="105" ec="9" bec="0" bev="0" fileid="9" />
                <SequencePoint vc="5" uspid="4503" ordinal="0" offset="7" sl="106" sc="9" el="106" ec="9" bec="0" bev="0" fileid="9" />
                <SequencePoint vc="5" uspid="4504" ordinal="0" offset="8" sl="107" sc="13" el="107" ec="13" bec="0" bev="0" fileid="9" />
                <SequencePoint vc="5" uspid="4505" ordinal="0" offset="15" sl="108" sc="13" el="108" ec="13" bec="0" bev="0" fileid="9" />
                <SequencePoint vc="5" uspid="4506" ordinal="0" offset="33" sl="109" sc="9" el="109" ec="9" bec="0" bev="0" fileid="9" />
              </SequencePoints>
              <BranchPoints />
            </Method>
          </Methods>
        </Class>
        <Class>
          <Summary numSequencePoints="3" visitedSequencePoints="3" numBranchPoints="0" visitedBranchPoints="0" sequenceCoverage="100.0" branchCoverage="0.0" maxCyclomaticComplexity="1" minCyclomaticComplexity="1" maxCrapScore="1" minCrapScore="1" visitedClasses="1" numClasses="1" visitedMethods="1" numMethods="1" />
          <FullName>KitchenDesigner.Core.ValidationResult</FullName>
          <Methods>
            <Method visited="true" cyclomaticComplexity="1" nPathComplexity="0" sequenceCoverage="100.0" branchCoverage="0" crapScore="1" isConstructor="true" isStatic="false" isGetter="false" isSetter="false">
              <Summary numSequencePoints="3" visitedSequencePoints="3" numBranchPoints="0" visitedBranchPoints="0" sequenceCoverage="100.0" branchCoverage="0" maxCyclomaticComplexity="1" minCyclomaticComplexity="1" maxCrapScore="1" minCrapScore="1" visitedClasses="0" numClasses="0" visitedMethods="1" numMethods="1" />
              <MetadataToken>100663497</MetadataToken>
              <Name>KitchenDesigner.Core.ValidationResult::ValidationResult()</Name>
              <FileRef uid="10" />
              <SequencePoints>
                <SequencePoint vc="38" uspid="4573" ordinal="0" offset="0" sl="8" sc="9" el="8" ec="9" bec="0" bev="0" fileid="10" />
                <SequencePoint vc="38" uspid="4574" ordinal="0" offset="11" sl="9" sc="9" el="9" ec="9" bec="0" bev="0" fileid="10" />
                <SequencePoint vc="38" uspid="4575" ordinal="0" offset="22" sl="10" sc="9" el="10" ec="9" bec="0" bev="0" fileid="10" />
              </SequencePoints>
              <BranchPoints />
            </Method>
          </Methods>
        </Class>
        <Class>
          <Summary numSequencePoints="198" visitedSequencePoints="170" numBranchPoints="0" visitedBranchPoints="0" sequenceCoverage="85.86" branchCoverage="0.0" maxCyclomaticComplexity="26" minCyclomaticComplexity="1" maxCrapScore="34.08" minCrapScore="1" visitedClasses="1" numClasses="1" visitedMethods="6" numMethods="6" />
          <FullName>KitchenDesigner.Core.ConstraintValidator</FullName>
          <Methods>
            <Method visited="true" cyclomaticComplexity="4" nPathComplexity="0" sequenceCoverage="100.0" branchCoverage="0" crapScore="4" isConstructor="false" isStatic="true" isGetter="false" isSetter="false">
              <Summary numSequencePoints="1" visitedSequencePoints="1" numBranchPoints="0" visitedBranchPoints="0" sequenceCoverage="100.0" branchCoverage="0" maxCyclomaticComplexity="4" minCyclomaticComplexity="4" maxCrapScore="4" minCrapScore="4" visitedClasses="0" numClasses="0" visitedMethods="1" numMethods="1" />
              <MetadataToken>100663498</MetadataToken>
              <Name>static System.Boolean KitchenDesigner.Core.ConstraintValidator::IsAnchor(KitchenDesigner.Core.KitchenElement)</Name>
              <FileRef uid="10" />
              <SequencePoints>
                <SequencePoint vc="198" uspid="4576" ordinal="0" offset="0" sl="21" sc="13" el="21" ec="13" bec="0" bev="0" fileid="10" />
              </SequencePoints>
              <BranchPoints />
            </Method>
            <Method visited="true" cyclomaticComplexity="12" nPathComplexity="0" sequenceCoverage="90.48" branchCoverage="0" crapScore="12.12" isConstructor="false" isStatic="true" isGetter="false" isSetter="false">
              <Summary numSequencePoints="42" visitedSequencePoints="38" numBranchPoints="0" visitedBranchPoints="0" sequenceCoverage="90.48" branchCoverage="0" maxCyclomaticComplexity="12" minCyclomaticComplexity="12" maxCrapScore="12.12" minCrapScore="12.12" visitedClasses="0" numClasses="0" visitedMethods="1" numMethods="1" />
              <MetadataToken>100663499</MetadataToken>
              <Name>static KitchenDesigner.Core.ValidationResult KitchenDesigner.Core.ConstraintValidator::Validate(System.Collections.Generic.List[KitchenElement])</Name>
              <FileRef uid="10" />
              <SequencePoints>
                <SequencePoint vc="38" uspid="4577" ordinal="0" offset="0" sl="24" sc="9" el="24" ec="9" bec="0" bev="0" fileid="10" />
                <SequencePoint vc="38" uspid="4578" ordinal="0" offset="1" sl="25" sc="13" el="25" ec="13" bec="0" bev="0" fileid="10" />
                <SequencePoint vc="38" uspid="4579" ordinal="0" offset="7" sl="27" sc="13" el="27" ec="13" bec="0" bev="0" fileid="10" />
                <SequencePoint vc="0" uspid="4580" ordinal="0" offset="26" sl="28" sc="13" el="28" ec="13" bec="0" bev="0" fileid="10" />
                <SequencePoint vc="0" uspid="4581" ordinal="0" offset="27" sl="29" sc="17" el="29" ec="17" bec="0" bev="0" fileid="10" />
                <SequencePoint vc="0" uspid="4582" ordinal="0" offset="34" sl="30" sc="17" el="30" ec="17" bec="0" bev="0" fileid="10" />
                <SequencePoint vc="38" uspid="4583" ordinal="0" offset="42" sl="33" sc="13" el="33" ec="13" bec="0" bev="0" fileid="10" />
                <SequencePoint vc="38" uspid="4584" ordinal="0" offset="48" sl="34" sc="13" el="34" ec="13" bec="0" bev="0" fileid="10" />
                <SequencePoint vc="38" uspid="4585" ordinal="0" offset="54" sl="36" sc="18" el="36" ec="18" bec="0" bev="0" fileid="10" />
                <SequencePoint vc="77" uspid="4586" ordinal="0" offset="62" sl="37" sc="13" el="37" ec="13" bec="0" bev="0" fileid="10" />
                <SequencePoint vc="77" uspid="4587" ordinal="0" offset="63" sl="38" sc="22" el="38" ec="22" bec="0" bev="0" fileid="10" />
                <SequencePoint vc="57" uspid="4588" ordinal="0" offset="71" sl="39" sc="17" el="39" ec="17" bec="0" bev="0" fileid="10" />
                <SequencePoint vc="57" uspid="4589" ordinal="0" offset="72" sl="40" sc="21" el="40" ec="21" bec="0" bev="0" fileid="10" />
                <SequencePoint vc="57" uspid="4590" ordinal="0" offset="82" sl="41" sc="21" el="41" ec="21" bec="0" bev="0" fileid="10" />
                <SequencePoint vc="57" uspid="4591" ordinal="0" offset="92" sl="42" sc="21" el="42" ec="21" bec="0" bev="0" fileid="10" />
                <SequencePoint vc="0" uspid="4592" ordinal="0" offset="119" sl="42" sc="49" el="42" ec="49" bec="0" bev="0" fileid="10" />
                <SequencePoint vc="57" uspid="4593" ordinal="0" offset="121" sl="43" sc="21" el="43" ec="21" bec="0" bev="0" fileid="10" />
                <SequencePoint vc="43" uspid="4594" ordinal="0" offset="136" sl="44" sc="21" el="44" ec="21" bec="0" bev="0" fileid="10" />
                <SequencePoint vc="43" uspid="4595" ordinal="0" offset="137" sl="48" sc="25" el="48" ec="25" bec="0" bev="0" fileid="10" />
                <SequencePoint vc="43" uspid="4596" ordinal="0" offset="146" sl="49" sc="25" el="49" ec="25" bec="0" bev="0" fileid="10" />
                <SequencePoint vc="43" uspid="4597" ordinal="0" offset="155" sl="50" sc="25" el="50" ec="25" bec="0" bev="0" fileid="10" />
                <SequencePoint vc="14" uspid="4598" ordinal="0" offset="157" sl="53" sc="21" el="53" ec="21" bec="0" bev="0" fileid="10" />
                <SequencePoint vc="14" uspid="4599" ordinal="0" offset="169" sl="54" sc="17" el="54" ec="17" bec="0" bev="0" fileid="10" />
                <SequencePoint vc="57" uspid="4600" ordinal="0" offset="170" sl="38" sc="52" el="38" ec="52" bec="0" bev="0" fileid="10" />
                <SequencePoint vc="134" uspid="4601" ordinal="0" offset="176" sl="38" sc="37" el="38" ec="37" bec="0" bev="0" fileid="10" />
                <SequencePoint vc="77" uspid="4602" ordinal="0" offset="192" sl="55" sc="13" el="55" ec="13" bec="0" bev="0" fileid="10" />
                <SequencePoint vc="77" uspid="4603" ordinal="0" offset="193" sl="36" sc="44" el="36" ec="44" bec="0" bev="0" fileid="10" />
                <SequencePoint vc="115" uspid="4604" ordinal="0" offset="199" sl="36" sc="29" el="36" ec="29" bec="0" bev="0" fileid="10" />
                <SequencePoint vc="38" uspid="4605" ordinal="0" offset="218" sl="57" sc="13" el="57" ec="13" bec="0" bev="0" fileid="10" />
                <SequencePoint vc="38" uspid="4606" ordinal="0" offset="226" sl="61" sc="13" el="61" ec="13" bec="0" bev="0" fileid="10" />
                <SequencePoint vc="38" uspid="4607" ordinal="0" offset="227" sl="61" sc="31" el="61" ec="31" bec="0" bev="0" fileid="10" />
                <SequencePoint vc="44" uspid="4608" ordinal="0" offset="237" sl="61" sc="22" el="61" ec="22" bec="0" bev="0" fileid="10" />
                <SequencePoint vc="44" uspid="4609" ordinal="0" offset="246" sl="62" sc="13" el="62" ec="13" bec="0" bev="0" fileid="10" />
                <SequencePoint vc="44" uspid="4610" ordinal="0" offset="247" sl="63" sc="17" el="63" ec="17" bec="0" bev="0" fileid="10" />
                <SequencePoint vc="15" uspid="4611" ordinal="0" offset="273" sl="63" sc="47" el="63" ec="47" bec="0" bev="0" fileid="10" />
                <SequencePoint vc="29" uspid="4612" ordinal="0" offset="275" sl="64" sc="17" el="64" ec="17" bec="0" bev="0" fileid="10" />
                <SequencePoint vc="2" uspid="4613" ordinal="0" offset="297" sl="65" sc="21" el="65" ec="21" bec="0" bev="0" fileid="10" />
                <SequencePoint vc="29" uspid="4614" ordinal="0" offset="311" sl="66" sc="13" el="66" ec="13" bec="0" bev="0" fileid="10" />
                <SequencePoint vc="82" uspid="4615" ordinal="0" offset="312" sl="61" sc="28" el="61" ec="28" bec="0" bev="0" fileid="10" />
                <SequencePoint vc="38" uspid="4616" ordinal="0" offset="338" sl="67" sc="13" el="67" ec="13" bec="0" bev="0" fileid="10" />
                <SequencePoint vc="38" uspid="4617" ordinal="0" offset="358" sl="69" sc="13" el="69" ec="13" bec="0" bev="0" fileid="10" />
                <SequencePoint vc="38" uspid="4618" ordinal="0" offset="363" sl="70" sc="9" el="70" ec="9" bec="0" bev="0" fileid="10" />
              </SequencePoints>
              <BranchPoints />
            </Method>
            <Method visited="true" cyclomaticComplexity="6" nPathComplexity="0" sequenceCoverage="100.0" branchCoverage="0" crapScore="6" isConstructor="false" isStatic="true" isGetter="false" isSetter="false">
              <Summary numSequencePoints="25" visitedSequencePoints="25" numBranchPoints="0" visitedBranchPoints="0" sequenceCoverage="100.0" branchCoverage="0" maxCyclomaticComplexity="6" minCyclomaticComplexity="6" maxCrapScore="6" minCrapScore="6" visitedClasses="0" numClasses="0" visitedMethods="1" numMethods="1" />
              <MetadataToken>100663500</MetadataToken>
              <Name>static System.Void KitchenDesigner.Core.ConstraintValidator::CheckPair(KitchenDesigner.Core.KitchenElement, KitchenDesigner.Core.KitchenElement, System.Single, KitchenDesigner.Core.ValidationResult)</Name>
              <FileRef uid="10" />
              <SequencePoints>
                <SequencePoint vc="14" uspid="4619" ordinal="0" offset="0" sl="73" sc="9" el="73" ec="9" bec="0" bev="0" fileid="10" />
                <SequencePoint vc="14" uspid="4620" ordinal="0" offset="1" sl="74" sc="13" el="74" ec="13" bec="0" bev="0" fileid="10" />
                <SequencePoint vc="14" uspid="4621" ordinal="0" offset="8" sl="75" sc="13" el="75" ec="13" bec="0" bev="0" fileid="10" />
                <SequencePoint vc="14" uspid="4622" ordinal="0" offset="15" sl="77" sc="18" el="77" ec="18" bec="0" bev="0" fileid="10" />
                <SequencePoint vc="84" uspid="4623" ordinal="0" offset="22" sl="78" sc="13" el="78" ec="13" bec="0" bev="0" fileid="10" />
                <SequencePoint vc="84" uspid="4624" ordinal="0" offset="23" sl="79" sc="22" el="79" ec="22" bec="0" bev="0" fileid="10" />
                <SequencePoint vc="504" uspid="4625" ordinal="0" offset="30" sl="80" sc="17" el="80" ec="17" bec="0" bev="0" fileid="10" />
                <SequencePoint vc="504" uspid="4626" ordinal="0" offset="31" sl="81" sc="21" el="81" ec="21" bec="0" bev="0" fileid="10" />
                <SequencePoint vc="504" uspid="4627" ordinal="0" offset="62" sl="82" sc="21" el="82" ec="21" bec="0" bev="0" fileid="10" />
                <SequencePoint vc="336" uspid="4628" ordinal="0" offset="82" sl="82" sc="50" el="82" ec="50" bec="0" bev="0" fileid="10" />
                <SequencePoint vc="168" uspid="4629" ordinal="0" offset="87" sl="84" sc="21" el="84" ec="21" bec="0" bev="0" fileid="10" />
                <SequencePoint vc="168" uspid="4630" ordinal="0" offset="118" sl="85" sc="21" el="85" ec="21" bec="0" bev="0" fileid="10" />
                <SequencePoint vc="168" uspid="4631" ordinal="0" offset="144" sl="86" sc="21" el="86" ec="21" bec="0" bev="0" fileid="10" />
                <SequencePoint vc="151" uspid="4632" ordinal="0" offset="155" sl="86" sc="50" el="86" ec="50" bec="0" bev="0" fileid="10" />
                <SequencePoint vc="17" uspid="4633" ordinal="0" offset="157" sl="88" sc="21" el="88" ec="21" bec="0" bev="0" fileid="10" />
                <SequencePoint vc="6" uspid="4634" ordinal="0" offset="189" sl="89" sc="25" el="89" ec="25" bec="0" bev="0" fileid="10" />
                <SequencePoint vc="11" uspid="4635" ordinal="0" offset="191" sl="91" sc="21" el="91" ec="21" bec="0" bev="0" fileid="10" />
                <SequencePoint vc="11" uspid="4636" ordinal="0" offset="205" sl="92" sc="21" el="92" ec="21" bec="0" bev="0" fileid="10" />
                <SequencePoint vc="11" uspid="4637" ordinal="0" offset="230" sl="93" sc="17" el="93" ec="17" bec="0" bev="0" fileid="10" />
                <SequencePoint vc="504" uspid="4638" ordinal="0" offset="231" sl="79" sc="42" el="79" ec="42" bec="0" bev="0" fileid="10" />
                <SequencePoint vc="588" uspid="4639" ordinal="0" offset="235" sl="79" sc="34" el="79" ec="34" bec="0" bev="0" fileid="10" />
                <SequencePoint vc="84" uspid="4640" ordinal="0" offset="248" sl="94" sc="13" el="94" ec="13" bec="0" bev="0" fileid="10" />
                <SequencePoint vc="84" uspid="4641" ordinal="0" offset="249" sl="77" sc="38" el="77" ec="38" bec="0" bev="0" fileid="10" />
                <SequencePoint vc="98" uspid="4642" ordinal="0" offset="253" sl="77" sc="30" el="77" ec="30" bec="0" bev="0" fileid="10" />
                <SequencePoint vc="14" uspid="4643" ordinal="0" offset="266" sl="95" sc="9" el="95" ec="9" bec="0" bev="0" fileid="10" />
              </SequencePoints>
              <BranchPoints />
            </Method>
            <Method visited="true" cyclomaticComplexity="5" nPathComplexity="0" sequenceCoverage="100.0" branchCoverage="0" crapScore="5" isConstructor="false" isStatic="true" isGetter="false" isSetter="false">
              <Summary numSequencePoints="19" visitedSequencePoints="19" numBranchPoints="0" visitedBranchPoints="0" sequenceCoverage="100.0" branchCoverage="0" maxCyclomaticComplexity="5" minCyclomaticComplexity="5" maxCrapScore="5" minCrapScore="5" visitedClasses="0" numClasses="0" visitedMethods="1" numMethods="1" />
              <MetadataToken>100663501</MetadataToken>
              <Name>static System.Boolean KitchenDesigner.Core.ConstraintValidator::FacesOverlap(KitchenDesigner.Core.KitchenElement/Face, KitchenDesigner.Core.KitchenElement/Face, System.Single&amp;, System.Single&amp;)</Name>
              <FileRef uid="10" />
              <SequencePoints>
                <SequencePoint vc="17" uspid="4644" ordinal="0" offset="0" sl="100" sc="9" el="100" ec="9" bec="0" bev="0" fileid="10" />
                <SequencePoint vc="17" uspid="4645" ordinal="0" offset="1" sl="101" sc="13" el="101" ec="13" bec="0" bev="0" fileid="10" />
                <SequencePoint vc="17" uspid="4646" ordinal="0" offset="8" sl="102" sc="13" el="102" ec="13" bec="0" bev="0" fileid="10" />
                <SequencePoint vc="17" uspid="4647" ordinal="0" offset="15" sl="104" sc="13" el="104" ec="13" bec="0" bev="0" fileid="10" />
                <SequencePoint vc="17" uspid="4648" ordinal="0" offset="24" sl="105" sc="13" el="105" ec="13" bec="0" bev="0" fileid="10" />
                <SequencePoint vc="17" uspid="4649" ordinal="0" offset="33" sl="107" sc="13" el="107" ec="13" bec="0" bev="0" fileid="10" />
                <SequencePoint vc="17" uspid="4650" ordinal="0" offset="54" sl="108" sc="13" el="108" ec="13" bec="0" bev="0" fileid="10" />
                <SequencePoint vc="17" uspid="4651" ordinal="0" offset="75" sl="109" sc="13" el="109" ec="13" bec="0" bev="0" fileid="10" />
                <SequencePoint vc="17" uspid="4652" ordinal="0" offset="96" sl="110" sc="13" el="110" ec="13" bec="0" bev="0" fileid="10" />
                <SequencePoint vc="17" uspid="4653" ordinal="0" offset="117" sl="112" sc="13" el="112" ec="13" bec="0" bev="0" fileid="10" />
                <SequencePoint vc="6" uspid="4654" ordinal="0" offset="141" sl="113" sc="13" el="113" ec="13" bec="0" bev="0" fileid="10" />
                <SequencePoint vc="6" uspid="4655" ordinal="0" offset="142" sl="114" sc="17" el="114" ec="17" bec="0" bev="0" fileid="10" />
                <SequencePoint vc="6" uspid="4656" ordinal="0" offset="149" sl="115" sc="17" el="115" ec="17" bec="0" bev="0" fileid="10" />
                <SequencePoint vc="6" uspid="4657" ordinal="0" offset="156" sl="116" sc="17" el="116" ec="17" bec="0" bev="0" fileid="10" />
                <SequencePoint vc="11" uspid="4658" ordinal="0" offset="161" sl="119" sc="13" el="119" ec="13" bec="0" bev="0" fileid="10" />
                <SequencePoint vc="11" uspid="4659" ordinal="0" offset="174" sl="120" sc="13" el="120" ec="13" bec="0" bev="0" fileid="10" />
                <SequencePoint vc="11" uspid="4660" ordinal="0" offset="211" sl="121" sc="13" el="121" ec="13" bec="0" bev="0" fileid="10" />
                <SequencePoint vc="11" uspid="4661" ordinal="0" offset="234" sl="122" sc="13" el="122" ec="13" bec="0" bev="0" fileid="10" />
                <SequencePoint vc="17" uspid="4662" ordinal="0" offset="239" sl="123" sc="9" el="123" ec="9" bec="0" bev="0" fileid="10" />
              </SequencePoints>
              <BranchPoints />
            </Method>
            <Method visited="true" cyclomaticComplexity="1" nPathComplexity="0" sequenceCoverage="100.0" branchCoverage="0" crapScore="1" isConstructor="false" isStatic="true" isGetter="false" isSetter="false">
              <Summary numSequencePoints="6" visitedSequencePoints="6" numBranchPoints="0" visitedBranchPoints="0" sequenceCoverage="100.0" branchCoverage="0" maxCyclomaticComplexity="1" minCyclomaticComplexity="1" maxCrapScore="1" minCrapScore="1" visitedClasses="0" numClasses="0" visitedMethods="1" numMethods="1" />
              <MetadataToken>100663502</MetadataToken>
              <Name>static UnityEngine.Rect KitchenDesigner.Core.ConstraintValidator::GetFaceRect(KitchenDesigner.Core.KitchenElement/Face, UnityEngine.Vector3, UnityEngine.Vector3)</Name>
              <FileRef uid="10" />
              <SequencePoints>
                <SequencePoint vc="34" uspid="4663" ordinal="0" offset="0" sl="126" sc="9" el="126" ec="9" bec="0" bev="0" fileid="10" />
                <SequencePoint vc="34" uspid="4664" ordinal="0" offset="1" sl="127" sc="13" el="127" ec="13" bec="0" bev="0" fileid="10" />
                <SequencePoint vc="34" uspid="4665" ordinal="0" offset="32" sl="132" sc="13" el="132" ec="13" bec="0" bev="0" fileid="10" />
                <SequencePoint vc="34" uspid="4666" ordinal="0" offset="104" sl="134" sc="13" el="134" ec="13" bec="0" bev="0" fileid="10" />
                <SequencePoint vc="34" uspid="4667" ordinal="0" offset="176" sl="137" sc="13" el="137" ec="13" bec="0" bev="0" fileid="10" />
                <SequencePoint vc="34" uspid="4668" ordinal="0" offset="214" sl="138" sc="9" el="138" ec="9" bec="0" bev="0" fileid="10" />
              </SequencePoints>
              <BranchPoints />
            </Method>
            <Method visited="true" cyclomaticComplexity="26" nPathComplexity="0" sequenceCoverage="77.14" branchCoverage="0" crapScore="34.08" isConstructor="false" isStatic="true" isGetter="false" isSetter="false">
              <Summary numSequencePoints="105" visitedSequencePoints="81" numBranchPoints="0" visitedBranchPoints="0" sequenceCoverage="77.14" branchCoverage="0" maxCyclomaticComplexity="26" minCyclomaticComplexity="26" maxCrapScore="34.08" minCrapScore="34.08" visitedClasses="0" numClasses="0" visitedMethods="1" numMethods="1" />
              <MetadataToken>100663503</MetadataToken>
              <Name>static System.Void KitchenDesigner.Core.ConstraintValidator::CheckConnectivity(System.Collections.Generic.List[KitchenElement], KitchenDesigner.Core.ValidationResult)</Name>
              <FileRef uid="10" />
              <SequencePoints>
                <SequencePoint vc="38" uspid="4669" ordinal="0" offset="0" sl="141" sc="9" el="141" ec="9" bec="0" bev="0" fileid="10" />
                <SequencePoint vc="38" uspid="4670" ordinal="0" offset="1" sl="142" sc="13" el="142" ec="13" bec="0" bev="0" fileid="10" />
                <SequencePoint vc="38" uspid="4671" ordinal="0" offset="7" sl="143" sc="13" el="143" ec="13" bec="0" bev="0" fileid="10" />
                <SequencePoint vc="38" uspid="4672" ordinal="0" offset="13" sl="145" sc="13" el="145" ec="13" bec="0" bev="0" fileid="10" />
[...]
                <SequencePoint vc="14" uspid="8011" ordinal="0" offset="82" sl="90" sc="67" el="90" ec="67" bec="0" bev="0" fileid="48" />
                <SequencePoint vc="0" uspid="8012" ordinal="0" offset="84" sl="91" sc="21" el="91" ec="21" bec="0" bev="0" fileid="48" />
                <SequencePoint vc="0" uspid="8013" ordinal="0" offset="101" sl="92" sc="21" el="92" ec="21" bec="0" bev="0" fileid="48" />
                <SequencePoint vc="0" uspid="8014" ordinal="0" offset="120" sl="92" sc="41" el="92" ec="41" bec="0" bev="0" fileid="48" />
                <SequencePoint vc="0" uspid="8015" ordinal="0" offset="152" sl="93" sc="21" el="93" ec="21" bec="0" bev="0" fileid="48" />
                <SequencePoint vc="0" uspid="8016" ordinal="0" offset="190" sl="95" sc="21" el="95" ec="21" bec="0" bev="0" fileid="48" />
                <SequencePoint vc="0" uspid="8017" ordinal="0" offset="197" sl="96" sc="17" el="96" ec="17" bec="0" bev="0" fileid="48" />
                <SequencePoint vc="27" uspid="8018" ordinal="0" offset="198" sl="88" sc="17" el="88" ec="17" bec="0" bev="0" fileid="48" />
                <SequencePoint vc="13" uspid="8019" ordinal="0" offset="215" sl="97" sc="13" el="97" ec="13" bec="0" bev="0" fileid="48" />
                <SequencePoint vc="0" uspid="8020" ordinal="0" offset="218" sl="98" sc="13" el="98" ec="13" bec="0" bev="0" fileid="48" />
                <SequencePoint vc="0" uspid="8021" ordinal="0" offset="220" sl="99" sc="13" el="99" ec="13" bec="0" bev="0" fileid="48" />
                <SequencePoint vc="0" uspid="8022" ordinal="0" offset="221" sl="100" sc="17" el="100" ec="17" bec="0" bev="0" fileid="48" />
                <SequencePoint vc="0" uspid="8023" ordinal="0" offset="244" sl="101" sc="13" el="101" ec="13" bec="0" bev="0" fileid="48" />
                <SequencePoint vc="13" uspid="8024" ordinal="0" offset="247" sl="102" sc="9" el="102" ec="9" bec="0" bev="0" fileid="48" />
              </SequencePoints>
              <BranchPoints />
            </Method>
            <Method visited="true" cyclomaticComplexity="1" nPathComplexity="0" sequenceCoverage="100.0" branchCoverage="0" crapScore="1" isConstructor="true" isStatic="false" isGetter="false" isSetter="false">
              <Summary numSequencePoints="5" visitedSequencePoints="5" numBranchPoints="0" visitedBranchPoints="0" sequenceCoverage="100.0" branchCoverage="0" maxCyclomaticComplexity="1" minCyclomaticComplexity="1" maxCrapScore="1" minCrapScore="1" visitedClasses="0" numClasses="0" visitedMethods="1" numMethods="1" />
              <MetadataToken>100663927</MetadataToken>
              <Name>KitchenDesigner.Core.MCP.UnityTcpBridge::UnityTcpBridge()</Name>
              <FileRef uid="48" />
              <SequencePoints>
                <SequencePoint vc="13" uspid="8125" ordinal="0" offset="0" sl="16" sc="26" el="16" ec="26" bec="0" bev="0" fileid="48" />
                <SequencePoint vc="13" uspid="8126" ordinal="0" offset="11" sl="17" sc="26" el="17" ec="26" bec="0" bev="0" fileid="48" />
                <SequencePoint vc="13" uspid="8127" ordinal="0" offset="18" sl="22" sc="9" el="22" ec="9" bec="0" bev="0" fileid="48" />
                <SequencePoint vc="13" uspid="8128" ordinal="0" offset="29" sl="23" sc="9" el="23" ec="9" bec="0" bev="0" fileid="48" />
                <SequencePoint vc="13" uspid="8129" ordinal="0" offset="40" sl="24" sc="9" el="24" ec="9" bec="0" bev="0" fileid="48" />
              </SequencePoints>
              <BranchPoints />
            </Method>
          </Methods>
        </Class>
        <Class>
          <Summary numSequencePoints="19" visitedSequencePoints="6" numBranchPoints="0" visitedBranchPoints="0" sequenceCoverage="31.58" branchCoverage="0.0" maxCyclomaticComplexity="10" minCyclomaticComplexity="10" maxCrapScore="42.03" minCrapScore="42.03" visitedClasses="1" numClasses="1" visitedMethods="1" numMethods="1" />
          <FullName>KitchenDesigner.Core.AutoSaveManager/&lt;AutoSaveLoop&gt;d__3</FullName>
          <Methods>
            <Method visited="true" cyclomaticComplexity="10" nPathComplexity="0" sequenceCoverage="31.58" branchCoverage="0" crapScore="42.03" isConstructor="false" isStatic="false" isGetter="false" isSetter="false">
              <Summary numSequencePoints="19" visitedSequencePoints="6" numBranchPoints="0" visitedBranchPoints="0" sequenceCoverage="31.58" branchCoverage="0" maxCyclomaticComplexity="10" minCyclomaticComplexity="10" maxCrapScore="42.03" minCrapScore="42.03" visitedClasses="0" numClasses="0" visitedMethods="1" numMethods="1" />
              <MetadataToken>100663933</MetadataToken>
              <Name>System.Boolean KitchenDesigner.Core.AutoSaveManager/&lt;AutoSaveLoop&gt;d__3::MoveNext()</Name>
              <FileRef uid="4" />
              <SequencePoints>
                <SequencePoint vc="13" uspid="8135" ordinal="0" offset="31" sl="24" sc="9" el="24" ec="9" bec="0" bev="0" fileid="4" />
                <SequencePoint vc="13" uspid="8136" ordinal="0" offset="37" sl="26" sc="13" el="26" ec="13" bec="0" bev="0" fileid="4" />
                <SequencePoint vc="13" uspid="8137" ordinal="0" offset="38" sl="29" sc="17" el="29" ec="17" bec="0" bev="0" fileid="4" />
                <SequencePoint vc="13" uspid="8138" ordinal="0" offset="49" sl="30" sc="17" el="30" ec="17" bec="0" bev="0" fileid="4" />
                <SequencePoint vc="13" uspid="8139" ordinal="0" offset="98" sl="31" sc="17" el="31" ec="17" bec="0" bev="0" fileid="4" />
                <SequencePoint vc="0" uspid="8140" ordinal="0" offset="131" sl="33" sc="17" el="33" ec="17" bec="0" bev="0" fileid="4" />
                <SequencePoint vc="0" uspid="8141" ordinal="0" offset="142" sl="34" sc="17" el="34" ec="17" bec="0" bev="0" fileid="4" />
                <SequencePoint vc="0" uspid="8142" ordinal="0" offset="177" sl="34" sc="61" el="34" ec="61" bec="0" bev="0" fileid="4" />
                <SequencePoint vc="0" uspid="8143" ordinal="0" offset="179" sl="36" sc="17" el="36" ec="17" bec="0" bev="0" fileid="4" />
                <SequencePoint vc="0" uspid="8144" ordinal="0" offset="190" sl="37" sc="17" el="37" ec="17" bec="0" bev="0" fileid="4" />
                <SequencePoint vc="0" uspid="8145" ordinal="0" offset="216" sl="37" sc="48" el="37" ec="48" bec="0" bev="0" fileid="4" />
                <SequencePoint vc="0" uspid="8146" ordinal="0" offset="218" sl="40" sc="17" el="40" ec="17" bec="0" bev="0" fileid="4" />
                <SequencePoint vc="0" uspid="8147" ordinal="0" offset="233" sl="41" sc="17" el="41" ec="17" bec="0" bev="0" fileid="4" />
                <SequencePoint vc="0" uspid="8148" ordinal="0" offset="234" sl="42" sc="21" el="42" ec="21" bec="0" bev="0" fileid="4" />
                <SequencePoint vc="0" uspid="8149" ordinal="0" offset="251" sl="43" sc="21" el="43" ec="21" bec="0" bev="0" fileid="4" />
                <SequencePoint vc="0" uspid="8150" ordinal="0" offset="268" sl="44" sc="25" el="44" ec="25" bec="0" bev="0" fileid="4" />
                <SequencePoint vc="0" uspid="8151" ordinal="0" offset="289" sl="45" sc="17" el="45" ec="17" bec="0" bev="0" fileid="4" />
                <SequencePoint vc="0" uspid="8152" ordinal="0" offset="290" sl="46" sc="13" el="46" ec="13" bec="0" bev="0" fileid="4" />
                <SequencePoint vc="13" uspid="8153" ordinal="0" offset="305" sl="25" sc="13" el="25" ec="13" bec="0" bev="0" fileid="4" />
              </SequencePoints>
              <BranchPoints />
            </Method>
          </Methods>
        </Class>
        <Class>
          <Summary numSequencePoints="7" visitedSequencePoints="7" numBranchPoints="0" visitedBranchPoints="0" sequenceCoverage="100.0" branchCoverage="0.0" maxCyclomaticComplexity="1" minCyclomaticComplexity="1" maxCrapScore="1" minCrapScore="1" visitedClasses="1" numClasses="1" visitedMethods="1" numMethods="1" />
          <FullName>KitchenDesigner.Core.KitchenElement/Face</FullName>
          <Methods>
            <Method visited="true" cyclomaticComplexity="1" nPathComplexity="0" sequenceCoverage="100.0" branchCoverage="0" crapScore="1" isConstructor="true" isStatic="false" isGetter="false" isSetter="false">
              <Summary numSequencePoints="7" visitedSequencePoints="7" numBranchPoints="0" visitedBranchPoints="0" sequenceCoverage="100.0" branchCoverage="0" maxCyclomaticComplexity="1" minCyclomaticComplexity="1" maxCrapScore="1" minCrapScore="1" visitedClasses="0" numClasses="0" visitedMethods="1" numMethods="1" />
              <MetadataToken>100663937</MetadataToken>
              <Name>KitchenDesigner.Core.KitchenElement/Face::Face(UnityEngine.Vector3, UnityEngine.Vector3, UnityEngine.Vector2, UnityEngine.Vector3, UnityEngine.Vector3)</Name>
              <FileRef uid="21" />
              <SequencePoints>
                <SequencePoint vc="204" uspid="8154" ordinal="0" offset="0" sl="59" sc="13" el="59" ec="13" bec="0" bev="0" fileid="21" />
                <SequencePoint vc="204" uspid="8155" ordinal="0" offset="1" sl="60" sc="17" el="60" ec="17" bec="0" bev="0" fileid="21" />
                <SequencePoint vc="204" uspid="8156" ordinal="0" offset="8" sl="61" sc="17" el="61" ec="17" bec="0" bev="0" fileid="21" />
                <SequencePoint vc="204" uspid="8157" ordinal="0" offset="15" sl="62" sc="17" el="62" ec="17" bec="0" bev="0" fileid="21" />
                <SequencePoint vc="204" uspid="8158" ordinal="0" offset="22" sl="63" sc="17" el="63" ec="17" bec="0" bev="0" fileid="21" />
                <SequencePoint vc="204" uspid="8159" ordinal="0" offset="30" sl="64" sc="17" el="64" ec="17" bec="0" bev="0" fileid="21" />
                <SequencePoint vc="204" uspid="8160" ordinal="0" offset="38" sl="65" sc="13" el="65" ec="13" bec="0" bev="0" fileid="21" />
              </SequencePoints>
              <BranchPoints />
            </Method>
          </Methods>
        </Class>
        <Class>
          <Summary numSequencePoints="5" visitedSequencePoints="5" numBranchPoints="0" visitedBranchPoints="0" sequenceCoverage="100.0" branchCoverage="0.0" maxCyclomaticComplexity="1" minCyclomaticComplexity="1" maxCrapScore="1" minCrapScore="1" visitedClasses="1" numClasses="1" visitedMethods="1" numMethods="1" />
          <FullName>KitchenDesigner.Core.UI.SidebarCatalog/Item</FullName>
          <Methods>
            <Method visited="true" cyclomaticComplexity="1" nPathComplexity="0" sequenceCoverage="100.0" branchCoverage="0" crapScore="1" isConstructor="true" isStatic="false" isGetter="false" isSetter="false">
              <Summary numSequencePoints="5" visitedSequencePoints="5" numBranchPoints="0" visitedBranchPoints="0" sequenceCoverage="100.0" branchCoverage="0" maxCyclomaticComplexity="1" minCyclomaticComplexity="1" maxCrapScore="1" minCrapScore="1" visitedClasses="0" numClasses="0" visitedMethods="1" numMethods="1" />
              <MetadataToken>100663952</MetadataToken>
              <Name>KitchenDesigner.Core.UI.SidebarCatalog/Item::Item(System.String, UnityEngine.Vector3Int, System.Boolean)</Name>
              <FileRef uid="39" />
              <SequencePoints>
                <SequencePoint vc="312" uspid="8223" ordinal="0" offset="0" sl="16" sc="13" el="16" ec="13" bec="0" bev="0" fileid="39" />
                <SequencePoint vc="312" uspid="8224" ordinal="0" offset="1" sl="17" sc="17" el="17" ec="17" bec="0" bev="0" fileid="39" />
                <SequencePoint vc="312" uspid="8225" ordinal="0" offset="8" sl="17" sc="35" el="17" ec="35" bec="0" bev="0" fileid="39" />
                <SequencePoint vc="312" uspid="8226" ordinal="0" offset="15" sl="17" sc="53" el="17" ec="53" bec="0" bev="0" fileid="39" />
                <SequencePoint vc="312" uspid="8227" ordinal="0" offset="22" sl="18" sc="13" el="18" ec="13" bec="0" bev="0" fileid="39" />
              </SequencePoints>
              <BranchPoints />
            </Method>
          </Methods>
        </Class>
        <Class>
          <Summary numSequencePoints="2" visitedSequencePoints="2" numBranchPoints="0" visitedBranchPoints="0" sequenceCoverage="100.0" branchCoverage="0.0" maxCyclomaticComplexity="1" minCyclomaticComplexity="1" maxCrapScore="1" minCrapScore="1" visitedClasses="1" numClasses="1" visitedMethods="1" numMethods="1" />
          <FullName>KitchenDesigner.Core.UI.SidebarUI/GroupUI</FullName>
          <Methods>
            <Method visited="true" cyclomaticComplexity="1" nPathComplexity="0" sequenceCoverage="100.0" branchCoverage="0" crapScore="1" isConstructor="true" isStatic="false" isGetter="false" isSetter="false">
              <Summary numSequencePoints="2" visitedSequencePoints="2" numBranchPoints="0" visitedBranchPoints="0" sequenceCoverage="100.0" branchCoverage="0" maxCyclomaticComplexity="1" minCyclomaticComplexity="1" maxCrapScore="1" minCrapScore="1" visitedClasses="0" numClasses="0" visitedMethods="1" numMethods="1" />
              <MetadataToken>100663953</MetadataToken>
              <Name>KitchenDesigner.Core.UI.SidebarUI/GroupUI::GroupUI()</Name>
              <FileRef uid="40" />
              <SequencePoints>
                <SequencePoint vc="39" uspid="8228" ordinal="0" offset="0" sl="28" sc="13" el="28" ec="13" bec="0" bev="0" fileid="40" />
                <SequencePoint vc="39" uspid="8229" ordinal="0" offset="11" sl="29" sc="13" el="29" ec="13" bec="0" bev="0" fileid="40" />
              </SequencePoints>
              <BranchPoints />
            </Method>
          </Methods>
        </Class>
        <Class>
          <Summary numSequencePoints="24" visitedSequencePoints="11" numBranchPoints="0" visitedBranchPoints="0" sequenceCoverage="45.83" branchCoverage="0.0" maxCyclomaticComplexity="8" minCyclomaticComplexity="8" maxCrapScore="18.17" minCrapScore="18.17" visitedClasses="1" numClasses="1" visitedMethods="1" numMethods="1" />
          <FullName>KitchenDesigner.Core.UI.ToastNotification/&lt;ShowRoutine&gt;d__10</FullName>
          <Methods>
            <Method visited="true" cyclomaticComplexity="8" nPathComplexity="0" sequenceCoverage="45.83" branchCoverage="0" crapScore="18.17" isConstructor="false" isStatic="false" isGetter="false" isSetter="false">
              <Summary numSequencePoints="24" visitedSequencePoints="11" numBranchPoints="0" visitedBranchPoints="0" sequenceCoverage="45.83" branchCoverage="0" maxCyclomaticComplexity="8" minCyclomaticComplexity="8" maxCrapScore="18.17" minCrapScore="18.17" visitedClasses="0" numClasses="0" visitedMethods="1" numMethods="1" />
              <MetadataToken>100663962</MetadataToken>
              <Name>System.Boolean KitchenDesigner.Core.UI.ToastNotification/&lt;ShowRoutine&gt;d__10::MoveNext()</Name>
              <FileRef uid="42" />
              <SequencePoints>
                <SequencePoint vc="1" uspid="8233" ordinal="0" offset="57" sl="48" sc="9" el="48" ec="9" bec="0" bev="0" fileid="42" />
                <SequencePoint vc="1" uspid="8234" ordinal="0" offset="58" sl="49" sc="13" el="49" ec="13" bec="0" bev="0" fileid="42" />
                <SequencePoint vc="1" uspid="8235" ordinal="0" offset="81" sl="50" sc="13" el="50" ec="13" bec="0" bev="0" fileid="42" />
                <SequencePoint vc="1" uspid="8236" ordinal="0" offset="103" sl="51" sc="13" el="51" ec="13" bec="0" bev="0" fileid="42" />
                <SequencePoint vc="1" uspid="8237" ordinal="0" offset="126" sl="53" sc="13" el="53" ec="13" bec="0" bev="0" fileid="42" />
                <SequencePoint vc="2" uspid="8238" ordinal="0" offset="139" sl="55" sc="13" el="55" ec="13" bec="0" bev="0" fileid="42" />
                <SequencePoint vc="2" uspid="8239" ordinal="0" offset="140" sl="56" sc="17" el="56" ec="17" bec="0" bev="0" fileid="42" />
                <SequencePoint vc="2" uspid="8240" ordinal="0" offset="158" sl="57" sc="17" el="57" ec="17" bec="0" bev="0" fileid="42" />
                <SequencePoint vc="2" uspid="8241" ordinal="0" offset="202" sl="58" sc="17" el="58" ec="17" bec="0" bev="0" fileid="42" />
                <SequencePoint vc="1" uspid="8242" ordinal="0" offset="225" sl="59" sc="13" el="59" ec="13" bec="0" bev="0" fileid="42" />
                <SequencePoint vc="2" uspid="8243" ordinal="0" offset="226" sl="54" sc="13" el="54" ec="13" bec="0" bev="0" fileid="42" />
                <SequencePoint vc="0" uspid="8244" ordinal="0" offset="243" sl="60" sc="13" el="60" ec="13" bec="0" bev="0" fileid="42" />
                <SequencePoint vc="0" uspid="8245" ordinal="0" offset="265" sl="62" sc="13" el="62" ec="13" bec="0" bev="0" fileid="42" />
                <SequencePoint vc="0" uspid="8246" ordinal="0" offset="298" sl="64" sc="13" el="64" ec="13" bec="0" bev="0" fileid="42" />
                <SequencePoint vc="0" uspid="8247" ordinal="0" offset="311" sl="66" sc="13" el="66" ec="13" bec="0" bev="0" fileid="42" />
                <SequencePoint vc="0" uspid="8248" ordinal="0" offset="312" sl="67" sc="17" el="67" ec="17" bec="0" bev="0" fileid="42" />
                <SequencePoint vc="0" uspid="8249" ordinal="0" offset="330" sl="68" sc="17" el="68" ec="17" bec="0" bev="0" fileid="42" />
                <SequencePoint vc="0" uspid="8250" ordinal="0" offset="374" sl="69" sc="17" el="69" ec="17" bec="0" bev="0" fileid="42" />
                <SequencePoint vc="0" uspid="8251" ordinal="0" offset="397" sl="70" sc="13" el="70" ec="13" bec="0" bev="0" fileid="42" />
                <SequencePoint vc="0" uspid="8252" ordinal="0" offset="398" sl="65" sc="13" el="65" ec="13" bec="0" bev="0" fileid="42" />
                <SequencePoint vc="0" uspid="8253" ordinal="0" offset="415" sl="71" sc="13" el="71" ec="13" bec="0" bev="0" fileid="42" />
                <SequencePoint vc="0" uspid="8254" ordinal="0" offset="437" sl="72" sc="13" el="72" ec="13" bec="0" bev="0" fileid="42" />
                <SequencePoint vc="0" uspid="8255" ordinal="0" offset="460" sl="73" sc="13" el="73" ec="13" bec="0" bev="0" fileid="42" />
                <SequencePoint vc="0" uspid="8256" ordinal="0" offset="472" sl="74" sc="9" el="74" ec="9" bec="0" bev="0" fileid="42" />
              </SequencePoints>
              <BranchPoints />
            </Method>
          </Methods>
        </Class>
        <Class>
          <Summary numSequencePoints="1" visitedSequencePoints="1" numBranchPoints="0" visitedBranchPoints="0" sequenceCoverage="100.0" branchCoverage="0.0" maxCyclomaticComplexity="1" minCyclomaticComplexity="1" maxCrapScore="1" minCrapScore="1" visitedClasses="1" numClasses="1" visitedMethods="1" numMethods="1" />
          <FullName>KitchenDesigner.Core.UI.UIFactory/&lt;&gt;c__DisplayClass17_0</FullName>
          <Methods>
            <Method visited="true" cyclomaticComplexity="1" nPathComplexity="0" sequenceCoverage="100.0" branchCoverage="0" crapScore="1" isConstructor="false" isStatic="false" isGetter="false" isSetter="false">
              <Summary numSequencePoints="1" visitedSequencePoints="1" numBranchPoints="0" visitedBranchPoints="0" sequenceCoverage="100.0" branchCoverage="0" maxCyclomaticComplexity="1" minCyclomaticComplexity="1" maxCrapScore="1" minCrapScore="1" visitedClasses="0" numClasses="0" visitedMethods="1" numMethods="1" />
              <MetadataToken>100663969</MetadataToken>
              <Name>System.Void KitchenDesigner.Core.UI.UIFactory/&lt;&gt;c__DisplayClass17_0::&lt;CreateIconButton&gt;b__0()</Name>
              <FileRef uid="43" />
              <SequencePoints>
                <SequencePoint vc="1" uspid="8258" ordinal="0" offset="0" sl="148" sc="50" el="148" ec="50" bec="0" bev="0" fileid="43" />
              </SequencePoints>
              <BranchPoints />
            </Method>
          </Methods>
        </Class>
      </Classes>
    </Module>
  </Modules>
</CoverageSession>