<?xml version="1.0" encoding="utf-8"?>
<CoverageSession xmlns:xsd="http://www.w3.org/2001/XMLSchema" xmlns:xsi="http://www.w3.org/2001/XMLSchema-instance" Version="0.0.0.0">
  <Summary numSequencePoints="1318" visitedSequencePoints="1242" numBranchPoints="0" visitedBranchPoints="0" sequenceCoverage="94.23" branchCoverage="0.0" maxCyclomaticComplexity="26" minCyclomaticComplexity="1" maxCrapScore="26.02" minCrapScore="1" visitedClasses="36" numClasses="36" visitedMethods="163" numMethods="163" />
  <Modules>
    <Module>
      <Summary numSequencePoints="1318" visitedSequencePoints="1242" numBranchPoints="0" visitedBranchPoints="0" sequenceCoverage="94.23" branchCoverage="0.0" maxCyclomaticComplexity="26" minCyclomaticComplexity="1" maxCrapScore="26.02" minCrapScore="1" visitedClasses="36" numClasses="36" visitedMethods="163" numMethods="163" />
      <ModuleTime>0001-01-01T00:00:00</ModuleTime>
      <ModuleName>KitchenDesigner.Runtime</ModuleName>
      <Files>
        <File uid="1" fullPath="F:/repos/KitchenDesigner2/opencode-game-studio/Assets/Scripts/Core/GridManager.cs" />
        <File uid="2" fullPath="F:/repos/KitchenDesigner2/opencode-game-studio/Assets/Scripts/Core/AlignDistributeTool.cs" />
        <File uid="3" fullPath="F:/repos/KitchenDesigner2/opencode-game-studio/Assets/Scripts/Core/AppConstants.cs" />
        <File uid="4" fullPath="F:/repos/KitchenDesigner2/opencode-game-studio/Assets/Scripts/Core/AutoSaveManager.cs" />
        <File uid="5" fullPath="F:/repos/KitchenDesigner2/opencode-game-studio/Assets/Scripts/Core/BasePlate.cs" />
        <File uid="6" fullPath="F:/repos/KitchenDesigner2/opencode-game-studio/Assets/Scripts/Core/BoardRegistry.cs" />
        <File uid="7" fullPath="F:/repos/KitchenDesigner2/opencode-game-studio/Assets/Scripts/Core/Bootstrap.cs" />
        <File uid="8" fullPath="F:/repos/KitchenDesigner2/opencode-game-studio/Assets/Scripts/Core/CameraController.cs" />
        <File uid="9" fullPath="F:/repos/KitchenDesigner2/opencode-game-studio/Assets/Scripts/Core/CommandStack.cs" />
        <File uid="10" fullPath="F:/repos/KitchenDesigner2/opencode-game-studio/Assets/Scripts/Core/ConstraintValidator.cs" />
        <File uid="11" fullPath="F:/repos/KitchenDesigner2/opencode-game-studio/Assets/Scripts/Core/DisplaySettings.cs" />
        <File uid="12" fullPath="F:/repos/KitchenDesigner2/opencode-game-studio/Assets/Scripts/Core/EdgeOutlineRenderer.cs" />
        <File uid="13" fullPath="F:/repos/KitchenDesigner2/opencode-game-studio/Assets/Scripts/Core/ElementData.cs" />
        <File uid="14" fullPath="F:/repos/KitchenDesigner2/opencode-game-studio/Assets/Scripts/Core/ElementFactory.cs" />
        <File uid="15" fullPath="F:/repos/KitchenDesigner2/opencode-game-studio/Assets/Scripts/Core/ElementHighlighter.cs" />
        <File uid="16" fullPath="F:/repos/KitchenDesigner2/opencode-game-studio/Assets/Scripts/Core/ElementMover.cs" />
        <File uid="17" fullPath="F:/repos/KitchenDesigner2/opencode-game-studio/Assets/Scripts/Core/EventBus.cs" />
        <File uid="18" fullPath="F:/repos/KitchenDesigner2/opencode-game-studio/Assets/Scripts/Core/FaceContact.cs" />
        <File uid="19" fullPath="F:/repos/KitchenDesigner2/opencode-game-studio/Assets/Scripts/Core/GroupManager.cs" />
        <File uid="20" fullPath="F:/repos/KitchenDesigner2/opencode-game-studio/Assets/Scripts/Core/InputCapture.cs" />
        <File uid="21" fullPath="F:/repos/KitchenDesigner2/opencode-game-studio/Assets/Scripts/Core/KitchenElement.cs" />
        <File uid="22" fullPath="F:/repos/KitchenDesigner2/opencode-game-studio/Assets/Scripts/Core/KitchenSettings.cs" />
        <File uid="23" fullPath="F:/repos/KitchenDesigner2/opencode-game-studio/Assets/Scripts/Core/NativeFileDialog.cs" />
        <File uid="24" fullPath="F:/repos/KitchenDesigner2/opencode-game-studio/Assets/Scripts/Core/ProjectData.cs" />
        <File uid="25" fullPath="F:/repos/KitchenDesigner2/opencode-game-studio/Assets/Scripts/Core/SaveLoadManager.cs" />
        <File uid="26" fullPath="F:/repos/KitchenDesigner2/opencode-game-studio/Assets/Scripts/Core/SelectionManager.cs" />
        <File uid="27" fullPath="F:/repos/KitchenDesigner2/opencode-game-studio/Assets/Scripts/Core/SnapSystem.cs" />
        <File uid="28" fullPath="F:/repos/KitchenDesigner2/opencode-game-studio/Assets/Scripts/Core/SpatialGridRenderer.cs" />
        <File uid="29" fullPath="F:/repos/KitchenDesigner2/opencode-game-studio/Assets/Scripts/Core/SpecificationManager.cs" />
        <File uid="30" fullPath="F:/repos/KitchenDesigner2/opencode-game-studio/Assets/Scripts/Core/UndoHandler.cs" />
        <File uid="31" fullPath="F:/repos/KitchenDesigner2/opencode-game-studio/Assets/Scripts/Core/Wall.cs" />
        <File uid="32" fullPath="F:/repos/KitchenDesigner2/opencode-game-studio/Assets/Scripts/Core/WallCutaway.cs" />
        <File uid="33" fullPath="F:/repos/KitchenDesigner2/opencode-game-studio/Assets/Scripts/Core/WallManager.cs" />
        <File uid="34" fullPath="F:/repos/KitchenDesigner2/opencode-game-studio/Assets/Scripts/Core/UI/ConsoleOverlay.cs" />
        <File uid="35" fullPath="F:/repos/KitchenDesigner2/opencode-game-studio/Assets/Scripts/Core/UI/ContextMenuUI.cs" />
        <File uid="36" fullPath="F:/repos/KitchenDesigner2/opencode-game-studio/Assets/Scripts/Core/UI/GroupMenuUI.cs" />
        <File uid="37" fullPath="F:/repos/KitchenDesigner2/opencode-game-studio/Assets/Scripts/Core/UI/IconFactory.cs" />
        <File uid="38" fullPath="F:/repos/KitchenDesigner2/opencode-game-studio/Assets/Scripts/Core/UI/SettingsPanelUI.cs" />
        <File uid="39" fullPath="F:/repos/KitchenDesigner2/opencode-game-studio/Assets/Scripts/Core/UI/SidebarCatalog.cs" />
        <File uid="40" fullPath="F:/repos/KitchenDesigner2/opencode-game-studio/Assets/Scripts/Core/UI/SidebarUI.cs" />
        <File uid="41" fullPath="F:/repos/KitchenDesigner2/opencode-game-studio/Assets/Scripts/Core/UI/SpecificationPanelUI.cs" />
        <File uid="42" fullPath="F:/repos/KitchenDesigner2/opencode-game-studio/Assets/Scripts/Core/UI/ToastNotification.cs" />
        <File uid="43" fullPath="F:/repos/KitchenDesigner2/opencode-game-studio/Assets/Scripts/Core/UI/UIFactory.cs" />
        <File uid="44" fullPath="F:/repos/KitchenDesigner2/opencode-game-studio/Assets/Scripts/Core/UI/UIManager.cs" />
        <File uid="45" fullPath="F:/repos/KitchenDesigner2/opencode-game-studio/Assets/Scripts/Core/MCP/ConsoleLogCapture.cs" />
        <File uid="46" fullPath="F:/repos/KitchenDesigner2/opencode-game-studio/Assets/Scripts/Core/MCP/McpCommandHandler.cs" />
        <File uid="47" fullPath="F:/repos/KitchenDesigner2/opencode-game-studio/Assets/Scripts/Core/MCP/McpModels.cs" />
        <File uid="48" fullPath="F:/repos/KitchenDesigner2/opencode-game-studio/Assets/Scripts/Core/MCP/UnityTcpBridge.cs" />
      </Files>
      <Classes>
        <Class>
          <Summary numSequencePoints="7" visitedSequencePoints="7" numBranchPoints="0" visitedBranchPoints="0" sequenceCoverage="100.0" branchCoverage="0.0" maxCyclomaticComplexity="2" minCyclomaticComplexity="2" maxCrapScore="2" minCrapScore="2" visitedClasses="1" numClasses="1" visitedMethods="1" numMethods="1" />
          <FullName>GridManager</FullName>
          <Methods>
            <Method visited="true" cyclomaticComplexity="2" nPathComplexity="0" sequenceCoverage="100.0" branchCoverage="0" crapScore="2" isConstructor="false" isStatic="true" isGetter="false" isSetter="false">
              <Summary numSequencePoints="7" visitedSequencePoints="7" numBranchPoints="0" visitedBranchPoints="0" sequenceCoverage="100.0" branchCoverage="0" maxCyclomaticComplexity="2" minCyclomaticComplexity="2" maxCrapScore="2" minCrapScore="2" visitedClasses="0" numClasses="0" visitedMethods="1" numMethods="1" />
              <MetadataToken>100663431</MetadataToken>
              <Name>static UnityEngine.Vector3 GridManager::SnapToGrid(UnityEngine.Vector3)</Name>
              <FileRef uid="1" />
              <SequencePoints>
                <SequencePoint vc="12" uspid="4134" ordinal="0" offset="0" sl="7" sc="5" el="7" ec="5" bec="0" bev="0" fileid="1" />
                <SequencePoint vc="12" uspid="4135" ordinal="0" offset="1" sl="8" sc="9" el="8" ec="9" bec="0" bev="0" fileid="1" />
                <SequencePoint vc="1" uspid="4136" ordinal="0" offset="18" sl="9" sc="13" el="9" ec="13" bec="0" bev="0" fileid="1" />
                <SequencePoint vc="11" uspid="4137" ordinal="0" offset="22" sl="11" sc="9" el="11" ec="9" bec="0" bev="0" fileid="1" />
                <SequencePoint vc="11" uspid="4138" ordinal="0" offset="33" sl="12" sc="9" el="12" ec="9" bec="0" bev="0" fileid="1" />
                <SequencePoint vc="11" uspid="4139" ordinal="0" offset="42" sl="13" sc="9" el="13" ec="9" bec="0" bev="0" fileid="1" />
                <SequencePoint vc="12" uspid="4140" ordinal="0" offset="95" sl="18" sc="5" el="18" ec="5" bec="0" bev="0" fileid="1" />
              </SequencePoints>
              <BranchPoints />
            </Method>
          </Methods>
        </Class>
        <Class>
          <Summary numSequencePoints="69" visitedSequencePoints="62" numBranchPoints="0" visitedBranchPoints="0" sequenceCoverage="89.86" branchCoverage="0.0" maxCyclomaticComplexity="22" minCyclomaticComplexity="3" maxCrapScore="22.02" minCrapScore="3" visitedClasses="1" numClasses="1" visitedMethods="4" numMethods="4" />
          <FullName>KitchenDesigner.Core.AlignDistributeTool</FullName>
          <Methods>
            <Method visited="true" cyclomaticComplexity="22" nPathComplexity="0" sequenceCoverage="96.55" branchCoverage="0" crapScore="22.02" isConstructor="false" isStatic="true" isGetter="false" isSetter="false">
              <Summary numSequencePoints="29" visitedSequencePoints="28" numBranchPoints="0" visitedBranchPoints="0" sequenceCoverage="96.55" branchCoverage="0" maxCyclomaticComplexity="22" minCyclomaticComplexity="22" maxCrapScore="22.02" minCrapScore="22.02" visitedClasses="0" numClasses="0" visitedMethods="1" numMethods="1" />
              <MetadataToken>100663434</MetadataToken>
              <Name>static System.Void KitchenDesigner.Core.AlignDistributeTool::Align(System.Collections.Generic.List[KitchenElement], KitchenDesigner.Core.Axis, KitchenDesigner.Core.AlignmentMode)</Name>
              <FileRef uid="2" />
              <SequencePoints>
                <SequencePoint vc="5" uspid="4141" ordinal="0" offset="0" sl="9" sc="9" el="9" ec="9" bec="0" bev="0" fileid="2" />
                <SequencePoint vc="5" uspid="4142" ordinal="0" offset="1" sl="10" sc="13" el="10" ec="13" bec="0" bev="0" fileid="2" />
                <SequencePoint vc="2" uspid="4143" ordinal="0" offset="20" sl="10" sc="57" el="10" ec="57" bec="0" bev="0" fileid="2" />
                <SequencePoint vc="3" uspid="4144" ordinal="0" offset="25" sl="12" sc="13" el="12" ec="13" bec="0" bev="0" fileid="2" />
                <SequencePoint vc="3" uspid="4145" ordinal="0" offset="32" sl="15" sc="13" el="15" ec="13" bec="0" bev="0" fileid="2" />
                <SequencePoint vc="1" uspid="4146" ordinal="0" offset="49" sl="18" sc="21" el="18" ec="21" bec="0" bev="0" fileid="2" />
                <SequencePoint vc="1" uspid="4147" ordinal="0" offset="97" sl="19" sc="21" el="19" ec="21" bec="0" bev="0" fileid="2" />
                <SequencePoint vc="1" uspid="4148" ordinal="0" offset="99" sl="21" sc="21" el="21" ec="21" bec="0" bev="0" fileid="2" />
                <SequencePoint vc="1" uspid="4149" ordinal="0" offset="147" sl="22" sc="21" el="22" ec="21" bec="0" bev="0" fileid="2" />
                <SequencePoint vc="1" uspid="4150" ordinal="0" offset="149" sl="24" sc="21" el="24" ec="21" bec="0" bev="0" fileid="2" />
                <SequencePoint vc="1" uspid="4151" ordinal="0" offset="197" sl="25" sc="21" el="25" ec="21" bec="0" bev="0" fileid="2" />
                <SequencePoint vc="3" uspid="4152" ordinal="0" offset="199" sl="28" sc="13" el="28" ec="13" bec="0" bev="0" fileid="2" />
                <SequencePoint vc="3" uspid="4153" ordinal="0" offset="200" sl="28" sc="31" el="28" ec="31" bec="0" bev="0" fileid="2" />
                <SequencePoint vc="7" uspid="4154" ordinal="0" offset="210" sl="28" sc="22" el="28" ec="22" bec="0" bev="0" fileid="2" />
                <SequencePoint vc="7" uspid="4155" ordinal="0" offset="219" sl="29" sc="13" el="29" ec="13" bec="0" bev="0" fileid="2" />
                <SequencePoint vc="7" uspid="4156" ordinal="0" offset="220" sl="30" sc="17" el="30" ec="17" bec="0" bev="0" fileid="2" />
                <SequencePoint vc="0" uspid="4157" ordinal="0" offset="234" sl="30" sc="32" el="30" ec="32" bec="0" bev="0" fileid="2" />
                <SequencePoint vc="7" uspid="4158" ordinal="0" offset="236" sl="31" sc="17" el="31" ec="17" bec="0" bev="0" fileid="2" />
                <SequencePoint vc="7" uspid="4159" ordinal="0" offset="250" sl="32" sc="17" el="32" ec="17" bec="0" bev="0" fileid="2" />
                <SequencePoint vc="3" uspid="4160" ordinal="0" offset="278" sl="34" sc="34" el="34" ec="34" bec="0" bev="0" fileid="2" />
                <SequencePoint vc="3" uspid="4161" ordinal="0" offset="286" sl="34" sc="53" el="34" ec="53" bec="0" bev="0" fileid="2" />
                <SequencePoint vc="2" uspid="4162" ordinal="0" offset="288" sl="35" sc="34" el="35" ec="34" bec="0" bev="0" fileid="2" />
                <SequencePoint vc="2" uspid="4163" ordinal="0" offset="296" sl="35" sc="53" el="35" ec="53" bec="0" bev="0" fileid="2" />
                <SequencePoint vc="2" uspid="4164" ordinal="0" offset="298" sl="36" sc="34" el="36" ec="34" bec="0" bev="0" fileid="2" />
                <SequencePoint vc="2" uspid="4165" ordinal="0" offset="306" sl="36" sc="53" el="36" ec="53" bec="0" bev="0" fileid="2" />
                <SequencePoint vc="7" uspid="4166" ordinal="0" offset="308" sl="38" sc="17" el="38" ec="17" bec="0" bev="0" fileid="2" />
                <SequencePoint vc="7" uspid="4167" ordinal="0" offset="328" sl="39" sc="13" el="39" ec="13" bec="0" bev="0" fileid="2" />
                <SequencePoint vc="10" uspid="4168" ordinal="0" offset="329" sl="28" sc="28" el="28" ec="28" bec="0" bev="0" fileid="2" />
                <SequencePoint vc="5" uspid="4169" ordinal="0" offset="355" sl="40" sc="9" el="40" ec="9" bec="0" bev="0" fileid="2" />
              </SequencePoints>
              <BranchPoints />
            </Method>
            <Method visited="true" cyclomaticComplexity="7" nPathComplexity="0" sequenceCoverage="82.61" branchCoverage="0" crapScore="7.26" isConstructor="false" isStatic="true" isGetter="false" isSetter="false">
              <Summary numSequencePoints="23" visitedSequencePoints="19" numBranchPoints="0" visitedBranchPoints="0" sequenceCoverage="82.61" branchCoverage="0" maxCyclomaticComplexity="7" minCyclomaticComplexity="7" maxCrapScore="7.26" minCrapScore="7.26" visitedClasses="0" numClasses="0" visitedMethods="1" numMethods="1" />
              <MetadataToken>100663435</MetadataToken>
              <Name>static System.Void KitchenDesigner.Core.AlignDistributeTool::Distribute(System.Collections.Generic.List[KitchenElement], KitchenDesigner.Core.Axis)</Name>
              <FileRef uid="2" />
              <SequencePoints>
                <SequencePoint vc="2" uspid="4170" ordinal="0" offset="13" sl="43" sc="9" el="43" ec="9" bec="0" bev="0" fileid="2" />
                <SequencePoint vc="2" uspid="4171" ordinal="0" offset="14" sl="44" sc="13" el="44" ec="13" bec="0" bev="0" fileid="2" />
                <SequencePoint vc="1" uspid="4172" ordinal="0" offset="35" sl="44" sc="57" el="44" ec="57" bec="0" bev="0" fileid="2" />
                <SequencePoint vc="1" uspid="4173" ordinal="0" offset="40" sl="46" sc="13" el="46" ec="13" bec="0" bev="0" fileid="2" />
                <SequencePoint vc="1" uspid="4174" ordinal="0" offset="59" sl="53" sc="13" el="53" ec="13" bec="0" bev="0" fileid="2" />
                <SequencePoint vc="1" uspid="4175" ordinal="0" offset="88" sl="54" sc="13" el="54" ec="13" bec="0" bev="0" fileid="2" />
                <SequencePoint vc="1" uspid="4176" ordinal="0" offset="124" sl="55" sc="13" el="55" ec="13" bec="0" bev="0" fileid="2" />
                <SequencePoint vc="1" uspid="4177" ordinal="0" offset="138" sl="57" sc="18" el="57" ec="18" bec="0" bev="0" fileid="2" />
                <SequencePoint vc="1" uspid="4178" ordinal="0" offset="146" sl="58" sc="13" el="58" ec="13" bec="0" bev="0" fileid="2" />
                <SequencePoint vc="1" uspid="4179" ordinal="0" offset="147" sl="59" sc="17" el="59" ec="17" bec="0" bev="0" fileid="2" />
                <SequencePoint vc="1" uspid="4180" ordinal="0" offset="167" sl="60" sc="17" el="60" ec="17" bec="0" bev="0" fileid="2" />
                <SequencePoint vc="1" uspid="4181" ordinal="0" offset="176" sl="61" sc="17" el="61" ec="17" bec="0" bev="0" fileid="2" />
                <SequencePoint vc="1" uspid="4182" ordinal="0" offset="209" sl="63" sc="34" el="63" ec="34" bec="0" bev="0" fileid="2" />
                <SequencePoint vc="1" uspid="4183" ordinal="0" offset="218" sl="63" sc="50" el="63" ec="50" bec="0" bev="0" fileid="2" />
                <SequencePoint vc="0" uspid="4184" ordinal="0" offset="220" sl="64" sc="34" el="64" ec="34" bec="0" bev="0" fileid="2" />
                <SequencePoint vc="0" uspid="4185" ordinal="0" offset="229" sl="64" sc="50" el="64" ec="50" bec="0" bev="0" fileid="2" />
                <SequencePoint vc="0" uspid="4186" ordinal="0" offset="231" sl="65" sc="34" el="65" ec="34" bec="0" bev="0" fileid="2" />
                <SequencePoint vc="0" uspid="4187" ordinal="0" offset="240" sl="65" sc="50" el="65" ec="50" bec="0" bev="0" fileid="2" />
                <SequencePoint vc="1" uspid="4188" ordinal="0" offset="242" sl="67" sc="17" el="67" ec="17" bec="0" bev="0" fileid="2" />
                <SequencePoint vc="1" uspid="4189" ordinal="0" offset="268" sl="68" sc="13" el="68" ec="13" bec="0" bev="0" fileid="2" />
                <SequencePoint vc="1" uspid="4190" ordinal="0" offset="269" sl="57" sc="53" el="57" ec="53" bec="0" bev="0" fileid="2" />
                <SequencePoint vc="2" uspid="4191" ordinal="0" offset="275" sl="57" sc="29" el="57" ec="29" bec="0" bev="0" fileid="2" />
                <SequencePoint vc="2" uspid="4192" ordinal="0" offset="296" sl="69" sc="9" el="69" ec="9" bec="0" bev="0" fileid="2" />
              </SequencePoints>
              <BranchPoints />
            </Method>
            <Method visited="true" cyclomaticComplexity="3" nPathComplexity="0" sequenceCoverage="66.67" branchCoverage="0" crapScore="3.33" isConstructor="false" isStatic="true" isGetter="false" isSetter="false">
              <Summary numSequencePoints="6" visitedSequencePoints="4" numBranchPoints="0" visitedBranchPoints="0" sequenceCoverage="66.67" branchCoverage="0" maxCyclomaticComplexity="3" minCyclomaticComplexity="3" maxCrapScore="3.33" minCrapScore="3.33" visitedClasses="0" numClasses="0" visitedMethods="1" numMethods="1" />
              <MetadataToken>100663436</MetadataToken>
              <Name>static System.Single KitchenDesigner.Core.AlignDistributeTool::GetAxisValue(UnityEngine.Vector3, KitchenDesigner.Core.Axis)</Name>
              <FileRef uid="2" />
              <SequencePoints>
                <SequencePoint vc="8" uspid="4193" ordinal="0" offset="0" sl="72" sc="9" el="72" ec="9" bec="0" bev="0" fileid="2" />
                <SequencePoint vc="8" uspid="4194" ordinal="0" offset="1" sl="73" sc="13" el="73" ec="13" bec="0" bev="0" fileid="2" />
                <SequencePoint vc="8" uspid="4195" ordinal="0" offset="16" sl="75" sc="30" el="75" ec="30" bec="0" bev="0" fileid="2" />
                <SequencePoint vc="0" uspid="4196" ordinal="0" offset="25" sl="76" sc="30" el="76" ec="30" bec="0" bev="0" fileid="2" />
                <SequencePoint vc="0" uspid="4197" ordinal="0" offset="34" sl="77" sc="26" el="77" ec="26" bec="0" bev="0" fileid="2" />
                <SequencePoint vc="8" uspid="4198" ordinal="0" offset="43" sl="79" sc="9" el="79" ec="9" bec="0" bev="0" fileid="2" />
              </SequencePoints>
              <BranchPoints />
            </Method>
            <Method visited="true" cyclomaticComplexity="3" nPathComplexity="0" sequenceCoverage="100.0" branchCoverage="0" crapScore="3" isConstructor="false" isStatic="true" isGetter="false" isSetter="false">
              <Summary numSequencePoints="11" visitedSequencePoints="11" numBranchPoints="0" visitedBranchPoints="0" sequenceCoverage="100.0" branchCoverage="0" maxCyclomaticComplexity="3" minCyclomaticComplexity="3" maxCrapScore="3" minCrapScore="3" visitedClasses="0" numClasses="0" visitedMethods="1" numMethods="1" />
              <MetadataToken>100663437</MetadataToken>
              <Name>static UnityEngine.Bounds KitchenDesigner.Core.AlignDistributeTool::GetBounds(System.Collections.Generic.List[KitchenElement])</Name>
              <FileRef uid="2" />
              <SequencePoints>
                <SequencePoint vc="3" uspid="4199" ordinal="0" offset="0" sl="82" sc="9" el="82" ec="9" bec="0" bev="0" fileid="2" />
                <SequencePoint vc="3" uspid="4200" ordinal="0" offset="1" sl="83" sc="13" el="83" ec="13" bec="0" bev="0" fileid="2" />
                <SequencePoint vc="3" uspid="4201" ordinal="0" offset="30" sl="84" sc="18" el="84" ec="18" bec="0" bev="0" fileid="2" />
                <SequencePoint vc="4" uspid="4202" ordinal="0" offset="34" sl="85" sc="13" el="85" ec="13" bec="0" bev="0" fileid="2" />
                <SequencePoint vc="4" uspid="4203" ordinal="0" offset="35" sl="86" sc="17" el="86" ec="17" bec="0" bev="0" fileid="2" />
                <SequencePoint vc="4" uspid="4204" ordinal="0" offset="52" sl="87" sc="21" el="87" ec="21" bec="0" bev="0" fileid="2" />
                <SequencePoint vc="4" uspid="4205" ordinal="0" offset="77" sl="88" sc="13" el="88" ec="13" bec="0" bev="0" fileid="2" />
                <SequencePoint vc="4" uspid="4206" ordinal="0" offset="78" sl="84" sc="49" el="84" ec="49" bec="0" bev="0" fileid="2" />
                <SequencePoint vc="7" uspid="4207" ordinal="0" offset="82" sl="84" sc="29" el="84" ec="29" bec="0" bev="0" fileid="2" />
                <SequencePoint vc="3" uspid="4208" ordinal="0" offset="95" sl="89" sc="13" el="89" ec="13" bec="0" bev="0" fileid="2" />
                <SequencePoint vc="3" uspid="4209" ordinal="0" offset="100" sl="90" sc="9" el="90" ec="9" bec="0" bev="0" fileid="2" />
              </SequencePoints>
              <BranchPoints />
            </Method>
          </Methods>
        </Class>
        <Class>
          <Summary numSequencePoints="1" visitedSequencePoints="1" numBranchPoints="0" visitedBranchPoints="0" sequenceCoverage="100.0" branchCoverage="0.0" maxCyclomaticComplexity="1" minCyclomaticComplexity="1" maxCrapScore="1" minCrapScore="1" visitedClasses="1" numClasses="1" visitedMethods="1" numMethods="1" />
          <FullName>KitchenDesigner.Core.AppConstants</FullName>
          <Methods>
            <Method visited="true" cyclomaticComplexity="1" nPathComplexity="0" sequenceCoverage="100.0" branchCoverage="0" crapScore="1" isConstructor="true" isStatic="true" isGetter="false" isSetter="false">
              <Summary numSequencePoints="1" visitedSequencePoints="1" numBranchPoints="0" visitedBranchPoints="0" sequenceCoverage="100.0" branchCoverage="0" maxCyclomaticComplexity="1" minCyclomaticComplexity="1" maxCrapScore="1" minCrapScore="1" visitedClasses="0" numClasses="0" visitedMethods="1" numMethods="1" />
              <MetadataToken>100663439</MetadataToken>
              <Name>static KitchenDesigner.Core.AppConstants::AppConstants()</Name>
              <FileRef uid="3" />
              <SequencePoints>
                <SequencePoint vc="1" uspid="4214" ordinal="0" offset="0" sl="14" sc="9" el="14" ec="9" bec="0" bev="0" fileid="3" />
              </SequencePoints>
              <BranchPoints />
            </Method>
          </Methods>
        </Class>
        <Class>
          <Summary numSequencePoints="27" visitedSequencePoints="27" numBranchPoints="0" visitedBranchPoints="0" sequenceCoverage="100.0" branchCoverage="0.0" maxCyclomaticComplexity="3" minCyclomaticComplexity="1" maxCrapScore="3" minCrapScore="1" visitedClasses="1" numClasses="1" visitedMethods="2" numMethods="2" />
          <FullName>KitchenDesigner.Core.BasePlate</FullName>
          <Methods>
            <Method visited="true" cyclomaticComplexity="1" nPathComplexity="0" sequenceCoverage="100.0" branchCoverage="0" crapScore="1" isConstructor="false" isStatic="false" isGetter="true" isSetter="false">
              <Summary numSequencePoints="1" visitedSequencePoints="1" numBranchPoints="0" visitedBranchPoints="0" sequenceCoverage="100.0" branchCoverage="0" maxCyclomaticComplexity="1" minCyclomaticComplexity="1" maxCrapScore="1" minCrapScore="1" visitedClasses="0" numClasses="0" visitedMethods="1" numMethods="1" />
              <MetadataToken>100663443</MetadataToken>
              <Name>KitchenDesigner.Core.KitchenElement KitchenDesigner.Core.BasePlate::get_Element()</Name>
              <FileRef uid="5" />
              <SequencePoints>
                <SequencePoint vc="2" uspid="4219" ordinal="0" offset="0" sl="11" sc="42" el="11" ec="42" bec="0" bev="0" fileid="5" />
              </SequencePoints>
              <BranchPoints />
            </Method>
            <Method visited="true" cyclomaticComplexity="3" nPathComplexity="0" sequenceCoverage="100.0" branchCoverage="0" crapScore="3" isConstructor="false" isStatic="true" isGetter="false" isSetter="false">
              <Summary numSequencePoints="26" visitedSequencePoints="26" numBranchPoints="0" visitedBranchPoints="0" sequenceCoverage="100.0" branchCoverage="0" maxCyclomaticComplexity="3" minCyclomaticComplexity="3" maxCrapScore="3" minCrapScore="3" visitedClasses="0" numClasses="0" visitedMethods="1" numMethods="1" />
              <MetadataToken>100663444</MetadataToken>
              <Name>static KitchenDesigner.Core.BasePlate KitchenDesigner.Core.BasePlate::Create()</Name>
              <FileRef uid="5" />
              <SequencePoints>
                <SequencePoint vc="1" uspid="4220" ordinal="0" offset="0" sl="14" sc="9" el="14" ec="9" bec="0" bev="0" fileid="5" />
                <SequencePoint vc="1" uspid="4221" ordinal="0" offset="1" sl="15" sc="13" el="15" ec="13" bec="0" bev="0" fileid="5" />
                <SequencePoint vc="1" uspid="4222" ordinal="0" offset="8" sl="16" sc="13" el="16" ec="13" bec="0" bev="0" fileid="5" />
                <SequencePoint vc="1" uspid="4223" ordinal="0" offset="20" sl="18" sc="13" el="18" ec="13" bec="0" bev="0" fileid="5" />
                <SequencePoint vc="1" uspid="4224" ordinal="0" offset="27" sl="19" sc="13" el="19" ec="13" bec="0" bev="0" fileid="5" />
                <SequencePoint vc="1" uspid="4225" ordinal="0" offset="39" sl="20" sc="13" el="20" ec="13" bec="0" bev="0" fileid="5" />
                <SequencePoint vc="1" uspid="4226" ordinal="0" offset="63" sl="21" sc="13" el="21" ec="13" bec="0" bev="0" fileid="5" />
                <SequencePoint vc="1" uspid="4227" ordinal="0" offset="95" sl="23" sc="13" el="23" ec="13" bec="0" bev="0" fileid="5" />
                <SequencePoint vc="1" uspid="4228" ordinal="0" offset="102" sl="24" sc="13" el="24" ec="13" bec="0" bev="0" fileid="5" />
                <SequencePoint vc="1" uspid="4229" ordinal="0" offset="113" sl="25" sc="13" el="25" ec="13" bec="0" bev="0" fileid="5" />
                <SequencePoint vc="1" uspid="4230" ordinal="0" offset="126" sl="26" sc="13" el="26" ec="13" bec="0" bev="0" fileid="5" />
                <SequencePoint vc="1" uspid="4231" ordinal="0" offset="127" sl="27" sc="17" el="27" ec="17" bec="0" bev="0" fileid="5" />
                <SequencePoint vc="1" uspid="4232" ordinal="0" offset="135" sl="28" sc="17" el="28" ec="17" bec="0" bev="0" fileid="5" />
                <SequencePoint vc="1" uspid="4233" ordinal="0" offset="163" sl="29" sc="17" el="29" ec="17" bec="0" bev="0" fileid="5" />
                <SequencePoint vc="1" uspid="4234" ordinal="0" offset="172" sl="30" sc="13" el="30" ec="13" bec="0" bev="0" fileid="5" />
                <SequencePoint vc="1" uspid="4235" ordinal="0" offset="173" sl="32" sc="13" el="32" ec="13" bec="0" bev="0" fileid="5" />
                <SequencePoint vc="1" uspid="4236" ordinal="0" offset="181" sl="33" sc="13" el="33" ec="13" bec="0" bev="0" fileid="5" />
                <SequencePoint vc="1" uspid="4237" ordinal="0" offset="195" sl="34" sc="17" el="34" ec="17" bec="0" bev="0" fileid="5" />
                <SequencePoint vc="1" uspid="4238" ordinal="0" offset="204" sl="36" sc="13" el="36" ec="13" bec="0" bev="0" fileid="5" />
                <SequencePoint vc="1" uspid="4239" ordinal="0" offset="212" sl="37" sc="13" el="37" ec="13" bec="0" bev="0" fileid="5" />
                <SequencePoint vc="1" uspid="4240" ordinal="0" offset="221" sl="38" sc="13" el="38" ec="13" bec="0" bev="0" fileid="5" />
                <SequencePoint vc="1" uspid="4241" ordinal="0" offset="230" sl="40" sc="13" el="40" ec="13" bec="0" bev="0" fileid="5" />
                <SequencePoint vc="1" uspid="4242" ordinal="0" offset="242" sl="42" sc="13" el="42" ec="13" bec="0" bev="0" fileid="5" />
                <SequencePoint vc="1" uspid="4243" ordinal="0" offset="250" sl="43" sc="13" el="43" ec="13" bec="0" bev="0" fileid="5" />
                <SequencePoint vc="1" uspid="4244" ordinal="0" offset="258" sl="45" sc="13" el="45" ec="13" bec="0" bev="0" fileid="5" />
                <SequencePoint vc="1" uspid="4245" ordinal="0" offset="264" sl="46" sc="9" el="46" ec="9" bec="0" bev="0" fileid="5" />
              </SequencePoints>
              <BranchPoints />
            </Method>
          </Methods>
        </Class>
        <Class>
          <Summary numSequencePoints="15" visitedSequencePoints="15" numBranchPoints="0" visitedBranchPoints="0" sequenceCoverage="100.0" branchCoverage="0.0" maxCyclomaticComplexity="3" minCyclomaticComplexity="1" maxCrapScore="3" minCrapScore="1" visitedClasses="1" numClasses="1" visitedMethods="6" numMethods="6" />
          <FullName>KitchenDesigner.Core.BoardRegistry</FullName>
          <Methods>
            <Method visited="true" cyclomaticComplexity="1" nPathComplexity="0" sequenceCoverage="100.0" branchCoverage="0" crapScore="1" isConstructor="false" isStatic="true" isGetter="true" isSetter="false">
              <Summary numSequencePoints="1" visitedSequencePoints="1" numBranchPoints="0" visitedBranchPoints="0" sequenceCoverage="100.0" branchCoverage="0" maxCyclomaticComplexity="1" minCyclomaticComplexity="1" maxCrapScore="1" minCrapScore="1" visitedClasses="0" numClasses="0" visitedMethods="1" numMethods="1" />
              <MetadataToken>100663447</MetadataToken>
              <Name>static System.Collections.Generic.IReadOnlyList[KitchenElement] KitchenDesigner.Core.BoardRegistry::get_All()</Name>
              <FileRef uid="6" />
              <SequencePoints>
                <SequencePoint vc="2" uspid="4250" ordinal="0" offset="0" sl="10" sc="60" el="10" ec="60" bec="0" bev="0" fileid="6" />
              </SequencePoints>
              <BranchPoints />
            </Method>
            <Method visited="true" cyclomaticComplexity="3" nPathComplexity="0" sequenceCoverage="100.0" branchCoverage="0" crapScore="3" isConstructor="false" isStatic="true" isGetter="false" isSetter="false">
              <Summary numSequencePoints="4" visitedSequencePoints="4" numBranchPoints="0" visitedBranchPoints="0" sequenceCoverage="100.0" branchCoverage="0" maxCyclomaticComplexity="3" minCyclomaticComplexity="3" maxCrapScore="3" minCrapScore="3" visitedClasses="0" numClasses="0" visitedMethods="1" numMethods="1" />
              <MetadataToken>100663448</MetadataToken>
              <Name>static System.Void KitchenDesigner.Core.BoardRegistry::Register(KitchenDesigner.Core.KitchenElement)</Name>
              <FileRef uid="6" />
              <SequencePoints>
                <SequencePoint vc="36" uspid="4251" ordinal="0" offset="0" sl="13" sc="9" el="13" ec="9" bec="0" bev="0" fileid="6" />
                <SequencePoint vc="36" uspid="4252" ordinal="0" offset="1" sl="14" sc="13" el="14" ec="13" bec="0" bev="0" fileid="6" />
                <SequencePoint vc="33" uspid="4253" ordinal="0" offset="31" sl="15" sc="17" el="15" ec="17" bec="0" bev="0" fileid="6" />
                <SequencePoint vc="36" uspid="4254" ordinal="0" offset="43" sl="16" sc="9" el="16" ec="9" bec="0" bev="0" fileid="6" />
              </SequencePoints>
              <BranchPoints />
            </Method>
            <Method visited="true" cyclomaticComplexity="1" nPathComplexity="0" sequenceCoverage="100.0" branchCoverage="0" crapScore="1" isConstructor="false" isStatic="true" isGetter="false" isSetter="false">
              <Summary numSequencePoints="3" visitedSequencePoints="3" numBranchPoints="0" visitedBranchPoints="0" sequenceCoverage="100.0" branchCoverage="0" maxCyclomaticComplexity="1" minCyclomaticComplexity="1" maxCrapScore="1" minCrapScore="1" visitedClasses="0" numClasses="0" visitedMethods="1" numMethods="1" />
              <MetadataToken>100663449</MetadataToken>
              <Name>static System.Void KitchenDesigner.Core.BoardRegistry::Unregister(KitchenDesigner.Core.KitchenElement)</Name>
              <FileRef uid="6" />
              <SequencePoints>
                <SequencePoint vc="27" uspid="4255" ordinal="0" offset="0" sl="19" sc="9" el="19" ec="9" bec="0" bev="0" fileid="6" />
                <SequencePoint vc="27" uspid="4256" ordinal="0" offset="1" sl="20" sc="13" el="20" ec="13" bec="0" bev="0" fileid="6" />
                <SequencePoint vc="27" uspid="4257" ordinal="0" offset="13" sl="21" sc="9" el="21" ec="9" bec="0" bev="0" fileid="6" />
              </SequencePoints>
              <BranchPoints />
            </Method>
            <Method visited="true" cyclomaticComplexity="1" nPathComplexity="0" sequenceCoverage="100.0" branchCoverage="0" crapScore="1" isConstructor="false" isStatic="true" isGetter="false" isSetter="false">
              <Summary numSequencePoints="3" visitedSequencePoints="3" numBranchPoints="0" visitedBranchPoints="0" sequenceCoverage="100.0" branchCoverage="0" maxCyclomaticComplexity="1" minCyclomaticComplexity="1" maxCrapScore="1" minCrapScore="1" visitedClasses="0" numClasses="0" visitedMethods="1" numMethods="1" />
              <MetadataToken>100663450</MetadataToken>
              <Name>static System.Collections.Generic.List[KitchenElement] KitchenDesigner.Core.BoardRegistry::GetAll()</Name>
              <FileRef uid="6" />
              <SequencePoints>
                <SequencePoint vc="27" uspid="4258" ordinal="0" offset="0" sl="24" sc="9" el="24" ec="9" bec="0" bev="0" fileid="6" />
                <SequencePoint vc="27" uspid="4259" ordinal="0" offset="1" sl="25" sc="13" el="25" ec="13" bec="0" bev="0" fileid="6" />
                <SequencePoint vc="27" uspid="4260" ordinal="0" offset="14" sl="26" sc="9" el="26" ec="9" bec="0" bev="0" fileid="6" />
              </SequencePoints>
              <BranchPoints />
            </Method>
            <Method visited="true" cyclomaticComplexity="1" nPathComplexity="0" sequenceCoverage="100.0" branchCoverage="0" crapScore="1" isConstructor="false" isStatic="true" isGetter="false" isSetter="false">
              <Summary numSequencePoints="3" visitedSequencePoints="3" numBranchPoints="0" visitedBranchPoints="0" sequenceCoverage="100.0" branchCoverage="0" maxCyclomaticComplexity="1" minCyclomaticComplexity="1" maxCrapScore="1" minCrapScore="1" visitedClasses="0" numClasses="0" visitedMethods="1" numMethods="1" />
              <MetadataToken>100663451</MetadataToken>
              <Name>static System.Void KitchenDesigner.Core.BoardRegistry::Clear()</Name>
              <FileRef uid="6" />
              <SequencePoints>
                <SequencePoint vc="12" uspid="4261" ordinal="0" offset="0" sl="29" sc="9" el="29" ec="9" bec="0" bev="0" fileid="6" />
                <SequencePoint vc="12" uspid="4262" ordinal="0" offset="1" sl="30" sc="13" el="30" ec="13" bec="0" bev="0" fileid="6" />
                <SequencePoint vc="12" uspid="4263" ordinal="0" offset="12" sl="31" sc="9" el="31" ec="9" bec="0" bev="0" fileid="6" />
              </SequencePoints>
              <BranchPoints />
            </Method>
            <Method visited="true" cyclomaticComplexity="1" nPathComplexity="0" sequenceCoverage="100.0" branchCoverage="0" crapScore="1" isConstructor="true" isStatic="true" isGetter="false" isSetter="false">
              <Summary numSequencePoints="1" visitedSequencePoints="1" numBranchPoints="0" visitedBranchPoints="0" sequenceCoverage="100.0" branchCoverage="0" maxCyclomaticComplexity="1" minCyclomaticComplexity="1" maxCrapScore="1" minCrapScore="1" visitedClasses="0" numClasses="0" visitedMethods="1" numMethods="1" />
              <MetadataToken>100663452</MetadataToken>
              <Name>static KitchenDesigner.Core.BoardRegistry::BoardRegistry()</Name>
              <FileRef uid="6" />
              <SequencePoints>
                <SequencePoint vc="1" uspid="4264" ordinal="0" offset="0" sl="8" sc="9" el="8" ec="9" bec="0" bev="0" fileid="6" />
              </SequencePoints>
              <BranchPoints />
            </Method>
          </Methods>
        </Class>
        <Class>
          <Summary numSequencePoints="36" visitedSequencePoints="36" numBranchPoints="0" visitedBranchPoints="0" sequenceCoverage="100.0" branchCoverage="0.0" maxCyclomaticComplexity="3" minCyclomaticComplexity="1" maxCrapScore="3" minCrapScore="1" visitedClasses="1" numClasses="1" visitedMethods="8" numMethods="8" />
          <FullName>KitchenDesigner.Core.CommandStack</FullName>
          <Methods>
            <Method visited="true" cyclomaticComplexity="1" nPathComplexity="0" sequenceCoverage="100.0" branchCoverage="0" crapScore="1" isConstructor="false" isStatic="true" isGetter="true" isSetter="false">
              <Summary numSequencePoints="1" visitedSequencePoints="1" numBranchPoints="0" visitedBranchPoints="0" sequenceCoverage="100.0" branchCoverage="0" maxCyclomaticComplexity="1" minCyclomaticComplexity="1" maxCrapScore="1" minCrapScore="1" visitedClasses="0" numClasses="0" visitedMethods="1" numMethods="1" />
              <MetadataToken>100663469</MetadataToken>
              <Name>static System.Boolean KitchenDesigner.Core.CommandStack::get_CanUndo()</Name>
              <FileRef uid="9" />
              <SequencePoints>
                <SequencePoint vc="26" uspid="4430" ordinal="0" offset="0" sl="19" sc="39" el="19" ec="39" bec="0" bev="0" fileid="9" />
              </SequencePoints>
              <BranchPoints />
            </Method>
            <Method visited="true" cyclomaticComplexity="1" nPathComplexity="0" sequenceCoverage="100.0" branchCoverage="0" crapScore="1" isConstructor="false" isStatic="true" isGetter="true" isSetter="false">
              <Summary numSequencePoints="1" visitedSequencePoints="1" numBranchPoints="0" visitedBranchPoints="0" sequenceCoverage="100.0" branchCoverage="0" maxCyclomaticComplexity="1" minCyclomaticComplexity="1" maxCrapScore="1" minCrapScore="1" visitedClasses="0" numClasses="0" visitedMethods="1" numMethods="1" />
              <MetadataToken>100663470</MetadataToken>
              <Name>static System.Boolean KitchenDesigner.Core.CommandStack::get_CanRedo()</Name>
              <FileRef uid="9" />
              <SequencePoints>
                <SequencePoint vc="6" uspid="4431" ordinal="0" offset="0" sl="20" sc="39" el="20" ec="39" bec="0" bev="0" fileid="9" />
              </SequencePoints>
              <BranchPoints />
            </Method>
            <Method visited="true" cyclomaticComplexity="2" nPathComplexity="0" sequenceCoverage="100.0" branchCoverage="0" crapScore="2" isConstructor="false" isStatic="true" isGetter="false" isSetter="false">
              <Summary numSequencePoints="7" visitedSequencePoints="7" numBranchPoints="0" visitedBranchPoints="0" sequenceCoverage="100.0" branchCoverage="0" maxCyclomaticComplexity="2" minCyclomaticComplexity="2" maxCrapScore="2" minCrapScore="2" visitedClasses="0" numClasses="0" visitedMethods="1" numMethods="1" />
              <MetadataToken>100663471</MetadataToken>
              <Name>static System.Void KitchenDesigner.Core.CommandStack::Execute(KitchenDesigner.Core.IUndoCommand)</Name>
              <FileRef uid="9" />
              <SequencePoints>
                <SequencePoint vc="31" uspid="4432" ordinal="0" offset="0" sl="23" sc="9" el="23" ec="9" bec="0" bev="0" fileid="9" />
                <SequencePoint vc="31" uspid="4433" ordinal="0" offset="1" sl="24" sc="13" el="24" ec="13" bec="0" bev="0" fileid="9" />
                <SequencePoint vc="31" uspid="4434" ordinal="0" offset="8" sl="25" sc="13" el="25" ec="13" bec="0" bev="0" fileid="9" />
                <SequencePoint vc="31" uspid="4435" ordinal="0" offset="20" sl="26" sc="13" el="26" ec="13" bec="0" bev="0" fileid="9" />
                <SequencePoint vc="5" uspid="4436" ordinal="0" offset="38" sl="27" sc="17" el="27" ec="17" bec="0" bev="0" fileid="9" />
                <SequencePoint vc="31" uspid="4437" ordinal="0" offset="50" sl="28" sc="13" el="28" ec="13" bec="0" bev="0" fileid="9" />
                <SequencePoint vc="31" uspid="4438" ordinal="0" offset="61" sl="29" sc="9" el="29" ec="9" bec="0" bev="0" fileid="9" />
              </SequencePoints>
              <BranchPoints />
            </Method>
            <Method visited="true" cyclomaticComplexity="2" nPathComplexity="0" sequenceCoverage="100.0" branchCoverage="0" crapScore="2" isConstructor="false" isStatic="true" isGetter="false" isSetter="false">
              <Summary numSequencePoints="9" visitedSequencePoints="9" numBranchPoints="0" visitedBranchPoints="0" sequenceCoverage="100.0" branchCoverage="0" maxCyclomaticComplexity="2" minCyclomaticComplexity="2" maxCrapScore="2" minCrapScore="2" visitedClasses="0" numClasses="0" visitedMethods="1" numMethods="1" />
              <MetadataToken>100663472</MetadataToken>
              <Name>static System.Void KitchenDesigner.Core.CommandStack::Undo()</Name>
              <FileRef uid="9" />
              <SequencePoints>
                <SequencePoint vc="25" uspid="4439" ordinal="0" offset="0" sl="32" sc="9" el="32" ec="9" bec="0" bev="0" fileid="9" />
                <SequencePoint vc="25" uspid="4440" ordinal="0" offset="1" sl="33" sc="13" el="33" ec="13" bec="0" bev="0" fileid="9" />
                <SequencePoint vc="1" uspid="4441" ordinal="0" offset="18" sl="33" sc="40" el="33" ec="40" bec="0" bev="0" fileid="9" />
                <SequencePoint vc="24" uspid="4442" ordinal="0" offset="20" sl="34" sc="13" el="34" ec="13" bec="0" bev="0" fileid="9" />
                <SequencePoint vc="24" uspid="4443" ordinal="0" offset="33" sl="35" sc="13" el="35" ec="13" bec="0" bev="0" fileid="9" />
                <SequencePoint vc="24" uspid="4444" ordinal="0" offset="45" sl="36" sc="13" el="36" ec="13" bec="0" bev="0" fileid="9" />
                <SequencePoint vc="24" uspid="4445" ordinal="0" offset="57" sl="37" sc="13" el="37" ec="13" bec="0" bev="0" fileid="9" />
                <SequencePoint vc="24" uspid="4446" ordinal="0" offset="64" sl="38" sc="13" el="38" ec="13" bec="0" bev="0" fileid="9" />
                <SequencePoint vc="25" uspid="4447" ordinal="0" offset="76" sl="39" sc="9" el="39" ec="9" bec="0" bev="0" fileid="9" />
              </SequencePoints>
              <BranchPoints />
            </Method>
            <Method visited="true" cyclomaticComplexity="2" nPathComplexity="0" sequenceCoverage="100.0" branchCoverage="0" crapScore="2" isConstructor="false" isStatic="true" isGetter="false" isSetter="false">
              <Summary numSequencePoints="9" visitedSequencePoints="9" numBranchPoints="0" visitedBranchPoints="0" sequenceCoverage="100.0" branchCoverage="0" maxCyclomaticComplexity="2" minCyclomaticComplexity="2" maxCrapScore="2" minCrapScore="2" visitedClasses="0" numClasses="0" visitedMethods="1" numMethods="1" />
              <MetadataToken>100663473</MetadataToken>
              <Name>static System.Void KitchenDesigner.Core.CommandStack::Redo()</Name>
              <FileRef uid="9" />
              <SequencePoints>
                <SequencePoint vc="2" uspid="4448" ordinal="0" offset="0" sl="42" sc="9" el="42" ec="9" bec="0" bev="0" fileid="9" />
                <SequencePoint vc="2" uspid="4449" ordinal="0" offset="1" sl="43" sc="13" el="43" ec="13" bec="0" bev="0" fileid="9" />
                <SequencePoint vc="1" uspid="4450" ordinal="0" offset="18" sl="43" sc="40" el="43" ec="40" bec="0" bev="0" fileid="9" />
                <SequencePoint vc="1" uspid="4451" ordinal="0" offset="20" sl="44" sc="13" el="44" ec="13" bec="0" bev="0" fileid="9" />
                <SequencePoint vc="1" uspid="4452" ordinal="0" offset="33" sl="45" sc="13" el="45" ec="13" bec="0" bev="0" fileid="9" />
                <SequencePoint vc="1" uspid="4453" ordinal="0" offset="45" sl="46" sc="13" el="46" ec="13" bec="0" bev="0" fileid="9" />
                <SequencePoint vc="1" uspid="4454" ordinal="0" offset="57" sl="47" sc="13" el="47" ec="13" bec="0" bev="0" fileid="9" />
                <SequencePoint vc="1" uspid="4455" ordinal="0" offset="64" sl="48" sc="13" el="48" ec="13" bec="0" bev="0" fileid="9" />
                <SequencePoint vc="2" uspid="4456" ordinal="0" offset="76" sl="49" sc="9" el="49" ec="9" bec="0" bev="0" fileid="9" />
              </SequencePoints>
              <BranchPoints />
            </Method>
            <Method visited="true" cyclomaticComplexity="1" nPathComplexity="0" sequenceCoverage="100.0" branchCoverage="0" crapScore="1" isConstructor="false" isStatic="true" isGetter="false" isSetter="false">
              <Summary numSequencePoints="4" visitedSequencePoints="4" numBranchPoints="0" visitedBranchPoints="0" sequenceCoverage="100.0" branchCoverage="0" maxCyclomaticComplexity="1" minCyclomaticComplexity="1" maxCrapScore="1" minCrapScore="1" visitedClasses="0" numClasses="0" visitedMethods="1" numMethods="1" />
              <MetadataToken>100663474</MetadataToken>
              <Name>static System.Void KitchenDesigner.Core.CommandStack::Clear()</Name>
              <FileRef uid="9" />
              <SequencePoints>
                <SequencePoint vc="25" uspid="4457" ordinal="0" offset="0" sl="52" sc="9" el="52" ec="9" bec="0" bev="0" fileid="9" />
                <SequencePoint vc="25" uspid="4458" ordinal="0" offset="1" sl="53" sc="13" el="53" ec="13" bec="0" bev="0" fileid="9" />
                <SequencePoint vc="25" uspid="4459" ordinal="0" offset="12" sl="54" sc="13" el="54" ec="13" bec="0" bev="0" fileid="9" />
                <SequencePoint vc="25" uspid="4460" ordinal="0" offset="23" sl="55" sc="9" el="55" ec="9" bec="0" bev="0" fileid="9" />
              </SequencePoints>
              <BranchPoints />
            </Method>
            <Method visited="true" cyclomaticComplexity="3" nPathComplexity="0" sequenceCoverage="100.0" branchCoverage="0" crapScore="3" isConstructor="false" isStatic="true" isGetter="false" isSetter="false">
              <Summary numSequencePoints="3" visitedSequencePoints="3" numBranchPoints="0" visitedBranchPoints="0" sequenceCoverage="100.0" branchCoverage="0" maxCyclomaticComplexity="3" minCyclomaticComplexity="3" maxCrapScore="3" minCrapScore="3" visitedClasses="0" numClasses="0" visitedMethods="1" numMethods="1" />
              <MetadataToken>100663475</MetadataToken>
              <Name>static System.String KitchenDesigner.Core.CommandStack::PeekUndoDescription()</Name>
              <FileRef uid="9" />
              <SequencePoints>
                <SequencePoint vc="2" uspid="4461" ordinal="0" offset="0" sl="58" sc="9" el="58" ec="9" bec="0" bev="0" fileid="9" />
                <SequencePoint vc="2" uspid="4462" ordinal="0" offset="1" sl="59" sc="13" el="59" ec="13" bec="0" bev="0" fileid="9" />
                <SequencePoint vc="2" uspid="4463" ordinal="0" offset="51" sl="60" sc="9" el="60" ec="9" bec="0" bev="0" fileid="9" />
              </SequencePoints>
              <BranchPoints />
            </Method>
            <Method visited="true" cyclomaticComplexity="1" nPathComplexity="0" sequenceCoverage="100.0" branchCoverage="0" crapScore="1" isConstructor="true" isStatic="true" isGetter="false" isSetter="false">
              <Summary numSequencePoints="2" visitedSequencePoints="2" numBranchPoints="0" visitedBranchPoints="0" sequenceCoverage="100.0" branchCoverage="0" maxCyclomaticComplexity="1" minCyclomaticComplexity="1" maxCrapScore="1" minCrapScore="1" visitedClasses="0" numClasses="0" visitedMethods="1" numMethods="1" />
              <MetadataToken>100663476</MetadataToken>
              <Name>static KitchenDesigner.Core.CommandStack::CommandStack()</Name>
              <FileRef uid="9" />
              <SequencePoints>
                <SequencePoint vc="1" uspid="4464" ordinal="0" offset="0" sl="15" sc="9" el="15" ec="9" bec="0" bev="0" fileid="9" />
                <SequencePoint vc="1" uspid="4465" ordinal="0" offset="10" sl="16" sc="9" el="16" ec="9" bec="0" bev="0" fileid="9" />
              </SequencePoints>
              <BranchPoints />
            </Method>
          </Methods>
        </Class>
        <Class>
          <Summary numSequencePoints="20" visitedSequencePoints="18" numBranchPoints="0" visitedBranchPoints="0" sequenceCoverage="90.00" branchCoverage="0.0" maxCyclomaticComplexity="2" minCyclomaticComplexity="1" maxCrapScore="2.02" minCrapScore="1" visitedClasses="1" numClasses="1" visitedMethods="3" numMethods="3" />
          <FullName>KitchenDesigner.Core.MoveCommand</FullName>
          <Methods>
            <Method visited="true" cyclomaticComplexity="2" nPathComplexity="0" sequenceCoverage="83.33" branchCoverage="0" crapScore="2.02" isConstructor="false" isStatic="false" isGetter="false" isSetter="false">
              <Summary numSequencePoints="6" visitedSequencePoints="5" numBranchPoints="0" visitedBranchPoints="0" sequenceCoverage="83.33" branchCoverage="0" maxCyclomaticComplexity="2" minCyclomaticComplexity="2" maxCrapScore="2.02" minCrapScore="2.02" visitedClasses="0" numClasses="0" visitedMethods="1" numMethods="1" />
              <MetadataToken>100663479</MetadataToken>
              <Name>System.Void KitchenDesigner.Core.MoveCommand::Execute()</Name>
              <FileRef uid="9" />
              <SequencePoints>
                <SequencePoint vc="5" uspid="4467" ordinal="0" offset="0" sl="84" sc="9" el="84" ec="9" bec="0" bev="0" fileid="9" />
                <SequencePoint vc="5" uspid="4468" ordinal="0" offset="1" sl="85" sc="13" el="85" ec="13" bec="0" bev="0" fileid="9" />
                <SequencePoint vc="0" uspid="4469" ordinal="0" offset="17" sl="85" sc="35" el="85" ec="35" bec="0" bev="0" fileid="9" />
                <SequencePoint vc="5" uspid="4470" ordinal="0" offset="19" sl="86" sc="13" el="86" ec="13" bec="0" bev="0" fileid="9" />
                <SequencePoint vc="5" uspid="4471" ordinal="0" offset="42" sl="87" sc="13" el="87" ec="13" bec="0" bev="0" fileid="9" />
                <SequencePoint vc="5" uspid="4472" ordinal="0" offset="65" sl="88" sc="9" el="88" ec="9" bec="0" bev="0" fileid="9" />
              </SequencePoints>
              <BranchPoints />
            </Method>
            <Method visited="true" cyclomaticComplexity="2" nPathComplexity="0" sequenceCoverage="83.33" branchCoverage="0" crapScore="2.02" isConstructor="false" isStatic="false" isGetter="false" isSetter="false">
              <Summary numSequencePoints="6" visitedSequencePoints="5" numBranchPoints="0" visitedBranchPoints="0" sequenceCoverage="83.33" branchCoverage="0" maxCyclomaticComplexity="2" minCyclomaticComplexity="2" maxCrapScore="2.02" minCrapScore="2.02" visitedClasses="0" numClasses="0" visitedMethods="1" numMethods="1" />
              <MetadataToken>100663480</MetadataToken>
              <Name>System.Void KitchenDesigner.Core.MoveCommand::Undo()</Name>
              <FileRef uid="9" />
              <SequencePoints>
                <SequencePoint vc="5" uspid="4473" ordinal="0" offset="0" sl="91" sc="9" el="91" ec="9" bec="0" bev="0" fileid="9" />
                <SequencePoint vc="5" uspid="4474" ordinal="0" offset="1" sl="92" sc="13" el="92" ec="13" bec="0" bev="0" fileid="9" />
                <SequencePoint vc="0" uspid="4475" ordinal="0" offset="17" sl="92" sc="35" el="92" ec="35" bec="0" bev="0" fileid="9" />
                <SequencePoint vc="5" uspid="4476" ordinal="0" offset="19" sl="93" sc="13" el="93" ec="13" bec="0" bev="0" fileid="9" />
                <SequencePoint vc="5" uspid="4477" ordinal="0" offset="42" sl="94" sc="13" el="94" ec="13" bec="0" bev="0" fileid="9" />
                <SequencePoint vc="5" uspid="4478" ordinal="0" offset="65" sl="95" sc="9" el="95" ec="9" bec="0" bev="0" fileid="9" />
              </SequencePoints>
              <BranchPoints />
            </Method>
            <Method visited="true" cyclomaticComplexity="1" nPathComplexity="0" sequenceCoverage="100.0" branchCoverage="0" crapScore="1" isConstructor="true" isStatic="false" isGetter="false" isSetter="false">
              <Summary numSequencePoints="8" visitedSequencePoints="8" numBranchPoints="0" visitedBranchPoints="0" sequenceCoverage="100.0" branchCoverage="0" maxCyclomaticComplexity="1" minCyclomaticComplexity="1" maxCrapScore="1" minCrapScore="1" visitedClasses="0" numClasses="0" visitedMethods="1" numMethods="1" />
              <MetadataToken>100663478</MetadataToken>
              <Name>KitchenDesigner.Core.MoveCommand::MoveCommand(KitchenDesigner.Core.KitchenElement, UnityEngine.Vector3, UnityEngine.Vector3, UnityEngine.Quaternion, UnityEngine.Quaternion)</Name>
              <FileRef uid="9" />
              <SequencePoints>
                <SequencePoint vc="5" uspid="4479" ordinal="0" offset="0" sl="73" sc="9" el="73" ec="9" bec="0" bev="0" fileid="9" />
                <SequencePoint vc="5" uspid="4480" ordinal="0" offset="7" sl="75" sc="9" el="75" ec="9" bec="0" bev="0" fileid="9" />
                <SequencePoint vc="5" uspid="4481" ordinal="0" offset="8" sl="76" sc="13" el="76" ec="13" bec="0" bev="0" fileid="9" />
                <SequencePoint vc="5" uspid="4482" ordinal="0" offset="15" sl="77" sc="13" el="77" ec="13" bec="0" bev="0" fileid="9" />
                <SequencePoint vc="5" uspid="4483" ordinal="0" offset="22" sl="78" sc="13" el="78" ec="13" bec="0" bev="0" fileid="9" />
                <SequencePoint vc="5" uspid="4484" ordinal="0" offset="29" sl="79" sc="13" el="79" ec="13" bec="0" bev="0" fileid="9" />
                <SequencePoint vc="5" uspid="4485" ordinal="0" offset="37" sl="80" sc="13" el="80" ec="13" bec="0" bev="0" fileid="9" />
                <SequencePoint vc="5" uspid="4486" ordinal="0" offset="45" sl="81" sc="9" el="81" ec="9" bec="0" bev="0" fileid="9" />
              </SequencePoints>
              <BranchPoints />
            </Method>
          </Methods>
        </Class>
        <Class>
          <Summary numSequencePoints="19" visitedSequencePoints="17" numBranchPoints="0" visitedBranchPoints="0" sequenceCoverage="89.47" branchCoverage="0.0" maxCyclomaticComplexity="3" minCyclomaticComplexity="3" maxCrapScore="3.03" minCrapScore="3" visitedClasses="1" numClasses="1" visitedMethods="3" numMethods="3" />
          <FullName>KitchenDesigner.Core.CreateCommand</FullName>
          <Methods>
            <Method visited="true" cyclomaticComplexity="3" nPathComplexity="0" sequenceCoverage="85.71" branchCoverage="0" crapScore="3.03" isConstructor="false" isStatic="false" isGetter="false" isSetter="false">
              <Summary numSequencePoints="7" visitedSequencePoints="6" numBranchPoints="0" visitedBranchPoints="0" sequenceCoverage="85.71" branchCoverage="0" maxCyclomaticComplexity="3" minCyclomaticComplexity="3" maxCrapScore="3.03" minCrapScore="3.03" visitedClasses="0" numClasses="0" visitedMethods="1" numMethods="1" />
              <MetadataToken>100663483</MetadataToken>
              <Name>System.Void KitchenDesigner.Core.CreateCommand::Execute()</Name>
              <FileRef uid="9" />
              <SequencePoints>
                <SequencePoint vc="1" uspid="4488" ordinal="0" offset="0" sl="112" sc="9" el="112" ec="9" bec="0" bev="0" fileid="9" />
                <SequencePoint vc="1" uspid="4489" ordinal="0" offset="1" sl="113" sc="13" el="113" ec="13" bec="0" bev="0" fileid="9" />
                <SequencePoint vc="0" uspid="4490" ordinal="0" offset="17" sl="113" sc="35" el="113" ec="35" bec="0" bev="0" fileid="9" />
                <SequencePoint vc="1" uspid="4491" ordinal="0" offset="19" sl="114" sc="13" el="114" ec="13" bec="0" bev="0" fileid="9" />
                <SequencePoint vc="1" uspid="4492" ordinal="0" offset="32" sl="115" sc="13" el="115" ec="13" bec="0" bev="0" fileid="9" />
                <SequencePoint vc="1" uspid="4493" ordinal="0" offset="48" sl="116" sc="17" el="116" ec="17" bec="0" bev="0" fileid="9" />
                <SequencePoint vc="1" uspid="4494" ordinal="0" offset="60" sl="117" sc="9" el="117" ec="9" bec="0" bev="0" fileid="9" />
              </SequencePoints>
              <BranchPoints />
            </Method>
            <Method visited="true" cyclomaticComplexity="3" nPathComplexity="0" sequenceCoverage="85.71" branchCoverage="0" crapScore="3.03" isConstructor="false" isStatic="false" isGetter="false" isSetter="false">
              <Summary numSequencePoints="7" visitedSequencePoints="6" numBranchPoints="0" visitedBranchPoints="0" sequenceCoverage="85.71" branchCoverage="0" maxCyclomaticComplexity="3" minCyclomaticComplexity="3" maxCrapScore="3.03" minCrapScore="3.03" visitedClasses="0" numClasses="0" visitedMethods="1" numMethods="1" />
              <MetadataToken>100663484</MetadataToken>
              <Name>System.Void KitchenDesigner.Core.CreateCommand::Undo()</Name>
              <FileRef uid="9" />
              <SequencePoints>
                <SequencePoint vc="1" uspid="4495" ordinal="0" offset="0" sl="120" sc="9" el="120" ec="9" bec="0" bev="0" fileid="9" />
                <SequencePoint vc="1" uspid="4496" ordinal="0" offset="1" sl="121" sc="13" el="121" ec="13" bec="0" bev="0" fileid="9" />
                <SequencePoint vc="0" uspid="4497" ordinal="0" offset="17" sl="121" sc="35" el="121" ec="35" bec="0" bev="0" fileid="9" />
                <SequencePoint vc="1" uspid="4498" ordinal="0" offset="19" sl="122" sc="13" el="122" ec="13" bec="0" bev="0" fileid="9" />
                <SequencePoint vc="1" uspid="4499" ordinal="0" offset="32" sl="123" sc="13" el="123" ec="13" bec="0" bev="0" fileid="9" />
                <SequencePoint vc="1" uspid="4500" ordinal="0" offset="48" sl="124" sc="17" el="124" ec="17" bec="0" bev="0" fileid="9" />
                <SequencePoint vc="1" uspid="4501" ordinal="0" offset="60" sl="125" sc="9" el="125" ec="9" bec="0" bev="0" fileid="9" />
              </SequencePoints>
              <BranchPoints />
            </Method>
            <Method visited="true" cyclomaticComplexity="3" nPathComplexity="0" sequenceCoverage="100.0" branchCoverage="0" crapScore="3" isConstructor="true" isStatic="false" isGetter="false" isSetter="false">
              <Summary numSequencePoints="5" visitedSequencePoints="5" numBranchPoints="0" visitedBranchPoints="0" sequenceCoverage="100.0" branchCoverage="0" maxCyclomaticComplexity="3" minCyclomaticComplexity="3" maxCrapScore="3" minCrapScore="3" visitedClasses="0" numClasses="0" visitedMethods="1" numMethods="1" />
              <MetadataToken>100663482</MetadataToken>
              <Name>KitchenDesigner.Core.CreateCommand::CreateCommand(UnityEngine.GameObject)</Name>
              <FileRef uid="9" />
              <SequencePoints>
                <SequencePoint vc="1" uspid="4502" ordinal="0" offset="0" sl="105" sc="9" el="105" ec="9" bec="0" bev="0" fileid="9" />
                <SequencePoint vc="1" uspid="4503" ordinal="0" offset="7" sl="106" sc="9" el="106" ec="9" bec="0" bev="0" fileid="9" />
                <SequencePoint vc="1" uspid="4504" ordinal="0" offset="8" sl="107" sc="13" el="107" ec="13" bec="0" bev="0" fileid="9" />
                <SequencePoint vc="1" uspid="4505" ordinal="0" offset="15" sl="108" sc="13" el="108" ec="13" bec="0" bev="0" fileid="9" />
                <SequencePoint vc="1" uspid="4506" ordinal="0" offset="33" sl="109" sc="9" el="109" ec="9" bec="0" bev="0" fileid="9" />
              </SequencePoints>
              <BranchPoints />
            </Method>
          </Methods>
        </Class>
        <Class>
          <Summary numSequencePoints="22" visitedSequencePoints="20" numBranchPoints="0" visitedBranchPoints="0" sequenceCoverage="90.91" branchCoverage="0.0" maxCyclomaticComplexity="7" minCyclomaticComplexity="3" maxCrapScore="7" minCrapScore="3.02" visitedClasses="1" numClasses="1" visitedMethods="3" numMethods="3" />
          <FullName>KitchenDesigner.Core.DeleteCommand</FullName>
          <Methods>
            <Method visited="true" cyclomaticComplexity="3" nPathComplexity="0" sequenceCoverage="85.71" branchCoverage="0" crapScore="3.03" isConstructor="false" isStatic="false" isGetter="false" isSetter="false">
              <Summary numSequencePoints="7" visitedSequencePoints="6" numBranchPoints="0" visitedBranchPoints="0" sequenceCoverage="85.71" branchCoverage="0" maxCyclomaticComplexity="3" minCyclomaticComplexity="3" maxCrapScore="3.03" minCrapScore="3.03" visitedClasses="0" numClasses="0" visitedMethods="1" numMethods="1" />
              <MetadataToken>100663487</MetadataToken>
              <Name>System.Void KitchenDesigner.Core.DeleteCommand::Execute()</Name>
              <FileRef uid="9" />
              <SequencePoints>
                <SequencePoint vc="1" uspid="4508" ordinal="0" offset="0" sl="146" sc="9" el="146" ec="9" bec="0" bev="0" fileid="9" />
                <SequencePoint vc="1" uspid="4509" ordinal="0" offset="1" sl="147" sc="13" el="147" ec="13" bec="0" bev="0" fileid="9" />
                <SequencePoint vc="0" uspid="4510" ordinal="0" offset="17" sl="147" sc="35" el="147" ec="35" bec="0" bev="0" fileid="9" />
                <SequencePoint vc="1" uspid="4511" ordinal="0" offset="19" sl="148" sc="13" el="148" ec="13" bec="0" bev="0" fileid="9" />
                <SequencePoint vc="1" uspid="4512" ordinal="0" offset="32" sl="149" sc="13" el="149" ec="13" bec="0" bev="0" fileid="9" />
                <SequencePoint vc="1" uspid="4513" ordinal="0" offset="48" sl="150" sc="17" el="150" ec="17" bec="0" bev="0" fileid="9" />
                <SequencePoint vc="1" uspid="4514" ordinal="0" offset="60" sl="151" sc="9" el="151" ec="9" bec="0" bev="0" fileid="9" />
              </SequencePoints>
              <BranchPoints />
            </Method>
            <Method visited="true" cyclomaticComplexity="3" nPathComplexity="0" sequenceCoverage="87.50" branchCoverage="0" crapScore="3.02" isConstructor="false" isStatic="false" isGetter="false" isSetter="false">
              <Summary numSequencePoints="8" visitedSequencePoints="7" numBranchPoints="0" visitedBranchPoints="0" sequenceCoverage="87.50" branchCoverage="0" maxCyclomaticComplexity="3" minCyclomaticComplexity="3" maxCrapScore="3.02" minCrapScore="3.02" visitedClasses="0" numClasses="0" visitedMethods="1" numMethods="1" />
              <MetadataToken>100663488</MetadataToken>
              <Name>System.Void KitchenDesigner.Core.DeleteCommand::Undo()</Name>
              <FileRef uid="9" />
              <SequencePoints>
                <SequencePoint vc="1" uspid="4515" ordinal="0" offset="0" sl="154" sc="9" el="154" ec="9" bec="0" bev="0" fileid="9" />
                <SequencePoint vc="1" uspid="4516" ordinal="0" offset="1" sl="155" sc="13" el="155" ec="13" bec="0" bev="0" fileid="9" />
                <SequencePoint vc="0" uspid="4517" ordinal="0" offset="17" sl="155" sc="35" el="155" ec="35" bec="0" bev="0" fileid="9" />
                <SequencePoint vc="1" uspid="4518" ordinal="0" offset="19" sl="156" sc="13" el="156" ec="13" bec="0" bev="0" fileid="9" />
                <SequencePoint vc="1" uspid="4519" ordinal="0" offset="32" sl="157" sc="13" el="157" ec="13" bec="0" bev="0" fileid="9" />
                <SequencePoint vc="1" uspid="4520" ordinal="0" offset="48" sl="158" sc="17" el="158" ec="17" bec="0" bev="0" fileid="9" />
                <SequencePoint vc="1" uspid="4521" ordinal="0" offset="60" sl="159" sc="13" el="159" ec="13" bec="0" bev="0" fileid="9" />
                <SequencePoint vc="1" uspid="4522" ordinal="0" offset="83" sl="160" sc="9" el="160" ec="9" bec="0" bev="0" fileid="9" />
              </SequencePoints>
              <BranchPoints />
            </Method>
            <Method visited="true" cyclomaticComplexity="7" nPathComplexity="0" sequenceCoverage="100.0" branchCoverage="0" crapScore="7" isConstructor="true" isStatic="false" isGetter="false" isSetter="false">
              <Summary numSequencePoints="7" visitedSequencePoints="7" numBranchPoints="0" visitedBranchPoints="0" sequenceCoverage="100.0" branchCoverage="0" maxCyclomaticComplexity="7" minCyclomaticComplexity="7" maxCrapScore="7" minCrapScore="7" visitedClasses="0" numClasses="0" visitedMethods="1" numMethods="1" />
              <MetadataToken>100663486</MetadataToken>
              <Name>KitchenDesigner.Core.DeleteCommand::DeleteCommand(UnityEngine.GameObject)</Name>
              <FileRef uid="9" />
              <SequencePoints>
                <SequencePoint vc="1" uspid="4523" ordinal="0" offset="0" sl="137" sc="9" el="137" ec="9" bec="0" bev="0" fileid="9" />
                <SequencePoint vc="1" uspid="4524" ordinal="0" offset="7" sl="138" sc="9" el="138" ec="9" bec="0" bev="0" fileid="9" />
                <SequencePoint vc="1" uspid="4525" ordinal="0" offset="8" sl="139" sc="13" el="139" ec="13" bec="0" bev="0" fileid="9" />
                <SequencePoint vc="1" uspid="4526" ordinal="0" offset="15" sl="140" sc="13" el="140" ec="13" bec="0" bev="0" fileid="9" />
                <SequencePoint vc="1" uspid="4527" ordinal="0" offset="33" sl="141" sc="13" el="141" ec="13" bec="0" bev="0" fileid="9" />
                <SequencePoint vc="1" uspid="4528" ordinal="0" offset="56" sl="142" sc="13" el="142" ec="13" bec="0" bev="0" fileid="9" />
                <SequencePoint vc="1" uspid="4529" ordinal="0" offset="85" sl="143" sc="9" el="143" ec="9" bec="0" bev="0" fileid="9" />
              </SequencePoints>
              <BranchPoints />
            </Method>
          </Methods>
        </Class>
        <Class>
          <Summary numSequencePoints="24" visitedSequencePoints="22" numBranchPoints="0" visitedBranchPoints="0" sequenceCoverage="91.67" branchCoverage="0.0" maxCyclomaticComplexity="2" minCyclomaticComplexity="1" maxCrapScore="2.01" minCrapScore="1" visitedClasses="1" numClasses="1" visitedMethods="3" numMethods="3" />
          <FullName>KitchenDesigner.Core.ResizeCommand</FullName>
          <Methods>
            <Method visited="true" cyclomaticComplexity="2" nPathComplexity="0" sequenceCoverage="85.71" branchCoverage="0" crapScore="2.01" isConstructor="false" isStatic="false" isGetter="false" isSetter="false">
              <Summary numSequencePoints="7" visitedSequencePoints="6" numBranchPoints="0" visitedBranchPoints="0" sequenceCoverage="85.71" branchCoverage="0" maxCyclomaticComplexity="2" minCyclomaticComplexity="2" maxCrapScore="2.01" minCrapScore="2.01" visitedClasses="0" numClasses="0" visitedMethods="1" numMethods="1" />
              <MetadataToken>100663491</MetadataToken>
              <Name>System.Void KitchenDesigner.Core.ResizeCommand::Execute()</Name>
              <FileRef uid="9" />
              <SequencePoints>
                <SequencePoint vc="1" uspid="4531" ordinal="0" offset="0" sl="190" sc="9" el="190" ec="9" bec="0" bev="0" fileid="9" />
                <SequencePoint vc="1" uspid="4532" ordinal="0" offset="1" sl="191" sc="13" el="191" ec="13" bec="0" bev="0" fileid="9" />
                <SequencePoint vc="0" uspid="4533" ordinal="0" offset="17" sl="191" sc="35" el="191" ec="35" bec="0" bev="0" fileid="9" />
                <SequencePoint vc="1" uspid="4534" ordinal="0" offset="19" sl="192" sc="13" el="192" ec="13" bec="0" bev="0" fileid="9" />
                <SequencePoint vc="1" uspid="4535" ordinal="0" offset="37" sl="193" sc="13" el="193" ec="13" bec="0" bev="0" fileid="9" />
                <SequencePoint vc="1" uspid="4536" ordinal="0" offset="60" sl="194" sc="13" el="194" ec="13" bec="0" bev="0" fileid="9" />
                <SequencePoint vc="1" uspid="4537" ordinal="0" offset="83" sl="195" sc="9" el="195" ec="9" bec="0" bev="0" fileid="9" />
              </SequencePoints>
              <BranchPoints />
            </Method>
            <Method visited="true" cyclomaticComplexity="2" nPathComplexity="0" sequenceCoverage="85.71" branchCoverage="0" crapScore="2.01" isConstructor="false" isStatic="false" isGetter="false" isSetter="false">
              <Summary numSequencePoints="7" visitedSequencePoints="6" numBranchPoints="0" visitedBranchPoints="0" sequenceCoverage="85.71" branchCoverage="0" maxCyclomaticComplexity="2" minCyclomaticComplexity="2" maxCrapScore="2.01" minCrapScore="2.01" visitedClasses="0" numClasses="0" visitedMethods="1" numMethods="1" />
              <MetadataToken>100663492</MetadataToken>
              <Name>System.Void KitchenDesigner.Core.ResizeCommand::Undo()</Name>
              <FileRef uid="9" />
              <SequencePoints>
                <SequencePoint vc="1" uspid="4538" ordinal="0" offset="0" sl="198" sc="9" el="198" ec="9" bec="0" bev="0" fileid="9" />
                <SequencePoint vc="1" uspid="4539" ordinal="0" offset="1" sl="199" sc="13" el="199" ec="13" bec="0" bev="0" fileid="9" />
                <SequencePoint vc="0" uspid="4540" ordinal="0" offset="17" sl="199" sc="35" el="199" ec="35" bec="0" bev="0" fileid="9" />
                <SequencePoint vc="1" uspid="4541" ordinal="0" offset="19" sl="200" sc="13" el="200" ec="13" bec="0" bev="0" fileid="9" />
                <SequencePoint vc="1" uspid="4542" ordinal="0" offset="37" sl="201" sc="13" el="201" ec="13" bec="0" bev="0" fileid="9" />
                <SequencePoint vc="1" uspid="4543" ordinal="0" offset="60" sl="202" sc="13" el="202" ec="13" bec="0" bev="0" fileid="9" />
                <SequencePoint vc="1" uspid="4544" ordinal="0" offset="83" sl="203" sc="9" el="203" ec="9" bec="0" bev="0" fileid="9" />
              </SequencePoints>
              <BranchPoints />
            </Method>
            <Method visited="true" cyclomaticComplexity="1" nPathComplexity="0" sequenceCoverage="100.0" branchCoverage="0" crapScore="1" isConstructor="true" isStatic="false" isGetter="false" isSetter="false">
              <Summary numSequencePoints="10" visitedSequencePoints="10" numBranchPoints="0" visitedBranchPoints="0" sequenceCoverage="100.0" branchCoverage="0" maxCyclomaticComplexity="1" minCyclomaticComplexity="1" maxCrapScore="1" minCrapScore="1" visitedClasses="0" numClasses="0" visitedMethods="1" numMethods="1" />
              <MetadataToken>100663490</MetadataToken>
              <Name>KitchenDesigner.Core.ResizeCommand::ResizeCommand(KitchenDesigner.Core.KitchenElement, UnityEngine.Vector3Int, UnityEngine.Vector3Int, UnityEngine.Vector3, UnityEngine.Vector3, UnityEngine.Quaternion, UnityEngine.Quaternion)</Name>
              <FileRef uid="9" />
              <SequencePoints>
                <SequencePoint vc="1" uspid="4545" ordinal="0" offset="0" sl="175" sc="9" el="175" ec="9" bec="0" bev="0" fileid="9" />
                <SequencePoint vc="1" uspid="4546" ordinal="0" offset="7" sl="179" sc="9" el="179" ec="9" bec="0" bev="0" fileid="9" />
                <SequencePoint vc="1" uspid="4547" ordinal="0" offset="8" sl="180" sc="13" el="180" ec="13" bec="0" bev="0" fileid="9" />
                <SequencePoint vc="1" uspid="4548" ordinal="0" offset="15" sl="181" sc="13" el="181" ec="13" bec="0" bev="0" fileid="9" />
                <SequencePoint vc="1" uspid="4549" ordinal="0" offset="22" sl="182" sc="13" el="182" ec="13" bec="0" bev="0" fileid="9" />
                <SequencePoint vc="1" uspid="4550" ordinal="0" offset="29" sl="183" sc="13" el="183" ec="13" bec="0" bev="0" fileid="9" />
                <SequencePoint vc="1" uspid="4551" ordinal="0" offset="37" sl="184" sc="13" el="184" ec="13" bec="0" bev="0" fileid="9" />
                <SequencePoint vc="1" uspid="4552" ordinal="0" offset="45" sl="185" sc="13" el="185" ec="13" bec="0" bev="0" fileid="9" />
                <SequencePoint vc="1" uspid="4553" ordinal="0" offset="53" sl="186" sc="13" el="186" ec="13" bec="0" bev="0" fileid="9" />
                <SequencePoint vc="1" uspid="4554" ordinal="0" offset="61" sl="187" sc="9" el="187" ec="9" bec="0" bev="0" fileid="9" />
              </SequencePoints>
              <BranchPoints />
            </Method>
          </Methods>
        </Class>
        <Class>
          <Summary numSequencePoints="17" visitedSequencePoints="17" numBranchPoints="0" visitedBranchPoints="0" sequenceCoverage="100.0" branchCoverage="0.0" maxCyclomaticComplexity="2" minCyclomaticComplexity="1" maxCrapScore="2" minCrapScore="1" visitedClasses="1" numClasses="1" visitedMethods="3" numMethods="3" />
          <FullName>KitchenDesigner.Core.CompositeCommand</FullName>
          <Methods>
            <Method visited="true" cyclomaticComplexity="2" nPathComplexity="0" sequenceCoverage="100.0" branchCoverage="0" crapScore="2" isConstructor="false" isStatic="false" isGetter="false" isSetter="false">
              <Summary numSequencePoints="6" visitedSequencePoints="6" numBranchPoints="0" visitedBranchPoints="0" sequenceCoverage="100.0" branchCoverage="0" maxCyclomaticComplexity="2" minCyclomaticComplexity="2" maxCrapScore="2" minCrapScore="2" visitedClasses="0" numClasses="0" visitedMethods="1" numMethods="1" />
              <MetadataToken>100663495</MetadataToken>
              <Name>System.Void KitchenDesigner.Core.CompositeCommand::Execute()</Name>
              <FileRef uid="9" />
              <SequencePoints>
                <SequencePoint vc="2" uspid="4556" ordinal="0" offset="0" sl="219" sc="9" el="219" ec="9" bec="0" bev="0" fileid="9" />
                <SequencePoint vc="2" uspid="4557" ordinal="0" offset="1" sl="220" sc="18" el="220" ec="18" bec="0" bev="0" fileid="9" />
                <SequencePoint vc="4" uspid="4558" ordinal="0" offset="5" sl="220" sc="55" el="220" ec="55" bec="0" bev="0" fileid="9" />
                <SequencePoint vc="4" uspid="4559" ordinal="0" offset="23" sl="220" sc="50" el="220" ec="50" bec="0" bev="0" fileid="9" />
                <SequencePoint vc="6" uspid="4560" ordinal="0" offset="27" sl="220" sc="29" el="220" ec="29" bec="0" bev="0" fileid="9" />
                <SequencePoint vc="2" uspid="4561" ordinal="0" offset="45" sl="221" sc="9" el="221" ec="9" bec="0" bev="0" fileid="9" />
              </SequencePoints>
              <BranchPoints />
            </Method>
            <Method visited="true" cyclomaticComplexity="2" nPathComplexity="0" sequenceCoverage="100.0" branchCoverage="0" crapScore="2" isConstructor="false" isStatic="false" isGetter="false" isSetter="false">
              <Summary numSequencePoints="6" visitedSequencePoints="6" numBranchPoints="0" visitedBranchPoints="0" sequenceCoverage="100.0" branchCoverage="0" maxCyclomaticComplexity="2" minCyclomaticComplexity="2" maxCrapScore="2" minCrapScore="2" visitedClasses="0" numClasses="0" visitedMethods="1" numMethods="1" />
              <MetadataToken>100663496</MetadataToken>
              <Name>System.Void KitchenDesigner.Core.CompositeCommand::Undo()</Name>
              <FileRef uid="9" />
              <SequencePoints>
                <SequencePoint vc="2" uspid="4562" ordinal="0" offset="0" sl="224" sc="9" el="224" ec="9" bec="0" bev="0" fileid="9" />
                <SequencePoint vc="2" uspid="4563" ordinal="0" offset="1" sl="225" sc="18" el="225" ec="18" bec="0" bev="0" fileid="9" />
                <SequencePoint vc="4" uspid="4564" ordinal="0" offset="17" sl="225" sc="60" el="225" ec="60" bec="0" bev="0" fileid="9" />
                <SequencePoint vc="4" uspid="4565" ordinal="0" offset="35" sl="225" sc="55" el="225" ec="55" bec="0" bev="0" fileid="9" />
                <SequencePoint vc="6" uspid="4566" ordinal="0" offset="39" sl="225" sc="47" el="225" ec="47" bec="0" bev="0" fileid="9" />
                <SequencePoint vc="2" uspid="4567" ordinal="0" offset="50" sl="226" sc="9" el="226" ec="9" bec="0" bev="0" fileid="9" />
              </SequencePoints>
              <BranchPoints />
            </Method>
            <Method visited="true" cyclomaticComplexity="1" nPathComplexity="0" sequenceCoverage="100.0" branchCoverage="0" crapScore="1" isConstructor="true" isStatic="false" isGetter="false" isSetter="false">
              <Summary numSequencePoints="5" visitedSequencePoints="5" numBranchPoints="0" visitedBranchPoints="0" sequenceCoverage="100.0" branchCoverage="0" maxCyclomaticComplexity="1" minCyclomaticComplexity="1" maxCrapScore="1" minCrapScore="1" visitedClasses="0" numClasses="0" visitedMethods="1" numMethods="1" />
              <MetadataToken>100663494</MetadataToken>
              <Name>KitchenDesigner.Core.CompositeCommand::CompositeCommand(System.String, System.Collections.Generic.List[IUndoCommand])</Name>
              <FileRef uid="9" />
              <SequencePoints>
                <SequencePoint vc="2" uspid="4568" ordinal="0" offset="0" sl="212" sc="9" el="212" ec="9" bec="0" bev="0" fileid="9" />
                <SequencePoint vc="2" uspid="4569" ordinal="0" offset="7" sl="213" sc="9" el="213" ec="9" bec="0" bev="0" fileid="9" />
                <SequencePoint vc="2" uspid="4570" ordinal="0" offset="8" sl="214" sc="13" el="214" ec="13" bec="0" bev="0" fileid="9" />
                <SequencePoint vc="2" uspid="4571" ordinal="0" offset="15" sl="215" sc="13" el="215" ec="13" bec="0" bev="0" fileid="9" />
                <SequencePoint vc="2" uspid="4572" ordinal="0" offset="22" sl="216" sc="9" el="216" ec="9" bec="0" bev="0" fileid="9" />
              </SequencePoints>
              <BranchPoints />
            </Method>
          </Methods>
        </Class>
        <Class>
          <Summary numSequencePoints="3" visitedSequencePoints="3" numBranchPoints="0" visitedBranchPoints="0" sequenceCoverage="100.0" branchCoverage="0.0" maxCyclomaticComplexity="1" minCyclomaticComplexity="1" maxCrapScore="1" minCrapScore="1" visitedClasses="1" numClasses="1" visitedMethods="1" numMethods="1" />
          <FullName>KitchenDesigner.Core.ValidationResult</FullName>
          <Methods>
[...]
                <SequencePoint vc="1" uspid="6393" ordinal="0" offset="7" sl="19" sc="17" el="19" ec="17" bec="0" bev="0" fileid="31" />
                <SequencePoint vc="1" uspid="6394" ordinal="0" offset="20" sl="20" sc="17" el="20" ec="17" bec="0" bev="0" fileid="31" />
                <SequencePoint vc="1" uspid="6395" ordinal="0" offset="21" sl="21" sc="21" el="21" ec="21" bec="0" bev="0" fileid="31" />
                <SequencePoint vc="1" uspid="6396" ordinal="0" offset="43" sl="22" sc="21" el="22" ec="21" bec="0" bev="0" fileid="31" />
                <SequencePoint vc="1" uspid="6397" ordinal="0" offset="65" sl="23" sc="21" el="23" ec="21" bec="0" bev="0" fileid="31" />
                <SequencePoint vc="1" uspid="6398" ordinal="0" offset="72" sl="24" sc="17" el="24" ec="17" bec="0" bev="0" fileid="31" />
                <SequencePoint vc="1" uspid="6399" ordinal="0" offset="73" sl="25" sc="17" el="25" ec="17" bec="0" bev="0" fileid="31" />
                <SequencePoint vc="1" uspid="6400" ordinal="0" offset="81" sl="26" sc="13" el="26" ec="13" bec="0" bev="0" fileid="31" />
                <SequencePoint vc="1" uspid="6401" ordinal="0" offset="84" sl="27" sc="18" el="27" ec="18" bec="0" bev="0" fileid="31" />
                <SequencePoint vc="1" uspid="6402" ordinal="0" offset="94" sl="28" sc="13" el="28" ec="13" bec="0" bev="0" fileid="31" />
                <SequencePoint vc="1" uspid="6403" ordinal="0" offset="95" sl="29" sc="17" el="29" ec="17" bec="0" bev="0" fileid="31" />
                <SequencePoint vc="1" uspid="6404" ordinal="0" offset="107" sl="29" sc="48" el="29" ec="48" bec="0" bev="0" fileid="31" />
                <SequencePoint vc="1" uspid="6405" ordinal="0" offset="120" sl="29" sc="68" el="29" ec="68" bec="0" bev="0" fileid="31" />
                <SequencePoint vc="1" uspid="6406" ordinal="0" offset="133" sl="30" sc="17" el="30" ec="17" bec="0" bev="0" fileid="31" />
                <SequencePoint vc="1" uspid="6407" ordinal="0" offset="146" sl="30" sc="45" el="30" ec="45" bec="0" bev="0" fileid="31" />
                <SequencePoint vc="1" uspid="6408" ordinal="0" offset="159" sl="30" sc="62" el="30" ec="62" bec="0" bev="0" fileid="31" />
                <SequencePoint vc="1" uspid="6409" ordinal="0" offset="173" sl="31" sc="17" el="31" ec="17" bec="0" bev="0" fileid="31" />
                <SequencePoint vc="1" uspid="6410" ordinal="0" offset="180" sl="32" sc="13" el="32" ec="13" bec="0" bev="0" fileid="31" />
                <SequencePoint vc="2" uspid="6411" ordinal="0" offset="181" sl="33" sc="9" el="33" ec="9" bec="0" bev="0" fileid="31" />
              </SequencePoints>
              <BranchPoints />
            </Method>
            <Method visited="true" cyclomaticComplexity="1" nPathComplexity="0" sequenceCoverage="100.0" branchCoverage="0" crapScore="1" isConstructor="false" isStatic="false" isGetter="false" isSetter="false">
              <Summary numSequencePoints="1" visitedSequencePoints="1" numBranchPoints="0" visitedBranchPoints="0" sequenceCoverage="100.0" branchCoverage="0" maxCyclomaticComplexity="1" minCyclomaticComplexity="1" maxCrapScore="1" minCrapScore="1" visitedClasses="0" numClasses="0" visitedMethods="1" numMethods="1" />
              <MetadataToken>100663699</MetadataToken>
              <Name>System.Void KitchenDesigner.Core.Wall::RestoreFull()</Name>
              <FileRef uid="31" />
              <SequencePoints>
                <SequencePoint vc="1" uspid="6412" ordinal="0" offset="0" sl="35" sc="38" el="35" ec="38" bec="0" bev="0" fileid="31" />
              </SequencePoints>
              <BranchPoints />
            </Method>
            <Method visited="true" cyclomaticComplexity="1" nPathComplexity="0" sequenceCoverage="100.0" branchCoverage="0" crapScore="1" isConstructor="false" isStatic="false" isGetter="false" isSetter="false">
              <Summary numSequencePoints="9" visitedSequencePoints="9" numBranchPoints="0" visitedBranchPoints="0" sequenceCoverage="100.0" branchCoverage="0" maxCyclomaticComplexity="1" minCyclomaticComplexity="1" maxCrapScore="1" minCrapScore="1" visitedClasses="0" numClasses="0" visitedMethods="1" numMethods="1" />
              <MetadataToken>100663700</MetadataToken>
              <Name>System.Void KitchenDesigner.Core.Wall::ApplyLowered(System.Single)</Name>
              <FileRef uid="31" />
              <SequencePoints>
                <SequencePoint vc="1" uspid="6413" ordinal="0" offset="0" sl="38" sc="9" el="38" ec="9" bec="0" bev="0" fileid="31" />
                <SequencePoint vc="1" uspid="6414" ordinal="0" offset="1" sl="39" sc="13" el="39" ec="13" bec="0" bev="0" fileid="31" />
                <SequencePoint vc="1" uspid="6415" ordinal="0" offset="21" sl="40" sc="13" el="40" ec="13" bec="0" bev="0" fileid="31" />
                <SequencePoint vc="1" uspid="6416" ordinal="0" offset="33" sl="40" sc="44" el="40" ec="44" bec="0" bev="0" fileid="31" />
                <SequencePoint vc="1" uspid="6417" ordinal="0" offset="41" sl="40" sc="71" el="40" ec="71" bec="0" bev="0" fileid="31" />
                <SequencePoint vc="1" uspid="6418" ordinal="0" offset="54" sl="41" sc="13" el="41" ec="13" bec="0" bev="0" fileid="31" />
                <SequencePoint vc="1" uspid="6419" ordinal="0" offset="66" sl="41" sc="41" el="41" ec="41" bec="0" bev="0" fileid="31" />
                <SequencePoint vc="1" uspid="6420" ordinal="0" offset="82" sl="41" sc="82" el="41" ec="82" bec="0" bev="0" fileid="31" />
                <SequencePoint vc="1" uspid="6421" ordinal="0" offset="95" sl="42" sc="9" el="42" ec="9" bec="0" bev="0" fileid="31" />
              </SequencePoints>
              <BranchPoints />
            </Method>
          </Methods>
        </Class>
        <Class>
          <Summary numSequencePoints="9" visitedSequencePoints="8" numBranchPoints="0" visitedBranchPoints="0" sequenceCoverage="88.89" branchCoverage="0.0" maxCyclomaticComplexity="3" minCyclomaticComplexity="3" maxCrapScore="3.01" minCrapScore="3.01" visitedClasses="1" numClasses="1" visitedMethods="1" numMethods="1" />
          <FullName>KitchenDesigner.Core.WallCutaway</FullName>
          <Methods>
            <Method visited="true" cyclomaticComplexity="3" nPathComplexity="0" sequenceCoverage="88.89" branchCoverage="0" crapScore="3.01" isConstructor="false" isStatic="true" isGetter="false" isSetter="false">
              <Summary numSequencePoints="9" visitedSequencePoints="8" numBranchPoints="0" visitedBranchPoints="0" sequenceCoverage="88.89" branchCoverage="0" maxCyclomaticComplexity="3" minCyclomaticComplexity="3" maxCrapScore="3.01" minCrapScore="3.01" visitedClasses="0" numClasses="0" visitedMethods="1" numMethods="1" />
              <MetadataToken>100663702</MetadataToken>
              <Name>static System.Boolean KitchenDesigner.Core.WallCutaway::ShouldLower(UnityEngine.Vector3, UnityEngine.Vector3, UnityEngine.Vector3)</Name>
              <FileRef uid="32" />
              <SequencePoints>
                <SequencePoint vc="4" uspid="6422" ordinal="0" offset="0" sl="13" sc="9" el="13" ec="9" bec="0" bev="0" fileid="32" />
                <SequencePoint vc="4" uspid="6423" ordinal="0" offset="1" sl="14" sc="13" el="14" ec="13" bec="0" bev="0" fileid="32" />
                <SequencePoint vc="4" uspid="6424" ordinal="0" offset="9" sl="15" sc="13" el="15" ec="13" bec="0" bev="0" fileid="32" />
                <SequencePoint vc="4" uspid="6425" ordinal="0" offset="21" sl="16" sc="13" el="16" ec="13" bec="0" bev="0" fileid="32" />
                <SequencePoint vc="4" uspid="6426" ordinal="0" offset="23" sl="17" sc="13" el="17" ec="13" bec="0" bev="0" fileid="32" />
                <SequencePoint vc="4" uspid="6427" ordinal="0" offset="35" sl="19" sc="13" el="19" ec="13" bec="0" bev="0" fileid="32" />
                <SequencePoint vc="0" uspid="6428" ordinal="0" offset="70" sl="20" sc="17" el="20" ec="17" bec="0" bev="0" fileid="32" />
                <SequencePoint vc="4" uspid="6429" ordinal="0" offset="74" sl="23" sc="13" el="23" ec="13" bec="0" bev="0" fileid="32" />
                <SequencePoint vc="4" uspid="6430" ordinal="0" offset="103" sl="24" sc="9" el="24" ec="9" bec="0" bev="0" fileid="32" />
              </SequencePoints>
              <BranchPoints />
            </Method>
          </Methods>
        </Class>
        <Class>
          <Summary numSequencePoints="13" visitedSequencePoints="13" numBranchPoints="0" visitedBranchPoints="0" sequenceCoverage="100.0" branchCoverage="0.0" maxCyclomaticComplexity="2" minCyclomaticComplexity="1" maxCrapScore="2" minCrapScore="1" visitedClasses="1" numClasses="1" visitedMethods="3" numMethods="3" />
          <FullName>KitchenDesigner.Core.UI.SidebarCatalog</FullName>
          <Methods>
            <Method visited="true" cyclomaticComplexity="1" nPathComplexity="0" sequenceCoverage="100.0" branchCoverage="0" crapScore="1" isConstructor="false" isStatic="true" isGetter="false" isSetter="false">
              <Summary numSequencePoints="3" visitedSequencePoints="3" numBranchPoints="0" visitedBranchPoints="0" sequenceCoverage="100.0" branchCoverage="0" maxCyclomaticComplexity="1" minCyclomaticComplexity="1" maxCrapScore="1" minCrapScore="1" visitedClasses="0" numClasses="0" visitedMethods="1" numMethods="1" />
              <MetadataToken>100663774</MetadataToken>
              <Name>static System.Collections.Generic.List[Group] KitchenDesigner.Core.UI.SidebarCatalog::Build()</Name>
              <FileRef uid="39" />
              <SequencePoints>
                <SequencePoint vc="4" uspid="6964" ordinal="0" offset="0" sl="39" sc="9" el="39" ec="9" bec="0" bev="0" fileid="39" />
                <SequencePoint vc="4" uspid="6965" ordinal="0" offset="1" sl="40" sc="13" el="40" ec="13" bec="0" bev="0" fileid="39" />
                <SequencePoint vc="4" uspid="6966" ordinal="0" offset="182" sl="55" sc="9" el="55" ec="9" bec="0" bev="0" fileid="39" />
              </SequencePoints>
              <BranchPoints />
            </Method>
            <Method visited="true" cyclomaticComplexity="2" nPathComplexity="0" sequenceCoverage="100.0" branchCoverage="0" crapScore="2" isConstructor="false" isStatic="true" isGetter="false" isSetter="false">
              <Summary numSequencePoints="9" visitedSequencePoints="9" numBranchPoints="0" visitedBranchPoints="0" sequenceCoverage="100.0" branchCoverage="0" maxCyclomaticComplexity="2" minCyclomaticComplexity="2" maxCrapScore="2" minCrapScore="2" visitedClasses="0" numClasses="0" visitedMethods="1" numMethods="1" />
              <MetadataToken>100663775</MetadataToken>
              <Name>static KitchenDesigner.Core.UI.SidebarCatalog/Group KitchenDesigner.Core.UI.SidebarCatalog::ThicknessGroup(System.String, System.String, System.Int32)</Name>
              <FileRef uid="39" />
              <SequencePoints>
                <SequencePoint vc="8" uspid="6967" ordinal="0" offset="0" sl="58" sc="9" el="58" ec="9" bec="0" bev="0" fileid="39" />
                <SequencePoint vc="8" uspid="6968" ordinal="0" offset="1" sl="59" sc="13" el="59" ec="13" bec="0" bev="0" fileid="39" />
                <SequencePoint vc="8" uspid="6969" ordinal="0" offset="7" sl="60" sc="13" el="60" ec="13" bec="0" bev="0" fileid="39" />
                <SequencePoint vc="8" uspid="6970" ordinal="0" offset="8" sl="60" sc="31" el="60" ec="31" bec="0" bev="0" fileid="39" />
                <SequencePoint vc="40" uspid="6971" ordinal="0" offset="18" sl="60" sc="22" el="60" ec="22" bec="0" bev="0" fileid="39" />
                <SequencePoint vc="40" uspid="6972" ordinal="0" offset="26" sl="61" sc="17" el="61" ec="17" bec="0" bev="0" fileid="39" />
                <SequencePoint vc="48" uspid="6973" ordinal="0" offset="97" sl="60" sc="28" el="60" ec="28" bec="0" bev="0" fileid="39" />
                <SequencePoint vc="8" uspid="6974" ordinal="0" offset="103" sl="62" sc="13" el="62" ec="13" bec="0" bev="0" fileid="39" />
                <SequencePoint vc="8" uspid="6975" ordinal="0" offset="141" sl="63" sc="9" el="63" ec="9" bec="0" bev="0" fileid="39" />
              </SequencePoints>
              <BranchPoints />
            </Method>
            <Method visited="true" cyclomaticComplexity="1" nPathComplexity="0" sequenceCoverage="100.0" branchCoverage="0" crapScore="1" isConstructor="true" isStatic="true" isGetter="false" isSetter="false">
              <Summary numSequencePoints="1" visitedSequencePoints="1" numBranchPoints="0" visitedBranchPoints="0" sequenceCoverage="100.0" branchCoverage="0" maxCyclomaticComplexity="1" minCyclomaticComplexity="1" maxCrapScore="1" minCrapScore="1" visitedClasses="0" numClasses="0" visitedMethods="1" numMethods="1" />
              <MetadataToken>100663776</MetadataToken>
              <Name>static KitchenDesigner.Core.UI.SidebarCatalog::SidebarCatalog()</Name>
              <FileRef uid="39" />
              <SequencePoints>
                <SequencePoint vc="1" uspid="6976" ordinal="0" offset="0" sl="29" sc="9" el="29" ec="9" bec="0" bev="0" fileid="39" />
              </SequencePoints>
              <BranchPoints />
            </Method>
          </Methods>
        </Class>
        <Class>
          <Summary numSequencePoints="5" visitedSequencePoints="5" numBranchPoints="0" visitedBranchPoints="0" sequenceCoverage="100.0" branchCoverage="0.0" maxCyclomaticComplexity="1" minCyclomaticComplexity="1" maxCrapScore="1" minCrapScore="1" visitedClasses="1" numClasses="1" visitedMethods="1" numMethods="1" />
          <FullName>KitchenDesigner.Core.AlignDistributeTool/&lt;&gt;c__DisplayClass1_0</FullName>
          <Methods>
            <Method visited="true" cyclomaticComplexity="1" nPathComplexity="0" sequenceCoverage="100.0" branchCoverage="0" crapScore="1" isConstructor="false" isStatic="false" isGetter="false" isSetter="false">
              <Summary numSequencePoints="5" visitedSequencePoints="5" numBranchPoints="0" visitedBranchPoints="0" sequenceCoverage="100.0" branchCoverage="0" maxCyclomaticComplexity="1" minCyclomaticComplexity="1" maxCrapScore="1" minCrapScore="1" visitedClasses="0" numClasses="0" visitedMethods="1" numMethods="1" />
              <MetadataToken>100663930</MetadataToken>
              <Name>System.Int32 KitchenDesigner.Core.AlignDistributeTool/&lt;&gt;c__DisplayClass1_0::&lt;Distribute&gt;b__0(KitchenDesigner.Core.KitchenElement, KitchenDesigner.Core.KitchenElement)</Name>
              <FileRef uid="2" />
              <SequencePoints>
                <SequencePoint vc="3" uspid="8130" ordinal="0" offset="0" sl="47" sc="13" el="47" ec="13" bec="0" bev="0" fileid="2" />
                <SequencePoint vc="3" uspid="8131" ordinal="0" offset="1" sl="48" sc="17" el="48" ec="17" bec="0" bev="0" fileid="2" />
                <SequencePoint vc="3" uspid="8132" ordinal="0" offset="24" sl="49" sc="17" el="49" ec="17" bec="0" bev="0" fileid="2" />
                <SequencePoint vc="3" uspid="8133" ordinal="0" offset="47" sl="50" sc="17" el="50" ec="17" bec="0" bev="0" fileid="2" />
                <SequencePoint vc="3" uspid="8134" ordinal="0" offset="58" sl="51" sc="13" el="51" ec="13" bec="0" bev="0" fileid="2" />
              </SequencePoints>
              <BranchPoints />
            </Method>
          </Methods>
        </Class>
        <Class>
          <Summary numSequencePoints="7" visitedSequencePoints="7" numBranchPoints="0" visitedBranchPoints="0" sequenceCoverage="100.0" branchCoverage="0.0" maxCyclomaticComplexity="1" minCyclomaticComplexity="1" maxCrapScore="1" minCrapScore="1" visitedClasses="1" numClasses="1" visitedMethods="1" numMethods="1" />
          <FullName>KitchenDesigner.Core.KitchenElement/Face</FullName>
          <Methods>
            <Method visited="true" cyclomaticComplexity="1" nPathComplexity="0" sequenceCoverage="100.0" branchCoverage="0" crapScore="1" isConstructor="true" isStatic="false" isGetter="false" isSetter="false">
              <Summary numSequencePoints="7" visitedSequencePoints="7" numBranchPoints="0" visitedBranchPoints="0" sequenceCoverage="100.0" branchCoverage="0" maxCyclomaticComplexity="1" minCyclomaticComplexity="1" maxCrapScore="1" minCrapScore="1" visitedClasses="0" numClasses="0" visitedMethods="1" numMethods="1" />
              <MetadataToken>100663937</MetadataToken>
              <Name>KitchenDesigner.Core.KitchenElement/Face::Face(UnityEngine.Vector3, UnityEngine.Vector3, UnityEngine.Vector2, UnityEngine.Vector3, UnityEngine.Vector3)</Name>
              <FileRef uid="21" />
              <SequencePoints>
                <SequencePoint vc="84516" uspid="8154" ordinal="0" offset="0" sl="59" sc="13" el="59" ec="13" bec="0" bev="0" fileid="21" />
                <SequencePoint vc="84516" uspid="8155" ordinal="0" offset="1" sl="60" sc="17" el="60" ec="17" bec="0" bev="0" fileid="21" />
                <SequencePoint vc="84516" uspid="8156" ordinal="0" offset="8" sl="61" sc="17" el="61" ec="17" bec="0" bev="0" fileid="21" />
                <SequencePoint vc="84516" uspid="8157" ordinal="0" offset="15" sl="62" sc="17" el="62" ec="17" bec="0" bev="0" fileid="21" />
                <SequencePoint vc="84516" uspid="8158" ordinal="0" offset="22" sl="63" sc="17" el="63" ec="17" bec="0" bev="0" fileid="21" />
                <SequencePoint vc="84516" uspid="8159" ordinal="0" offset="30" sl="64" sc="17" el="64" ec="17" bec="0" bev="0" fileid="21" />
                <SequencePoint vc="84516" uspid="8160" ordinal="0" offset="38" sl="65" sc="13" el="65" ec="13" bec="0" bev="0" fileid="21" />
              </SequencePoints>
              <BranchPoints />
            </Method>
          </Methods>
        </Class>
        <Class>
          <Summary numSequencePoints="5" visitedSequencePoints="5" numBranchPoints="0" visitedBranchPoints="0" sequenceCoverage="100.0" branchCoverage="0.0" maxCyclomaticComplexity="1" minCyclomaticComplexity="1" maxCrapScore="1" minCrapScore="1" visitedClasses="1" numClasses="1" visitedMethods="1" numMethods="1" />
          <FullName>KitchenDesigner.Core.UI.SidebarCatalog/Item</FullName>
          <Methods>
            <Method visited="true" cyclomaticComplexity="1" nPathComplexity="0" sequenceCoverage="100.0" branchCoverage="0" crapScore="1" isConstructor="true" isStatic="false" isGetter="false" isSetter="false">
              <Summary numSequencePoints="5" visitedSequencePoints="5" numBranchPoints="0" visitedBranchPoints="0" sequenceCoverage="100.0" branchCoverage="0" maxCyclomaticComplexity="1" minCyclomaticComplexity="1" maxCrapScore="1" minCrapScore="1" visitedClasses="0" numClasses="0" visitedMethods="1" numMethods="1" />
              <MetadataToken>100663952</MetadataToken>
              <Name>KitchenDesigner.Core.UI.SidebarCatalog/Item::Item(System.String, UnityEngine.Vector3Int, System.Boolean)</Name>
              <FileRef uid="39" />
              <SequencePoints>
                <SequencePoint vc="48" uspid="8223" ordinal="0" offset="0" sl="16" sc="13" el="16" ec="13" bec="0" bev="0" fileid="39" />
                <SequencePoint vc="48" uspid="8224" ordinal="0" offset="1" sl="17" sc="17" el="17" ec="17" bec="0" bev="0" fileid="39" />
                <SequencePoint vc="48" uspid="8225" ordinal="0" offset="8" sl="17" sc="35" el="17" ec="35" bec="0" bev="0" fileid="39" />
                <SequencePoint vc="48" uspid="8226" ordinal="0" offset="15" sl="17" sc="53" el="17" ec="53" bec="0" bev="0" fileid="39" />
                <SequencePoint vc="48" uspid="8227" ordinal="0" offset="22" sl="18" sc="13" el="18" ec="13" bec="0" bev="0" fileid="39" />
              </SequencePoints>
              <BranchPoints />
            </Method>
          </Methods>
        </Class>
      </Classes>
    </Module>
  </Modules>
</CoverageSession>